#
# There is insufficient memory for the Java Runtime Environment to continue.
# Native memory allocation (malloc) failed to allocate 600976 bytes for Chunk::new
# Possible reasons:
#   The system is out of physical RAM or swap space
#   The process is running with CompressedOops enabled, and the Java Heap may be blocking the growth of the native heap
# Possible solutions:
#   Reduce memory load on the system
#   Increase physical memory or swap space
#   Check if swap backing store is full
#   Decrease Java heap size (-Xmx/-Xms)
#   Decrease number of Java threads
#   Decrease Java thread stack sizes (-Xss)
#   Set larger code cache with -XX:ReservedCodeCacheSize=
#   JVM is running with Unscaled Compressed Oops mode in which the Java heap is
#     placed in the first 4GB address space. The Java Heap base address is the
#     maximum limit for the native heap growth. Please use -XX:HeapBaseMinAddress
#     to set the Java Heap base and to place the Java Heap above 4GB virtual address.
# This output file may be truncated or incomplete.
#
#  Out of Memory Error (./src/hotspot/share/memory/arena.cpp:197), pid=3780, tid=20148
#
# JRE version: OpenJDK Runtime Environment (11.0.8+10) (build 11.0.8+10-b944.6842174)
# Java VM: OpenJDK 64-Bit Server VM (11.0.8+10-b944.6842174, mixed mode, tiered, compressed oops, g1 gc, windows-amd64)
# No core dump will be written. Minidumps are not enabled by default on client versions of Windows
#

---------------  S U M M A R Y ------------

Command Line: --add-opens=java.base/java.util=ALL-UNNAMED --add-opens=java.base/java.lang=ALL-UNNAMED --add-opens=java.base/java.lang.invoke=ALL-UNNAMED --add-opens=java.prefs/java.util.prefs=ALL-UNNAMED -Xmx1536m -Dfile.encoding=windows-1252 -Duser.country=US -Duser.language=en -Duser.variant org.gradle.launcher.daemon.bootstrap.GradleDaemon 6.7.1

Host: Intel(R) Core(TM) i3-8130U CPU @ 2.20GHz, 4 cores, 11G,  Windows 10 , 64 bit Build 22000 (10.0.22000.120)
Time: Wed Sep 15 13:07:54 2021 Sri Lanka Standard Time elapsed time: 506 seconds (0d 0h 8m 26s)

---------------  T H R E A D  ---------------

Current thread (0x0000023c54393800):  JavaThread "C2 CompilerThread1" daemon [_thread_in_native, id=20148, stack(0x00000080c0400000,0x00000080c0500000)]


Current CompileTask:
C2: 506586 12183       4       java.util.zip.ZipFile$Source::initCEN (658 bytes)

Stack: [0x00000080c0400000,0x00000080c0500000]
Native frames: (J=compiled Java code, j=interpreted, Vv=VM code, C=native code)
V  [jvm.dll+0x5de50a]
V  [jvm.dll+0x7122f5]
V  [jvm.dll+0x71384d]
V  [jvm.dll+0x713f03]
V  [jvm.dll+0x23e728]
V  [jvm.dll+0xb899c]
V  [jvm.dll+0xb8e9c]
V  [jvm.dll+0x35024d]
V  [jvm.dll+0x31dea3]
V  [jvm.dll+0x31d39a]
V  [jvm.dll+0x1f7702]
V  [jvm.dll+0x1f68d4]
V  [jvm.dll+0x17f32c]
V  [jvm.dll+0x205047]
V  [jvm.dll+0x203891]
V  [jvm.dll+0x6dad3f]
V  [jvm.dll+0x6d3895]
V  [jvm.dll+0x5dd4a6]
C  [ucrtbase.dll+0x26c0c]
C  [KERNEL32.DLL+0x154e0]
C  [ntdll.dll+0x485b]


---------------  P R O C E S S  ---------------

Threads class SMR info:
_java_thread_list=0x0000023c54882e00, length=52, elements={
0x0000023c3556d800, 0x0000023c4dcfd800, 0x0000023c4dcfe000, 0x0000023c4e56b800,
0x0000023c4e56c800, 0x0000023c4e56d800, 0x0000023c4e571000, 0x0000023c4dd0e000,
0x0000023c4e6d1800, 0x0000023c4e6f6800, 0x0000023c50683000, 0x0000023c4f410000,
0x0000023c504e9800, 0x0000023c50ace000, 0x0000023c50acf800, 0x0000023c50ace800,
0x0000023c50ad2800, 0x0000023c53475800, 0x0000023c52df2000, 0x0000023c52dec800,
0x0000023c52dee000, 0x0000023c52dea000, 0x0000023c52df0800, 0x0000023c52def000,
0x0000023c52df0000, 0x0000023c52ded800, 0x0000023c52deb800, 0x0000023c52deb000,
0x0000023c52df3000, 0x0000023c52df5800, 0x0000023c52df6800, 0x0000023c52df4000,
0x0000023c52df4800, 0x0000023c52df7000, 0x0000023c52df1800, 0x0000023c52df8000,
0x0000023c52df9000, 0x0000023c53474800, 0x0000023c53476000, 0x0000023c53470800,
0x0000023c53471000, 0x0000023c53477000, 0x0000023c53472000, 0x0000023c53478000,
0x0000023c53478800, 0x0000023c53479800, 0x0000023c53473800, 0x0000023c5347c800,
0x0000023c54393800, 0x0000023c5347f000, 0x0000023c5347e800, 0x0000023c5347d800
}

Java Threads: ( => current thread )
  0x0000023c3556d800 JavaThread "main" [_thread_blocked, id=9980, stack(0x00000080bcc00000,0x00000080bcd00000)]
  0x0000023c4dcfd800 JavaThread "Reference Handler" daemon [_thread_blocked, id=24008, stack(0x00000080bd400000,0x00000080bd500000)]
  0x0000023c4dcfe000 JavaThread "Finalizer" daemon [_thread_blocked, id=15712, stack(0x00000080bd500000,0x00000080bd600000)]
  0x0000023c4e56b800 JavaThread "Signal Dispatcher" daemon [_thread_blocked, id=8440, stack(0x00000080bd600000,0x00000080bd700000)]
  0x0000023c4e56c800 JavaThread "Attach Listener" daemon [_thread_blocked, id=17552, stack(0x00000080bd700000,0x00000080bd800000)]
  0x0000023c4e56d800 JavaThread "C2 CompilerThread0" daemon [_thread_in_native, id=18420, stack(0x00000080bd800000,0x00000080bd900000)]
  0x0000023c4e571000 JavaThread "C1 CompilerThread0" daemon [_thread_blocked, id=24808, stack(0x00000080bd900000,0x00000080bda00000)]
  0x0000023c4dd0e000 JavaThread "Sweeper thread" daemon [_thread_blocked, id=10952, stack(0x00000080bda00000,0x00000080bdb00000)]
  0x0000023c4e6d1800 JavaThread "Common-Cleaner" daemon [_thread_blocked, id=5956, stack(0x00000080bdb00000,0x00000080bdc00000)]
  0x0000023c4e6f6800 JavaThread "Service Thread" daemon [_thread_blocked, id=17888, stack(0x00000080bdc00000,0x00000080bdd00000)]
  0x0000023c50683000 JavaThread "Daemon health stats" [_thread_blocked, id=17564, stack(0x00000080be200000,0x00000080be300000)]
  0x0000023c4f410000 JavaThread "Incoming local TCP Connector on port 12804" [_thread_in_native, id=23880, stack(0x00000080be400000,0x00000080be500000)]
  0x0000023c504e9800 JavaThread "Daemon periodic checks" [_thread_blocked, id=20372, stack(0x00000080be500000,0x00000080be600000)]
  0x0000023c50ace000 JavaThread "Cache worker for file hash cache (C:\Users\Bhanuka kamantha\.gradle\caches\6.7.1\fileHashes)" [_thread_blocked, id=16380, stack(0x00000080bed00000,0x00000080bee00000)]
  0x0000023c50acf800 JavaThread "File lock request listener" [_thread_in_native, id=16284, stack(0x00000080bee00000,0x00000080bef00000)]
  0x0000023c50ace800 JavaThread "Cache worker for journal cache (C:\Users\Bhanuka kamantha\.gradle\caches\journal-1)" [_thread_blocked, id=12308, stack(0x00000080bef00000,0x00000080bf000000)]
  0x0000023c50ad2800 JavaThread "Cache worker for execution history cache (C:\Users\Bhanuka kamantha\.gradle\caches\6.7.1\executionHistory)" [_thread_blocked, id=6080, stack(0x00000080bf500000,0x00000080bf600000)]
  0x0000023c53475800 JavaThread "Cache worker for file content cache (C:\Users\Bhanuka kamantha\.gradle\caches\6.7.1\fileContent)" [_thread_blocked, id=25276, stack(0x00000080bf700000,0x00000080bf800000)]
  0x0000023c52df2000 JavaThread "Memory manager" [_thread_blocked, id=13192, stack(0x00000080c6100000,0x00000080c6200000)]
  0x0000023c52dec800 JavaThread "Daemon Thread 4" [_thread_blocked, id=18200, stack(0x00000080bcb00000,0x00000080bcc00000)]
  0x0000023c52dee000 JavaThread "Handler for socket connection from /127.0.0.1:12804 to /127.0.0.1:7085" [_thread_in_native, id=21560, stack(0x00000080bcd00000,0x00000080bce00000)]
  0x0000023c52dea000 JavaThread "Cancel handler" [_thread_blocked, id=3804, stack(0x00000080bde00000,0x00000080bdf00000)]
  0x0000023c52df0800 JavaThread "Daemon worker Thread 4" [_thread_blocked, id=22644, stack(0x00000080be300000,0x00000080be400000)]
  0x0000023c52def000 JavaThread "Asynchronous log dispatcher for DefaultDaemonConnection: socket connection from /127.0.0.1:12804 to /127.0.0.1:7085" [_thread_blocked, id=20520, stack(0x00000080be600000,0x00000080be700000)]
  0x0000023c52df0000 JavaThread "Stdin handler" [_thread_blocked, id=2780, stack(0x00000080be700000,0x00000080be800000)]
  0x0000023c52ded800 JavaThread "Thread-374" [_thread_blocked, id=19688, stack(0x00000080be800000,0x00000080be900000)]
  0x0000023c52deb800 JavaThread "Cache worker for file hash cache (C:\Users\Bhanuka kamantha\Desktop\HotelApp\.gradle\6.7.1\fileHashes)" [_thread_blocked, id=21948, stack(0x00000080be900000,0x00000080bea00000)]
  0x0000023c52deb000 JavaThread "jar transforms Thread 298" [_thread_blocked, id=20656, stack(0x00000080bea00000,0x00000080beb00000)]
  0x0000023c52df3000 JavaThread "jar transforms Thread 299" [_thread_blocked, id=15352, stack(0x00000080beb00000,0x00000080bec00000)]
  0x0000023c52df5800 JavaThread "jar transforms Thread 300" [_thread_blocked, id=13924, stack(0x00000080bec00000,0x00000080bed00000)]
  0x0000023c52df6800 JavaThread "jar transforms Thread 301" [_thread_blocked, id=4076, stack(0x00000080bf000000,0x00000080bf100000)]
  0x0000023c52df4000 JavaThread "jar transforms Thread 302" [_thread_blocked, id=15196, stack(0x00000080bf100000,0x00000080bf200000)]
  0x0000023c52df4800 JavaThread "jar transforms Thread 303" [_thread_blocked, id=18164, stack(0x00000080bf200000,0x00000080bf300000)]
  0x0000023c52df7000 JavaThread "jar transforms Thread 304" [_thread_blocked, id=25408, stack(0x00000080bf300000,0x00000080bf400000)]
  0x0000023c52df1800 JavaThread "jar transforms Thread 305" [_thread_blocked, id=9804, stack(0x00000080bf400000,0x00000080bf500000)]
  0x0000023c52df8000 JavaThread "jar transforms Thread 306" [_thread_blocked, id=24500, stack(0x00000080bf600000,0x00000080bf700000)]
  0x0000023c52df9000 JavaThread "jar transforms Thread 307" [_thread_blocked, id=18536, stack(0x00000080bf800000,0x00000080bf900000)]
  0x0000023c53474800 JavaThread "jar transforms Thread 308" [_thread_blocked, id=15264, stack(0x00000080bf900000,0x00000080bfa00000)]
  0x0000023c53476000 JavaThread "jar transforms Thread 309" [_thread_blocked, id=9644, stack(0x00000080bfa00000,0x00000080bfb00000)]
  0x0000023c53470800 JavaThread "jar transforms Thread 310" [_thread_blocked, id=16952, stack(0x00000080bfb00000,0x00000080bfc00000)]
  0x0000023c53471000 JavaThread "jar transforms Thread 311" [_thread_blocked, id=22240, stack(0x00000080bfc00000,0x00000080bfd00000)]
  0x0000023c53477000 JavaThread "jar transforms Thread 312" [_thread_blocked, id=14756, stack(0x00000080bfd00000,0x00000080bfe00000)]
  0x0000023c53472000 JavaThread "jar transforms Thread 313" [_thread_blocked, id=8428, stack(0x00000080bfe00000,0x00000080bff00000)]
  0x0000023c53478000 JavaThread "jar transforms Thread 314" [_thread_blocked, id=15856, stack(0x00000080bff00000,0x00000080c0000000)]
  0x0000023c53478800 JavaThread "jar transforms Thread 315" [_thread_blocked, id=14416, stack(0x00000080c0000000,0x00000080c0100000)]
  0x0000023c53479800 JavaThread "jar transforms Thread 316" [_thread_blocked, id=16056, stack(0x00000080c0100000,0x00000080c0200000)]
  0x0000023c53473800 JavaThread "jar transforms Thread 317" [_thread_blocked, id=25576, stack(0x00000080c0200000,0x00000080c0300000)]
  0x0000023c5347c800 JavaThread "jar transforms Thread 318" [_thread_in_vm, id=10436, stack(0x00000080c0300000,0x00000080c0400000)]
=>0x0000023c54393800 JavaThread "C2 CompilerThread1" daemon [_thread_in_native, id=20148, stack(0x00000080c0400000,0x00000080c0500000)]
  0x0000023c5347f000 JavaThread "Cache worker for checksums cache (C:\Users\Bhanuka kamantha\Desktop\HotelApp\.gradle\checksums)" [_thread_blocked, id=24584, stack(0x00000080c0500000,0x00000080c0600000)]
  0x0000023c5347e800 JavaThread "Cache worker for cache directory md-supplier (C:\Users\Bhanuka kamantha\.gradle\caches\6.7.1\md-supplier)" [_thread_blocked, id=11848, stack(0x00000080c0600000,0x00000080c0700000)]
  0x0000023c5347d800 JavaThread "Cache worker for cache directory md-rule (C:\Users\Bhanuka kamantha\.gradle\caches\6.7.1\md-rule)" [_thread_blocked, id=11296, stack(0x00000080c0700000,0x00000080c0800000)]

Other Threads:
  0x0000023c4dcd4800 VMThread "VM Thread" [stack: 0x00000080bd300000,0x00000080bd400000] [id=17016]
  0x0000023c4e6fa000 WatcherThread [stack: 0x00000080bdd00000,0x00000080bde00000] [id=22580]
  0x0000023c35586000 GCTaskThread "GC Thread#0" [stack: 0x00000080bce00000,0x00000080bcf00000] [id=24396]
  0x0000023c4ed6c800 GCTaskThread "GC Thread#1" [stack: 0x00000080bdf00000,0x00000080be000000] [id=15800]
  0x0000023c4ec9d000 GCTaskThread "GC Thread#2" [stack: 0x00000080be000000,0x00000080be100000] [id=16516]
  0x0000023c4f149000 GCTaskThread "GC Thread#3" [stack: 0x00000080be100000,0x00000080be200000] [id=3980]
  0x0000023c355aa000 ConcurrentGCThread "G1 Main Marker" [stack: 0x00000080bcf00000,0x00000080bd000000] [id=3596]
  0x0000023c355ab800 ConcurrentGCThread "G1 Conc#0" [stack: 0x00000080bd000000,0x00000080bd100000] [id=22592]
  0x0000023c4db3e800 ConcurrentGCThread "G1 Refine#0" [stack: 0x00000080bd100000,0x00000080bd200000] [id=22860]
  0x0000023c5552d800 ConcurrentGCThread "G1 Refine#1" [stack: 0x00000080c5f00000,0x00000080c6000000] [id=13004]
  0x0000023c52fcc800 ConcurrentGCThread "G1 Refine#2" [stack: 0x00000080c6000000,0x00000080c6100000] [id=18956]
  0x0000023c4db3f800 ConcurrentGCThread "G1 Young RemSet Sampling" [stack: 0x00000080bd200000,0x00000080bd300000] [id=14516]

Threads with active compile tasks:
C2 CompilerThread0 506620 12220   !   4       jdk.internal.loader.Resource::getBytes (242 bytes)
C2 CompilerThread1 506620 12183       4       java.util.zip.ZipFile$Source::initCEN (658 bytes)

VM state:not at safepoint (normal execution)

VM Mutex/Monitor currently owned by a thread: None

Heap address: 0x00000000a0000000, size: 1536 MB, Compressed Oops mode: 32-bit
Narrow klass base: 0x0000000000000000, Narrow klass shift: 3
Compressed class space size: 1073741824 Address: 0x0000000100000000

Heap:
 garbage-first heap   total 196608K, used 118219K [0x00000000a0000000, 0x0000000100000000)
  region size 1024K, 40 young (40960K), 7 survivors (7168K)
 Metaspace       used 83723K, capacity 85989K, committed 86092K, reserved 1124352K
  class space    used 10511K, capacity 11306K, committed 11392K, reserved 1048576K
Heap Regions: E=young(eden), S=young(survivor), O=old, HS=humongous(starts), HC=humongous(continues), CS=collection set, F=free, A=archive, TAMS=top-at-mark-start (previous, next)
|   0|0x00000000a0000000, 0x00000000a0100000, 0x00000000a0100000|100%| O|  |TAMS 0x00000000a0100000, 0x00000000a0000000| Untracked 
|   1|0x00000000a0100000, 0x00000000a0200000, 0x00000000a0200000|100%| O|  |TAMS 0x00000000a0200000, 0x00000000a0100000| Untracked 
|   2|0x00000000a0200000, 0x00000000a0300000, 0x00000000a0300000|100%| O|  |TAMS 0x00000000a0300000, 0x00000000a0200000| Untracked 
|   3|0x00000000a0300000, 0x00000000a0400000, 0x00000000a0400000|100%|HS|  |TAMS 0x00000000a0400000, 0x00000000a0300000| Complete 
|   4|0x00000000a0400000, 0x00000000a0500000, 0x00000000a0500000|100%|HC|  |TAMS 0x00000000a0500000, 0x00000000a0400000| Complete 
|   5|0x00000000a0500000, 0x00000000a0600000, 0x00000000a0600000|100%|HC|  |TAMS 0x00000000a0600000, 0x00000000a0500000| Complete 
|   6|0x00000000a0600000, 0x00000000a0700000, 0x00000000a0700000|100%| O|  |TAMS 0x00000000a0700000, 0x00000000a0600000| Untracked 
|   7|0x00000000a0700000, 0x00000000a0800000, 0x00000000a0800000|100%| O|  |TAMS 0x00000000a0800000, 0x00000000a0700000| Untracked 
|   8|0x00000000a0800000, 0x00000000a0900000, 0x00000000a0900000|100%| O|  |TAMS 0x00000000a0900000, 0x00000000a0800000| Untracked 
|   9|0x00000000a0900000, 0x00000000a0a00000, 0x00000000a0a00000|100%| O|  |TAMS 0x00000000a0a00000, 0x00000000a0900000| Untracked 
|  10|0x00000000a0a00000, 0x00000000a0b00000, 0x00000000a0b00000|100%| O|  |TAMS 0x00000000a0b00000, 0x00000000a0a00000| Untracked 
|  11|0x00000000a0b00000, 0x00000000a0c00000, 0x00000000a0c00000|100%| O|  |TAMS 0x00000000a0c00000, 0x00000000a0b00000| Untracked 
|  12|0x00000000a0c00000, 0x00000000a0d00000, 0x00000000a0d00000|100%| O|  |TAMS 0x00000000a0d00000, 0x00000000a0c00000| Untracked 
|  13|0x00000000a0d00000, 0x00000000a0e00000, 0x00000000a0e00000|100%| O|  |TAMS 0x00000000a0e00000, 0x00000000a0d00000| Untracked 
|  14|0x00000000a0e00000, 0x00000000a0f00000, 0x00000000a0f00000|100%| O|  |TAMS 0x00000000a0f00000, 0x00000000a0e00000| Untracked 
|  15|0x00000000a0f00000, 0x00000000a1000000, 0x00000000a1000000|100%|HS|  |TAMS 0x00000000a1000000, 0x00000000a0f00000| Complete 
|  16|0x00000000a1000000, 0x00000000a1100000, 0x00000000a1100000|100%|HS|  |TAMS 0x00000000a1100000, 0x00000000a1000000| Complete 
|  17|0x00000000a1100000, 0x00000000a1200000, 0x00000000a1200000|100%|HC|  |TAMS 0x00000000a1200000, 0x00000000a1100000| Complete 
|  18|0x00000000a1200000, 0x00000000a1300000, 0x00000000a1300000|100%| O|  |TAMS 0x00000000a1300000, 0x00000000a1200000| Untracked 
|  19|0x00000000a1300000, 0x00000000a1400000, 0x00000000a1400000|100%| O|  |TAMS 0x00000000a1400000, 0x00000000a1300000| Untracked 
|  20|0x00000000a1400000, 0x00000000a1500000, 0x00000000a1500000|100%| O|  |TAMS 0x00000000a1500000, 0x00000000a1400000| Untracked 
|  21|0x00000000a1500000, 0x00000000a1600000, 0x00000000a1600000|100%| O|  |TAMS 0x00000000a1600000, 0x00000000a1500000| Untracked 
|  22|0x00000000a1600000, 0x00000000a1700000, 0x00000000a1700000|100%| O|  |TAMS 0x00000000a1700000, 0x00000000a1600000| Untracked 
|  23|0x00000000a1700000, 0x00000000a1800000, 0x00000000a1800000|100%| O|  |TAMS 0x00000000a1800000, 0x00000000a1700000| Untracked 
|  24|0x00000000a1800000, 0x00000000a1900000, 0x00000000a1900000|100%| O|  |TAMS 0x00000000a1900000, 0x00000000a1800000| Untracked 
|  25|0x00000000a1900000, 0x00000000a1a00000, 0x00000000a1a00000|100%| O|  |TAMS 0x00000000a1900000, 0x00000000a1900000| Untracked 
|  26|0x00000000a1a00000, 0x00000000a1b00000, 0x00000000a1b00000|100%| O|  |TAMS 0x00000000a1b00000, 0x00000000a1a00000| Untracked 
|  27|0x00000000a1b00000, 0x00000000a1c00000, 0x00000000a1c00000|100%| O|  |TAMS 0x00000000a1c00000, 0x00000000a1b00000| Untracked 
|  28|0x00000000a1c00000, 0x00000000a1d00000, 0x00000000a1d00000|100%| O|  |TAMS 0x00000000a1d00000, 0x00000000a1c00000| Untracked 
|  29|0x00000000a1d00000, 0x00000000a1e00000, 0x00000000a1e00000|100%| O|  |TAMS 0x00000000a1e00000, 0x00000000a1d00000| Untracked 
|  30|0x00000000a1e00000, 0x00000000a1f00000, 0x00000000a1f00000|100%| O|  |TAMS 0x00000000a1f00000, 0x00000000a1e00000| Untracked 
|  31|0x00000000a1f00000, 0x00000000a2000000, 0x00000000a2000000|100%| O|  |TAMS 0x00000000a2000000, 0x00000000a1f00000| Untracked 
|  32|0x00000000a2000000, 0x00000000a2100000, 0x00000000a2100000|100%| O|  |TAMS 0x00000000a2100000, 0x00000000a2000000| Untracked 
|  33|0x00000000a2100000, 0x00000000a2200000, 0x00000000a2200000|100%| O|  |TAMS 0x00000000a2200000, 0x00000000a2100000| Untracked 
|  34|0x00000000a2200000, 0x00000000a2300000, 0x00000000a2300000|100%| O|  |TAMS 0x00000000a2300000, 0x00000000a2200000| Untracked 
|  35|0x00000000a2300000, 0x00000000a2400000, 0x00000000a2400000|100%| O|  |TAMS 0x00000000a2400000, 0x00000000a2300000| Untracked 
|  36|0x00000000a2400000, 0x00000000a2500000, 0x00000000a2500000|100%| O|  |TAMS 0x00000000a2500000, 0x00000000a2400000| Untracked 
|  37|0x00000000a2500000, 0x00000000a2600000, 0x00000000a2600000|100%| O|  |TAMS 0x00000000a2600000, 0x00000000a2500000| Untracked 
|  38|0x00000000a2600000, 0x00000000a2700000, 0x00000000a2700000|100%| O|  |TAMS 0x00000000a26d4200, 0x00000000a2600000| Untracked 
|  39|0x00000000a2700000, 0x00000000a2800000, 0x00000000a2800000|100%| O|  |TAMS 0x00000000a2700000, 0x00000000a2700000| Untracked 
|  40|0x00000000a2800000, 0x00000000a2900000, 0x00000000a2900000|100%| O|  |TAMS 0x00000000a2800000, 0x00000000a2800000| Untracked 
|  41|0x00000000a2900000, 0x00000000a2a00000, 0x00000000a2a00000|100%| O|  |TAMS 0x00000000a2900000, 0x00000000a2900000| Untracked 
|  42|0x00000000a2a00000, 0x00000000a2b00000, 0x00000000a2b00000|100%| O|  |TAMS 0x00000000a2a00000, 0x00000000a2a00000| Untracked 
|  43|0x00000000a2b00000, 0x00000000a2c00000, 0x00000000a2c00000|100%| O|  |TAMS 0x00000000a2b00000, 0x00000000a2b00000| Untracked 
|  44|0x00000000a2c00000, 0x00000000a2d00000, 0x00000000a2d00000|100%| O|  |TAMS 0x00000000a2c00000, 0x00000000a2c00000| Untracked 
|  45|0x00000000a2d00000, 0x00000000a2e00000, 0x00000000a2e00000|100%| O|  |TAMS 0x00000000a2d00000, 0x00000000a2d00000| Untracked 
|  46|0x00000000a2e00000, 0x00000000a2f00000, 0x00000000a2f00000|100%| O|  |TAMS 0x00000000a2e00000, 0x00000000a2e00000| Untracked 
|  47|0x00000000a2f00000, 0x00000000a3000000, 0x00000000a3000000|100%| O|  |TAMS 0x00000000a2f00000, 0x00000000a2f00000| Untracked 
|  48|0x00000000a3000000, 0x00000000a3100000, 0x00000000a3100000|100%| O|  |TAMS 0x00000000a3000000, 0x00000000a3000000| Untracked 
|  49|0x00000000a3100000, 0x00000000a3200000, 0x00000000a3200000|100%| O|  |TAMS 0x00000000a3100000, 0x00000000a3100000| Untracked 
|  50|0x00000000a3200000, 0x00000000a3300000, 0x00000000a3300000|100%| O|  |TAMS 0x00000000a3200000, 0x00000000a3200000| Untracked 
|  51|0x00000000a3300000, 0x00000000a3400000, 0x00000000a3400000|100%| O|  |TAMS 0x00000000a3300000, 0x00000000a3300000| Untracked 
|  52|0x00000000a3400000, 0x00000000a3500000, 0x00000000a3500000|100%| O|  |TAMS 0x00000000a3400000, 0x00000000a3400000| Untracked 
|  53|0x00000000a3500000, 0x00000000a3600000, 0x00000000a3600000|100%| O|  |TAMS 0x00000000a3500000, 0x00000000a3500000| Untracked 
|  54|0x00000000a3600000, 0x00000000a3700000, 0x00000000a3700000|100%| O|  |TAMS 0x00000000a3600000, 0x00000000a3600000| Untracked 
|  55|0x00000000a3700000, 0x00000000a3800000, 0x00000000a3800000|100%| O|  |TAMS 0x00000000a3700000, 0x00000000a3700000| Untracked 
|  56|0x00000000a3800000, 0x00000000a3900000, 0x00000000a3900000|100%| O|  |TAMS 0x00000000a3800000, 0x00000000a3800000| Untracked 
|  57|0x00000000a3900000, 0x00000000a3a00000, 0x00000000a3a00000|100%| O|  |TAMS 0x00000000a3900000, 0x00000000a3900000| Untracked 
|  58|0x00000000a3a00000, 0x00000000a3b00000, 0x00000000a3b00000|100%| O|  |TAMS 0x00000000a3a00000, 0x00000000a3a00000| Untracked 
|  59|0x00000000a3b00000, 0x00000000a3c00000, 0x00000000a3c00000|100%| O|  |TAMS 0x00000000a3b00000, 0x00000000a3b00000| Untracked 
|  60|0x00000000a3c00000, 0x00000000a3d00000, 0x00000000a3d00000|100%| O|  |TAMS 0x00000000a3c00000, 0x00000000a3c00000| Untracked 
|  61|0x00000000a3d00000, 0x00000000a3e00000, 0x00000000a3e00000|100%| O|  |TAMS 0x00000000a3d00000, 0x00000000a3d00000| Untracked 
|  62|0x00000000a3e00000, 0x00000000a3f00000, 0x00000000a3f00000|100%| O|  |TAMS 0x00000000a3e00000, 0x00000000a3e00000| Untracked 
|  63|0x00000000a3f00000, 0x00000000a4000000, 0x00000000a4000000|100%| O|  |TAMS 0x00000000a3f00000, 0x00000000a3f00000| Untracked 
|  64|0x00000000a4000000, 0x00000000a4100000, 0x00000000a4100000|100%| O|  |TAMS 0x00000000a4000000, 0x00000000a4000000| Untracked 
|  65|0x00000000a4100000, 0x00000000a4200000, 0x00000000a4200000|100%| O|  |TAMS 0x00000000a4100000, 0x00000000a4100000| Untracked 
|  66|0x00000000a4200000, 0x00000000a4300000, 0x00000000a4300000|100%| O|  |TAMS 0x00000000a4200000, 0x00000000a4200000| Untracked 
|  67|0x00000000a4300000, 0x00000000a4400000, 0x00000000a4400000|100%| O|  |TAMS 0x00000000a4300000, 0x00000000a4300000| Untracked 
|  68|0x00000000a4400000, 0x00000000a4472c00, 0x00000000a4500000| 44%| O|  |TAMS 0x00000000a4400000, 0x00000000a4400000| Untracked 
|  69|0x00000000a4500000, 0x00000000a4600000, 0x00000000a4600000|100%|HS|  |TAMS 0x00000000a4500000, 0x00000000a4500000| Complete 
|  70|0x00000000a4600000, 0x00000000a4700000, 0x00000000a4700000|100%|HC|  |TAMS 0x00000000a4600000, 0x00000000a4600000| Complete 
|  71|0x00000000a4700000, 0x00000000a4800000, 0x00000000a4800000|100%|HS|  |TAMS 0x00000000a4700000, 0x00000000a4700000| Complete 
|  72|0x00000000a4800000, 0x00000000a4900000, 0x00000000a4900000|100%|HC|  |TAMS 0x00000000a4800000, 0x00000000a4800000| Complete 
|  73|0x00000000a4900000, 0x00000000a4a00000, 0x00000000a4a00000|100%|HC|  |TAMS 0x00000000a4900000, 0x00000000a4900000| Complete 
|  74|0x00000000a4a00000, 0x00000000a4b00000, 0x00000000a4b00000|100%|HS|  |TAMS 0x00000000a4a00000, 0x00000000a4a00000| Complete 
|  75|0x00000000a4b00000, 0x00000000a4c00000, 0x00000000a4c00000|100%|HC|  |TAMS 0x00000000a4b00000, 0x00000000a4b00000| Complete 
|  76|0x00000000a4c00000, 0x00000000a4d00000, 0x00000000a4d00000|100%|HC|  |TAMS 0x00000000a4c00000, 0x00000000a4c00000| Complete 
|  77|0x00000000a4d00000, 0x00000000a4e00000, 0x00000000a4e00000|100%|HC|  |TAMS 0x00000000a4d00000, 0x00000000a4d00000| Complete 
|  78|0x00000000a4e00000, 0x00000000a4e00000, 0x00000000a4f00000|  0%| F|  |TAMS 0x00000000a4e00000, 0x00000000a4e00000| Untracked 
|  79|0x00000000a4f00000, 0x00000000a4f00000, 0x00000000a5000000|  0%| F|  |TAMS 0x00000000a4f00000, 0x00000000a4f00000| Untracked 
|  80|0x00000000a5000000, 0x00000000a5000000, 0x00000000a5100000|  0%| F|  |TAMS 0x00000000a5000000, 0x00000000a5000000| Untracked 
|  81|0x00000000a5100000, 0x00000000a5100000, 0x00000000a5200000|  0%| F|  |TAMS 0x00000000a5100000, 0x00000000a5100000| Untracked 
|  82|0x00000000a5200000, 0x00000000a5200000, 0x00000000a5300000|  0%| F|  |TAMS 0x00000000a5200000, 0x00000000a5200000| Untracked 
|  83|0x00000000a5300000, 0x00000000a5300000, 0x00000000a5400000|  0%| F|  |TAMS 0x00000000a5300000, 0x00000000a5300000| Untracked 
|  84|0x00000000a5400000, 0x00000000a5400000, 0x00000000a5500000|  0%| F|  |TAMS 0x00000000a5400000, 0x00000000a5400000| Untracked 
|  85|0x00000000a5500000, 0x00000000a5500000, 0x00000000a5600000|  0%| F|  |TAMS 0x00000000a5500000, 0x00000000a5500000| Untracked 
|  86|0x00000000a5600000, 0x00000000a5600000, 0x00000000a5700000|  0%| F|  |TAMS 0x00000000a5600000, 0x00000000a5600000| Untracked 
|  87|0x00000000a5700000, 0x00000000a5700000, 0x00000000a5800000|  0%| F|  |TAMS 0x00000000a5700000, 0x00000000a5700000| Untracked 
|  88|0x00000000a5800000, 0x00000000a5800000, 0x00000000a5900000|  0%| F|  |TAMS 0x00000000a5800000, 0x00000000a5800000| Untracked 
|  89|0x00000000a5900000, 0x00000000a5900000, 0x00000000a5a00000|  0%| F|  |TAMS 0x00000000a5900000, 0x00000000a5900000| Untracked 
|  90|0x00000000a5a00000, 0x00000000a5a00000, 0x00000000a5b00000|  0%| F|  |TAMS 0x00000000a5a00000, 0x00000000a5a00000| Untracked 
|  91|0x00000000a5b00000, 0x00000000a5b00000, 0x00000000a5c00000|  0%| F|  |TAMS 0x00000000a5b00000, 0x00000000a5b00000| Untracked 
|  92|0x00000000a5c00000, 0x00000000a5c00000, 0x00000000a5d00000|  0%| F|  |TAMS 0x00000000a5c00000, 0x00000000a5c00000| Untracked 
|  93|0x00000000a5d00000, 0x00000000a5d00000, 0x00000000a5e00000|  0%| F|  |TAMS 0x00000000a5d00000, 0x00000000a5d00000| Untracked 
|  94|0x00000000a5e00000, 0x00000000a5e00000, 0x00000000a5f00000|  0%| F|  |TAMS 0x00000000a5e00000, 0x00000000a5e00000| Untracked 
|  95|0x00000000a5f00000, 0x00000000a5f00000, 0x00000000a6000000|  0%| F|  |TAMS 0x00000000a5f00000, 0x00000000a5f00000| Untracked 
|  96|0x00000000a6000000, 0x00000000a6000000, 0x00000000a6100000|  0%| F|  |TAMS 0x00000000a6000000, 0x00000000a6000000| Untracked 
|  97|0x00000000a6100000, 0x00000000a6100000, 0x00000000a6200000|  0%| F|  |TAMS 0x00000000a6100000, 0x00000000a6100000| Untracked 
|  98|0x00000000a6200000, 0x00000000a6200000, 0x00000000a6300000|  0%| F|  |TAMS 0x00000000a6200000, 0x00000000a6200000| Untracked 
|  99|0x00000000a6300000, 0x00000000a6300000, 0x00000000a6400000|  0%| F|  |TAMS 0x00000000a6300000, 0x00000000a6300000| Untracked 
| 100|0x00000000a6400000, 0x00000000a6400000, 0x00000000a6500000|  0%| F|  |TAMS 0x00000000a6400000, 0x00000000a6400000| Untracked 
| 101|0x00000000a6500000, 0x00000000a6500000, 0x00000000a6600000|  0%| F|  |TAMS 0x00000000a6500000, 0x00000000a6500000| Untracked 
| 102|0x00000000a6600000, 0x00000000a6700000, 0x00000000a6700000|100%| S|CS|TAMS 0x00000000a6600000, 0x00000000a6600000| Complete 
| 103|0x00000000a6700000, 0x00000000a6800000, 0x00000000a6800000|100%| S|CS|TAMS 0x00000000a6700000, 0x00000000a6700000| Complete 
| 104|0x00000000a6800000, 0x00000000a6900000, 0x00000000a6900000|100%| S|CS|TAMS 0x00000000a6800000, 0x00000000a6800000| Complete 
| 105|0x00000000a6900000, 0x00000000a6a00000, 0x00000000a6a00000|100%| S|CS|TAMS 0x00000000a6900000, 0x00000000a6900000| Complete 
| 106|0x00000000a6a00000, 0x00000000a6b00000, 0x00000000a6b00000|100%| S|CS|TAMS 0x00000000a6a00000, 0x00000000a6a00000| Complete 
| 107|0x00000000a6b00000, 0x00000000a6c00000, 0x00000000a6c00000|100%| S|CS|TAMS 0x00000000a6b00000, 0x00000000a6b00000| Complete 
| 108|0x00000000a6c00000, 0x00000000a6d00000, 0x00000000a6d00000|100%| S|CS|TAMS 0x00000000a6c00000, 0x00000000a6c00000| Complete 
| 109|0x00000000a6d00000, 0x00000000a6d00000, 0x00000000a6e00000|  0%| F|  |TAMS 0x00000000a6d00000, 0x00000000a6d00000| Untracked 
| 110|0x00000000a6e00000, 0x00000000a6e00000, 0x00000000a6f00000|  0%| F|  |TAMS 0x00000000a6e00000, 0x00000000a6e00000| Untracked 
| 111|0x00000000a6f00000, 0x00000000a6f00000, 0x00000000a7000000|  0%| F|  |TAMS 0x00000000a6f00000, 0x00000000a6f00000| Untracked 
| 112|0x00000000a7000000, 0x00000000a7000000, 0x00000000a7100000|  0%| F|  |TAMS 0x00000000a7000000, 0x00000000a7000000| Untracked 
| 113|0x00000000a7100000, 0x00000000a7100000, 0x00000000a7200000|  0%| F|  |TAMS 0x00000000a7100000, 0x00000000a7100000| Untracked 
| 114|0x00000000a7200000, 0x00000000a7200000, 0x00000000a7300000|  0%| F|  |TAMS 0x00000000a7200000, 0x00000000a7200000| Untracked 
| 115|0x00000000a7300000, 0x00000000a7300000, 0x00000000a7400000|  0%| F|  |TAMS 0x00000000a7300000, 0x00000000a7300000| Untracked 
| 116|0x00000000a7400000, 0x00000000a7400000, 0x00000000a7500000|  0%| F|  |TAMS 0x00000000a7400000, 0x00000000a7400000| Untracked 
| 117|0x00000000a7500000, 0x00000000a7500000, 0x00000000a7600000|  0%| F|  |TAMS 0x00000000a7500000, 0x00000000a7500000| Untracked 
| 118|0x00000000a7600000, 0x00000000a7600000, 0x00000000a7700000|  0%| F|  |TAMS 0x00000000a7600000, 0x00000000a7600000| Untracked 
| 119|0x00000000a7700000, 0x00000000a7700000, 0x00000000a7800000|  0%| F|  |TAMS 0x00000000a7700000, 0x00000000a7700000| Untracked 
| 120|0x00000000a7800000, 0x00000000a7800000, 0x00000000a7900000|  0%| F|  |TAMS 0x00000000a7800000, 0x00000000a7800000| Untracked 
| 121|0x00000000a7900000, 0x00000000a7900000, 0x00000000a7a00000|  0%| F|  |TAMS 0x00000000a7900000, 0x00000000a7900000| Untracked 
| 122|0x00000000a7a00000, 0x00000000a7a00000, 0x00000000a7b00000|  0%| F|  |TAMS 0x00000000a7a00000, 0x00000000a7a00000| Untracked 
| 123|0x00000000a7b00000, 0x00000000a7b00000, 0x00000000a7c00000|  0%| F|  |TAMS 0x00000000a7b00000, 0x00000000a7b00000| Untracked 
| 124|0x00000000a7c00000, 0x00000000a7c00000, 0x00000000a7d00000|  0%| F|  |TAMS 0x00000000a7c00000, 0x00000000a7c00000| Untracked 
| 125|0x00000000a7d00000, 0x00000000a7d00000, 0x00000000a7e00000|  0%| F|  |TAMS 0x00000000a7d00000, 0x00000000a7d00000| Untracked 
| 126|0x00000000a7e00000, 0x00000000a7e00000, 0x00000000a7f00000|  0%| F|  |TAMS 0x00000000a7e00000, 0x00000000a7e00000| Untracked 
| 127|0x00000000a7f00000, 0x00000000a7f00000, 0x00000000a8000000|  0%| F|  |TAMS 0x00000000a7f00000, 0x00000000a7f00000| Untracked 
| 128|0x00000000a8000000, 0x00000000a8000000, 0x00000000a8100000|  0%| F|  |TAMS 0x00000000a8000000, 0x00000000a8000000| Untracked 
| 129|0x00000000a8100000, 0x00000000a8100000, 0x00000000a8200000|  0%| F|  |TAMS 0x00000000a8100000, 0x00000000a8100000| Untracked 
| 130|0x00000000a8200000, 0x00000000a8200000, 0x00000000a8300000|  0%| F|  |TAMS 0x00000000a8200000, 0x00000000a8200000| Untracked 
| 131|0x00000000a8300000, 0x00000000a8300000, 0x00000000a8400000|  0%| F|  |TAMS 0x00000000a8300000, 0x00000000a8300000| Untracked 
| 132|0x00000000a8400000, 0x00000000a8400000, 0x00000000a8500000|  0%| F|  |TAMS 0x00000000a8400000, 0x00000000a8400000| Untracked 
| 133|0x00000000a8500000, 0x00000000a8500000, 0x00000000a8600000|  0%| F|  |TAMS 0x00000000a8500000, 0x00000000a8500000| Untracked 
| 134|0x00000000a8600000, 0x00000000a8600000, 0x00000000a8700000|  0%| F|  |TAMS 0x00000000a8600000, 0x00000000a8600000| Untracked 
| 135|0x00000000a8700000, 0x00000000a8700000, 0x00000000a8800000|  0%| F|  |TAMS 0x00000000a8700000, 0x00000000a8700000| Untracked 
| 136|0x00000000a8800000, 0x00000000a8800000, 0x00000000a8900000|  0%| F|  |TAMS 0x00000000a8800000, 0x00000000a8800000| Untracked 
| 137|0x00000000a8900000, 0x00000000a8900000, 0x00000000a8a00000|  0%| F|  |TAMS 0x00000000a8900000, 0x00000000a8900000| Untracked 
| 138|0x00000000a8a00000, 0x00000000a8a00000, 0x00000000a8b00000|  0%| F|  |TAMS 0x00000000a8a00000, 0x00000000a8a00000| Untracked 
| 139|0x00000000a8b00000, 0x00000000a8b00000, 0x00000000a8c00000|  0%| F|  |TAMS 0x00000000a8b00000, 0x00000000a8b00000| Untracked 
| 140|0x00000000a8c00000, 0x00000000a8c00000, 0x00000000a8d00000|  0%| F|  |TAMS 0x00000000a8c00000, 0x00000000a8c00000| Untracked 
| 141|0x00000000a8d00000, 0x00000000a8d00000, 0x00000000a8e00000|  0%| F|  |TAMS 0x00000000a8d00000, 0x00000000a8d00000| Untracked 
| 142|0x00000000a8e00000, 0x00000000a8e00000, 0x00000000a8f00000|  0%| F|  |TAMS 0x00000000a8e00000, 0x00000000a8e00000| Untracked 
| 143|0x00000000a8f00000, 0x00000000a8f00000, 0x00000000a9000000|  0%| F|  |TAMS 0x00000000a8f00000, 0x00000000a8f00000| Untracked 
| 144|0x00000000a9000000, 0x00000000a9000000, 0x00000000a9100000|  0%| F|  |TAMS 0x00000000a9000000, 0x00000000a9000000| Untracked 
| 145|0x00000000a9100000, 0x00000000a9100000, 0x00000000a9200000|  0%| F|  |TAMS 0x00000000a9100000, 0x00000000a9100000| Untracked 
| 146|0x00000000a9200000, 0x00000000a9200000, 0x00000000a9300000|  0%| F|  |TAMS 0x00000000a9200000, 0x00000000a9200000| Untracked 
| 147|0x00000000a9300000, 0x00000000a9300000, 0x00000000a9400000|  0%| F|  |TAMS 0x00000000a9300000, 0x00000000a9300000| Untracked 
| 148|0x00000000a9400000, 0x00000000a9400000, 0x00000000a9500000|  0%| F|  |TAMS 0x00000000a9400000, 0x00000000a9400000| Untracked 
| 149|0x00000000a9500000, 0x00000000a9500000, 0x00000000a9600000|  0%| F|  |TAMS 0x00000000a9500000, 0x00000000a9500000| Untracked 
| 150|0x00000000a9600000, 0x00000000a9600000, 0x00000000a9700000|  0%| F|  |TAMS 0x00000000a9600000, 0x00000000a9600000| Untracked 
| 151|0x00000000a9700000, 0x00000000a9700000, 0x00000000a9800000|  0%| F|  |TAMS 0x00000000a9700000, 0x00000000a9700000| Untracked 
| 152|0x00000000a9800000, 0x00000000a9800000, 0x00000000a9900000|  0%| F|  |TAMS 0x00000000a9800000, 0x00000000a9800000| Untracked 
| 153|0x00000000a9900000, 0x00000000a9900000, 0x00000000a9a00000|  0%| F|  |TAMS 0x00000000a9900000, 0x00000000a9900000| Untracked 
| 154|0x00000000a9a00000, 0x00000000a9a00000, 0x00000000a9b00000|  0%| F|  |TAMS 0x00000000a9a00000, 0x00000000a9a00000| Untracked 
| 155|0x00000000a9b00000, 0x00000000a9b00000, 0x00000000a9c00000|  0%| F|  |TAMS 0x00000000a9b00000, 0x00000000a9b00000| Untracked 
| 156|0x00000000a9c00000, 0x00000000a9c00000, 0x00000000a9d00000|  0%| F|  |TAMS 0x00000000a9c00000, 0x00000000a9c00000| Untracked 
| 157|0x00000000a9d00000, 0x00000000a9d00000, 0x00000000a9e00000|  0%| F|  |TAMS 0x00000000a9d00000, 0x00000000a9d00000| Untracked 
| 158|0x00000000a9e00000, 0x00000000a9e00000, 0x00000000a9f00000|  0%| F|  |TAMS 0x00000000a9e00000, 0x00000000a9e00000| Untracked 
| 159|0x00000000a9f00000, 0x00000000a9fdfe88, 0x00000000aa000000| 87%| E|  |TAMS 0x00000000a9f00000, 0x00000000a9f00000| Complete 
| 160|0x00000000aa000000, 0x00000000aa100000, 0x00000000aa100000|100%| E|CS|TAMS 0x00000000aa000000, 0x00000000aa000000| Complete 
| 161|0x00000000aa100000, 0x00000000aa200000, 0x00000000aa200000|100%| E|CS|TAMS 0x00000000aa100000, 0x00000000aa100000| Complete 
| 162|0x00000000aa200000, 0x00000000aa300000, 0x00000000aa300000|100%| E|CS|TAMS 0x00000000aa200000, 0x00000000aa200000| Complete 
| 163|0x00000000aa300000, 0x00000000aa400000, 0x00000000aa400000|100%| E|CS|TAMS 0x00000000aa300000, 0x00000000aa300000| Complete 
| 164|0x00000000aa400000, 0x00000000aa500000, 0x00000000aa500000|100%| E|CS|TAMS 0x00000000aa400000, 0x00000000aa400000| Complete 
| 165|0x00000000aa500000, 0x00000000aa600000, 0x00000000aa600000|100%| E|  |TAMS 0x00000000aa500000, 0x00000000aa500000| Complete 
| 166|0x00000000aa600000, 0x00000000aa700000, 0x00000000aa700000|100%| E|CS|TAMS 0x00000000aa600000, 0x00000000aa600000| Complete 
| 167|0x00000000aa700000, 0x00000000aa800000, 0x00000000aa800000|100%| E|CS|TAMS 0x00000000aa700000, 0x00000000aa700000| Complete 
| 168|0x00000000aa800000, 0x00000000aa900000, 0x00000000aa900000|100%| E|CS|TAMS 0x00000000aa800000, 0x00000000aa800000| Complete 
| 169|0x00000000aa900000, 0x00000000aaa00000, 0x00000000aaa00000|100%| E|CS|TAMS 0x00000000aa900000, 0x00000000aa900000| Complete 
| 170|0x00000000aaa00000, 0x00000000aab00000, 0x00000000aab00000|100%| E|CS|TAMS 0x00000000aaa00000, 0x00000000aaa00000| Complete 
| 171|0x00000000aab00000, 0x00000000aac00000, 0x00000000aac00000|100%| E|CS|TAMS 0x00000000aab00000, 0x00000000aab00000| Complete 
| 172|0x00000000aac00000, 0x00000000aad00000, 0x00000000aad00000|100%| E|CS|TAMS 0x00000000aac00000, 0x00000000aac00000| Complete 
| 173|0x00000000aad00000, 0x00000000aae00000, 0x00000000aae00000|100%| E|CS|TAMS 0x00000000aad00000, 0x00000000aad00000| Complete 
| 174|0x00000000aae00000, 0x00000000aaf00000, 0x00000000aaf00000|100%| E|CS|TAMS 0x00000000aae00000, 0x00000000aae00000| Complete 
| 175|0x00000000aaf00000, 0x00000000ab000000, 0x00000000ab000000|100%| E|CS|TAMS 0x00000000aaf00000, 0x00000000aaf00000| Complete 
| 176|0x00000000ab000000, 0x00000000ab100000, 0x00000000ab100000|100%| E|CS|TAMS 0x00000000ab000000, 0x00000000ab000000| Complete 
| 177|0x00000000ab100000, 0x00000000ab200000, 0x00000000ab200000|100%| E|CS|TAMS 0x00000000ab100000, 0x00000000ab100000| Complete 
| 178|0x00000000ab200000, 0x00000000ab300000, 0x00000000ab300000|100%| E|CS|TAMS 0x00000000ab200000, 0x00000000ab200000| Complete 
| 179|0x00000000ab300000, 0x00000000ab400000, 0x00000000ab400000|100%| E|CS|TAMS 0x00000000ab300000, 0x00000000ab300000| Complete 
| 180|0x00000000ab400000, 0x00000000ab500000, 0x00000000ab500000|100%| E|CS|TAMS 0x00000000ab400000, 0x00000000ab400000| Complete 
| 181|0x00000000ab500000, 0x00000000ab600000, 0x00000000ab600000|100%| E|CS|TAMS 0x00000000ab500000, 0x00000000ab500000| Complete 
| 182|0x00000000ab600000, 0x00000000ab700000, 0x00000000ab700000|100%| E|CS|TAMS 0x00000000ab600000, 0x00000000ab600000| Complete 
| 183|0x00000000ab700000, 0x00000000ab800000, 0x00000000ab800000|100%| E|CS|TAMS 0x00000000ab700000, 0x00000000ab700000| Complete 
| 184|0x00000000ab800000, 0x00000000ab900000, 0x00000000ab900000|100%| E|CS|TAMS 0x00000000ab800000, 0x00000000ab800000| Complete 
| 185|0x00000000ab900000, 0x00000000aba00000, 0x00000000aba00000|100%| E|CS|TAMS 0x00000000ab900000, 0x00000000ab900000| Complete 
| 186|0x00000000aba00000, 0x00000000abb00000, 0x00000000abb00000|100%| E|CS|TAMS 0x00000000aba00000, 0x00000000aba00000| Complete 
| 187|0x00000000abb00000, 0x00000000abc00000, 0x00000000abc00000|100%| E|CS|TAMS 0x00000000abb00000, 0x00000000abb00000| Complete 
| 188|0x00000000abc00000, 0x00000000abd00000, 0x00000000abd00000|100%| E|CS|TAMS 0x00000000abc00000, 0x00000000abc00000| Complete 
| 189|0x00000000abd00000, 0x00000000abe00000, 0x00000000abe00000|100%| E|CS|TAMS 0x00000000abd00000, 0x00000000abd00000| Complete 
| 190|0x00000000abe00000, 0x00000000abf00000, 0x00000000abf00000|100%| E|CS|TAMS 0x00000000abe00000, 0x00000000abe00000| Complete 
| 191|0x00000000abf00000, 0x00000000ac000000, 0x00000000ac000000|100%| E|CS|TAMS 0x00000000abf00000, 0x00000000abf00000| Complete 

Card table byte_map: [0x0000023c481e0000,0x0000023c484e0000] _byte_map_base: 0x0000023c47ce0000

Marking Bits (Prev, Next): (CMBitMap*) 0x0000023c355a36c0, (CMBitMap*) 0x0000023c355a3688
 Prev Bits: [0x0000023c49fe0000, 0x0000023c4b7e0000)
 Next Bits: [0x0000023c487e0000, 0x0000023c49fe0000)

Polling page: 0x0000023c334d0000

Metaspace:

Usage:
  Non-class:     72.94 MB capacity,    71.50 MB ( 98%) used,     1.22 MB (  2%) free+waste,   228.69 KB ( <1%) overhead. 
      Class:     11.04 MB capacity,    10.27 MB ( 93%) used,   691.88 KB (  6%) free+waste,   100.94 KB ( <1%) overhead. 
       Both:     83.98 MB capacity,    81.76 MB ( 97%) used,     1.89 MB (  2%) free+waste,   329.63 KB ( <1%) overhead. 

Virtual space:
  Non-class space:       74.00 MB reserved,      72.95 MB ( 99%) committed 
      Class space:        1.00 GB reserved,      11.13 MB (  1%) committed 
             Both:        1.07 GB reserved,      84.07 MB (  8%) committed 

Chunk freelists:
   Non-Class:  13.00 KB
       Class:  0 bytes
        Both:  13.00 KB

MaxMetaspaceSize: 17179869184.00 GB
CompressedClassSpaceSize: 1.00 GB

CodeHeap 'non-profiled nmethods': size=120064Kb used=7756Kb max_used=7756Kb free=112307Kb
 bounds [0x0000023c409a0000, 0x0000023c41150000, 0x0000023c47ee0000]
CodeHeap 'profiled nmethods': size=120000Kb used=22329Kb max_used=24725Kb free=97670Kb
 bounds [0x0000023c39470000, 0x0000023c3aca0000, 0x0000023c409a0000]
CodeHeap 'non-nmethods': size=5696Kb used=2252Kb max_used=2324Kb free=3443Kb
 bounds [0x0000023c38ee0000, 0x0000023c39150000, 0x0000023c39470000]
 total_blobs=11640 nmethods=10797 adapters=754
 compilation: enabled
              stopped_count=0, restarted_count=0
 full_count=0

Compilation events (20 events):
Event: 506.562 Thread 0x0000023c4e571000 12209       3       jdk.internal.reflect.ClassFileAssembler::opc_aaload (11 bytes)
Event: 506.562 Thread 0x0000023c4e571000 nmethod 12209 0x0000023c3976d710 code [0x0000023c3976d8e0, 0x0000023c3976db48]
Event: 506.565 Thread 0x0000023c4e571000 12210       3       java.util.concurrent.CopyOnWriteArraySet::add (9 bytes)
Event: 506.565 Thread 0x0000023c4e571000 nmethod 12210 0x0000023c39785310 code [0x0000023c397854e0, 0x0000023c39785798]
Event: 506.565 Thread 0x0000023c4e571000 12211       3       java.util.concurrent.CopyOnWriteArrayList::addIfAbsent (31 bytes)
Event: 506.565 Thread 0x0000023c4e571000 nmethod 12211 0x0000023c3977ec90 code [0x0000023c3977ee60, 0x0000023c3977f098]
Event: 506.567 Thread 0x0000023c4e571000 12212       3       jdk.internal.reflect.ClassFileAssembler::emitMagicAndVersion (18 bytes)
Event: 506.567 Thread 0x0000023c4e571000 nmethod 12212 0x0000023c39799d90 code [0x0000023c39799fc0, 0x0000023c3979a568]
Event: 506.567 Thread 0x0000023c4e571000 12214       3       jdk.internal.reflect.MethodAccessorGenerator::numNonPrimitiveParameterTypes (36 bytes)
Event: 506.568 Thread 0x0000023c4e571000 nmethod 12214 0x0000023c39790110 code [0x0000023c397902c0, 0x0000023c397904f8]
Event: 506.568 Thread 0x0000023c4e571000 12213       3       jdk.internal.reflect.MethodAccessorGenerator::usesPrimitiveTypes (45 bytes)
Event: 506.568 Thread 0x0000023c4e56d800 nmethod 12190 0x0000023c40dc0a90 code [0x0000023c40dc0c80, 0x0000023c40dc17d8]
Event: 506.568 Thread 0x0000023c4e571000 nmethod 12213 0x0000023c39791110 code [0x0000023c397912e0, 0x0000023c397915b8]
Event: 506.568 Thread 0x0000023c4e56d800 12206       4       com.google.common.collect.ImmutableSet::construct (252 bytes)
Event: 506.570 Thread 0x0000023c4e571000 12215       3       jdk.internal.reflect.ClassFileAssembler::opc_aload_2 (24 bytes)
Event: 506.571 Thread 0x0000023c4e571000 nmethod 12215 0x0000023c3979b110 code [0x0000023c3979b2e0, 0x0000023c3979b628]
Event: 506.571 Thread 0x0000023c4e571000 12216       3       java.lang.Integer::toHexString (6 bytes)
Event: 506.571 Thread 0x0000023c4e571000 nmethod 12216 0x0000023c39701510 code [0x0000023c397016c0, 0x0000023c397017c8]
Event: 506.571 Thread 0x0000023c4e571000 12217       3       java.lang.Integer::toUnsignedString0 (78 bytes)
Event: 506.571 Thread 0x0000023c4e571000 nmethod 12217 0x0000023c3979d990 code [0x0000023c3979db80, 0x0000023c3979dfd8]

GC Heap History (20 events):
Event: 10.544 GC heap before
{Heap before GC invocations=10 (full 0):
 garbage-first heap   total 196608K, used 122105K [0x00000000a0000000, 0x0000000100000000)
  region size 1024K, 96 young (98304K), 13 survivors (13312K)
 Metaspace       used 58695K, capacity 60045K, committed 60160K, reserved 1101824K
  class space    used 7415K, capacity 7930K, committed 7936K, reserved 1048576K
}
Event: 10.575 GC heap after
{Heap after GC invocations=11 (full 0):
 garbage-first heap   total 196608K, used 45392K [0x00000000a0000000, 0x0000000100000000)
  region size 1024K, 7 young (7168K), 7 survivors (7168K)
 Metaspace       used 58695K, capacity 60045K, committed 60160K, reserved 1101824K
  class space    used 7415K, capacity 7930K, committed 7936K, reserved 1048576K
}
Event: 11.998 GC heap before
{Heap before GC invocations=12 (full 0):
 garbage-first heap   total 196608K, used 138576K [0x00000000a0000000, 0x0000000100000000)
  region size 1024K, 98 young (100352K), 7 survivors (7168K)
 Metaspace       used 65020K, capacity 66547K, committed 66636K, reserved 1107968K
  class space    used 8453K, capacity 9025K, committed 9088K, reserved 1048576K
}
Event: 12.015 GC heap after
{Heap after GC invocations=13 (full 0):
 garbage-first heap   total 196608K, used 52048K [0x00000000a0000000, 0x0000000100000000)
  region size 1024K, 13 young (13312K), 13 survivors (13312K)
 Metaspace       used 65020K, capacity 66547K, committed 66636K, reserved 1107968K
  class space    used 8453K, capacity 9025K, committed 9088K, reserved 1048576K
}
Event: 13.778 GC heap before
{Heap before GC invocations=13 (full 0):
 garbage-first heap   total 196608K, used 144208K [0x00000000a0000000, 0x0000000100000000)
  region size 1024K, 103 young (105472K), 13 survivors (13312K)
 Metaspace       used 74364K, capacity 76152K, committed 76236K, reserved 1116160K
  class space    used 9737K, capacity 10418K, committed 10496K, reserved 1048576K
}
Event: 13.803 GC heap after
{Heap after GC invocations=14 (full 0):
 garbage-first heap   total 196608K, used 58697K [0x00000000a0000000, 0x0000000100000000)
  region size 1024K, 7 young (7168K), 7 survivors (7168K)
 Metaspace       used 74364K, capacity 76152K, committed 76236K, reserved 1116160K
  class space    used 9737K, capacity 10418K, committed 10496K, reserved 1048576K
}
Event: 16.192 GC heap before
{Heap before GC invocations=14 (full 0):
 garbage-first heap   total 196608K, used 148809K [0x00000000a0000000, 0x0000000100000000)
  region size 1024K, 96 young (98304K), 7 survivors (7168K)
 Metaspace       used 76880K, capacity 78746K, committed 78796K, reserved 1118208K
  class space    used 10014K, capacity 10712K, committed 10752K, reserved 1048576K
}
Event: 16.214 GC heap after
{Heap after GC invocations=15 (full 0):
 garbage-first heap   total 196608K, used 63817K [0x00000000a0000000, 0x0000000100000000)
  region size 1024K, 12 young (12288K), 12 survivors (12288K)
 Metaspace       used 76880K, capacity 78746K, committed 78796K, reserved 1118208K
  class space    used 10014K, capacity 10712K, committed 10752K, reserved 1048576K
}
Event: 18.635 GC heap before
{Heap before GC invocations=15 (full 0):
 garbage-first heap   total 196608K, used 151881K [0x00000000a0000000, 0x0000000100000000)
  region size 1024K, 99 young (101376K), 12 survivors (12288K)
 Metaspace       used 77622K, capacity 79555K, committed 79692K, reserved 1118208K
  class space    used 10078K, capacity 10770K, committed 10880K, reserved 1048576K
}
Event: 18.664 GC heap after
{Heap after GC invocations=16 (full 0):
 garbage-first heap   total 196608K, used 68855K [0x00000000a0000000, 0x0000000100000000)
  region size 1024K, 11 young (11264K), 11 survivors (11264K)
 Metaspace       used 77622K, capacity 79555K, committed 79692K, reserved 1118208K
  class space    used 10078K, capacity 10770K, committed 10880K, reserved 1048576K
}
Event: 173.188 GC heap before
{Heap before GC invocations=16 (full 0):
 garbage-first heap   total 196608K, used 154871K [0x00000000a0000000, 0x0000000100000000)
  region size 1024K, 96 young (98304K), 11 survivors (11264K)
 Metaspace       used 81195K, capacity 83209K, committed 83276K, reserved 1122304K
  class space    used 10356K, capacity 11082K, committed 11136K, reserved 1048576K
}
Event: 173.230 GC heap after
{Heap after GC invocations=17 (full 0):
 garbage-first heap   total 196608K, used 69339K [0x00000000a0000000, 0x0000000100000000)
  region size 1024K, 6 young (6144K), 6 survivors (6144K)
 Metaspace       used 81195K, capacity 83209K, committed 83276K, reserved 1122304K
  class space    used 10356K, capacity 11082K, committed 11136K, reserved 1048576K
}
Event: 175.960 GC heap before
{Heap before GC invocations=17 (full 0):
 garbage-first heap   total 196608K, used 157403K [0x00000000a0000000, 0x0000000100000000)
  region size 1024K, 93 young (95232K), 6 survivors (6144K)
 Metaspace       used 82019K, capacity 84018K, committed 84300K, reserved 1122304K
  class space    used 10370K, capacity 11105K, committed 11136K, reserved 1048576K
}
Event: 175.976 GC heap after
{Heap after GC invocations=18 (full 0):
 garbage-first heap   total 196608K, used 74815K [0x00000000a0000000, 0x0000000100000000)
  region size 1024K, 12 young (12288K), 12 survivors (12288K)
 Metaspace       used 82019K, capacity 84018K, committed 84300K, reserved 1122304K
  class space    used 10370K, capacity 11105K, committed 11136K, reserved 1048576K
}
Event: 177.363 GC heap before
{Heap before GC invocations=18 (full 0):
 garbage-first heap   total 196608K, used 158783K [0x00000000a0000000, 0x0000000100000000)
  region size 1024K, 95 young (97280K), 12 survivors (12288K)
 Metaspace       used 82136K, capacity 84222K, committed 84300K, reserved 1122304K
  class space    used 10371K, capacity 11107K, committed 11136K, reserved 1048576K
}
Event: 177.378 GC heap after
{Heap after GC invocations=19 (full 0):
 garbage-first heap   total 196608K, used 76145K [0x00000000a0000000, 0x0000000100000000)
  region size 1024K, 7 young (7168K), 7 survivors (7168K)
 Metaspace       used 82136K, capacity 84222K, committed 84300K, reserved 1122304K
  class space    used 10371K, capacity 11107K, committed 11136K, reserved 1048576K
}
Event: 373.698 GC heap before
{Heap before GC invocations=19 (full 0):
 garbage-first heap   total 196608K, used 161137K [0x00000000a0000000, 0x0000000100000000)
  region size 1024K, 91 young (93184K), 7 survivors (7168K)
 Metaspace       used 82717K, capacity 84714K, committed 84812K, reserved 1122304K
  class space    used 10384K, capacity 11126K, committed 11136K, reserved 1048576K
}
Event: 373.708 GC heap after
{Heap after GC invocations=20 (full 0):
 garbage-first heap   total 196608K, used 75935K [0x00000000a0000000, 0x0000000100000000)
  region size 1024K, 6 young (6144K), 6 survivors (6144K)
 Metaspace       used 82717K, capacity 84714K, committed 84812K, reserved 1122304K
  class space    used 10384K, capacity 11126K, committed 11136K, reserved 1048576K
}
Event: 374.969 GC heap before
{Heap before GC invocations=20 (full 0):
 garbage-first heap   total 196608K, used 159903K [0x00000000a0000000, 0x0000000100000000)
  region size 1024K, 89 young (91136K), 6 survivors (6144K)
 Metaspace       used 82815K, capacity 84866K, committed 85068K, reserved 1124352K
  class space    used 10388K, capacity 11132K, committed 11136K, reserved 1048576K
}
Event: 374.979 GC heap after
{Heap after GC invocations=21 (full 0):
 garbage-first heap   total 196608K, used 77259K [0x00000000a0000000, 0x0000000100000000)
  region size 1024K, 7 young (7168K), 7 survivors (7168K)
 Metaspace       used 82815K, capacity 84866K, committed 85068K, reserved 1124352K
  class space    used 10388K, capacity 11132K, committed 11136K, reserved 1048576K
}

Deoptimization events (20 events):
Event: 506.535 Thread 0x0000023c52df0800 Uncommon trap: trap_request=0xffffffd6 fr.pc=0x0000023c40d98ab8 relative=0x0000000000000b98
Event: 506.535 Thread 0x0000023c52df0800 Uncommon trap: reason=array_check action=maybe_recompile pc=0x0000023c40d98ab8 method=com.google.common.collect.ImmutableSet.construct(I[Ljava/lang/Object;)Lcom/google/common/collect/ImmutableSet; @ 122 c2
Event: 506.535 Thread 0x0000023c52df0800 DEOPT PACKING pc=0x0000023c40d98ab8 sp=0x00000080be3f9e90
Event: 506.535 Thread 0x0000023c52df0800 DEOPT UNPACKING pc=0x0000023c38f074af sp=0x00000080be3f9e28 mode 2
Event: 506.549 Thread 0x0000023c52df0800 Uncommon trap: trap_request=0xffffff4d fr.pc=0x0000023c40a4141c relative=0x000000000000045c
Event: 506.549 Thread 0x0000023c52df0800 Uncommon trap: reason=unstable_if action=reinterpret pc=0x0000023c40a4141c method=org.gradle.internal.io.StreamByteBuffer.prepareRead()I @ 30 c2
Event: 506.549 Thread 0x0000023c52df0800 DEOPT PACKING pc=0x0000023c40a4141c sp=0x00000080be3fb010
Event: 506.549 Thread 0x0000023c52df0800 DEOPT UNPACKING pc=0x0000023c38f074af sp=0x00000080be3faf50 mode 2
Event: 506.576 Thread 0x0000023c52df0800 Uncommon trap: trap_request=0xffffffde fr.pc=0x0000023c40a84e1c relative=0x00000000000011fc
Event: 506.576 Thread 0x0000023c52df0800 Uncommon trap: reason=class_check action=maybe_recompile pc=0x0000023c40a84e1c method=org.gradle.internal.snapshot.impl.DirectorySnapshotter$PathVisitor.snapshotFile(Ljava/nio/file/Path;Ljava/lang/String;Ljava/nio/file/attribute/BasicFileAttributes;Lorg/g
Event: 506.576 Thread 0x0000023c52df0800 DEOPT PACKING pc=0x0000023c40a84e1c sp=0x00000080be3fac80
Event: 506.576 Thread 0x0000023c52df0800 DEOPT UNPACKING pc=0x0000023c38f074af sp=0x00000080be3fab90 mode 2
Event: 506.576 Thread 0x0000023c52df0800 Uncommon trap: trap_request=0xffffffde fr.pc=0x0000023c40a84e1c relative=0x00000000000011fc
Event: 506.576 Thread 0x0000023c52df0800 Uncommon trap: reason=class_check action=maybe_recompile pc=0x0000023c40a84e1c method=org.gradle.internal.snapshot.impl.DirectorySnapshotter$PathVisitor.snapshotFile(Ljava/nio/file/Path;Ljava/lang/String;Ljava/nio/file/attribute/BasicFileAttributes;Lorg/g
Event: 506.576 Thread 0x0000023c52df0800 DEOPT PACKING pc=0x0000023c40a84e1c sp=0x00000080be3fac80
Event: 506.576 Thread 0x0000023c52df0800 DEOPT UNPACKING pc=0x0000023c38f074af sp=0x00000080be3fab90 mode 2
Event: 506.576 Thread 0x0000023c52df0800 Uncommon trap: trap_request=0xffffffde fr.pc=0x0000023c40a84e1c relative=0x00000000000011fc
Event: 506.576 Thread 0x0000023c52df0800 Uncommon trap: reason=class_check action=maybe_recompile pc=0x0000023c40a84e1c method=org.gradle.internal.snapshot.impl.DirectorySnapshotter$PathVisitor.snapshotFile(Ljava/nio/file/Path;Ljava/lang/String;Ljava/nio/file/attribute/BasicFileAttributes;Lorg/g
Event: 506.576 Thread 0x0000023c52df0800 DEOPT PACKING pc=0x0000023c40a84e1c sp=0x00000080be3fac80
Event: 506.576 Thread 0x0000023c52df0800 DEOPT UNPACKING pc=0x0000023c38f074af sp=0x00000080be3fab90 mode 2

Classes redefined (0 events):
No events

Internal exceptions (20 events):
Event: 506.523 Thread 0x0000023c52df0800 Exception <a 'java/lang/NoSuchMethodError'{0x00000000aa310f68}: <clinit>> (0x00000000aa310f68) thrown at [./src/hotspot/share/prims/jni.cpp, line 1362]
Event: 506.525 Thread 0x0000023c52df0800 Exception <a 'java/lang/NoSuchMethodError'{0x00000000aa3277b0}: <clinit>> (0x00000000aa3277b0) thrown at [./src/hotspot/share/prims/jni.cpp, line 1362]
Event: 506.527 Thread 0x0000023c52df0800 Exception <a 'java/lang/NoSuchMethodError'{0x00000000aa352348}: <clinit>> (0x00000000aa352348) thrown at [./src/hotspot/share/prims/jni.cpp, line 1362]
Event: 506.527 Thread 0x0000023c52df0800 Exception <a 'java/lang/NoSuchMethodError'{0x00000000aa35dc00}: <clinit>> (0x00000000aa35dc00) thrown at [./src/hotspot/share/prims/jni.cpp, line 1362]
Event: 506.528 Thread 0x0000023c52df0800 Exception <a 'java/lang/NoSuchMethodError'{0x00000000aa36a0a8}: <clinit>> (0x00000000aa36a0a8) thrown at [./src/hotspot/share/prims/jni.cpp, line 1362]
Event: 506.532 Thread 0x0000023c52df0800 Exception <a 'java/lang/NoSuchMethodError'{0x00000000aa39f978}: <clinit>> (0x00000000aa39f978) thrown at [./src/hotspot/share/prims/jni.cpp, line 1362]
Event: 506.534 Thread 0x0000023c52df0800 Exception <a 'java/lang/NoSuchMethodError'{0x00000000aa3b3220}: <clinit>> (0x00000000aa3b3220) thrown at [./src/hotspot/share/prims/jni.cpp, line 1362]
Event: 506.535 Thread 0x0000023c52df0800 Exception <a 'java/lang/NoSuchMethodError'{0x00000000aa3ca5e8}: <clinit>> (0x00000000aa3ca5e8) thrown at [./src/hotspot/share/prims/jni.cpp, line 1362]
Event: 506.537 Thread 0x0000023c52df0800 Exception <a 'java/lang/NoSuchMethodError'{0x00000000aa3df068}: <clinit>> (0x00000000aa3df068) thrown at [./src/hotspot/share/prims/jni.cpp, line 1362]
Event: 506.540 Thread 0x0000023c52df0800 Exception <a 'java/lang/NoSuchMethodError'{0x00000000aa3f8fc8}: <clinit>> (0x00000000aa3f8fc8) thrown at [./src/hotspot/share/prims/jni.cpp, line 1362]
Event: 506.541 Thread 0x0000023c52df0800 Exception <a 'java/lang/NoSuchMethodError'{0x00000000aa203100}: <clinit>> (0x00000000aa203100) thrown at [./src/hotspot/share/prims/jni.cpp, line 1362]
Event: 506.542 Thread 0x0000023c52df0800 Exception <a 'java/lang/NoSuchMethodError'{0x00000000aa20cee8}: <clinit>> (0x00000000aa20cee8) thrown at [./src/hotspot/share/prims/jni.cpp, line 1362]
Event: 506.542 Thread 0x0000023c52df0800 Exception <a 'java/lang/NoSuchMethodError'{0x00000000aa2165e8}: <clinit>> (0x00000000aa2165e8) thrown at [./src/hotspot/share/prims/jni.cpp, line 1362]
Event: 506.549 Thread 0x0000023c52df0800 Exception <a 'java/lang/NoSuchMethodError'{0x00000000aa2c9d70}: <clinit>> (0x00000000aa2c9d70) thrown at [./src/hotspot/share/prims/jni.cpp, line 1362]
Event: 506.550 Thread 0x0000023c52df0800 Exception <a 'java/lang/NoSuchMethodError'{0x00000000aa2cc7a8}: <clinit>> (0x00000000aa2cc7a8) thrown at [./src/hotspot/share/prims/jni.cpp, line 1362]
Event: 506.550 Thread 0x0000023c52df0800 Exception <a 'java/lang/NoSuchMethodError'{0x00000000aa2cddb0}: <clinit>> (0x00000000aa2cddb0) thrown at [./src/hotspot/share/prims/jni.cpp, line 1362]
Event: 506.550 Thread 0x0000023c52df0800 Exception <a 'java/lang/NoSuchMethodError'{0x00000000aa2cf348}: <clinit>> (0x00000000aa2cf348) thrown at [./src/hotspot/share/prims/jni.cpp, line 1362]
Event: 506.550 Thread 0x0000023c52df0800 Exception <a 'java/lang/NoSuchMethodError'{0x00000000aa2d0d60}: <clinit>> (0x00000000aa2d0d60) thrown at [./src/hotspot/share/prims/jni.cpp, line 1362]
Event: 506.550 Thread 0x0000023c52df0800 Exception <a 'java/lang/NoSuchMethodError'{0x00000000aa2d23f8}: <clinit>> (0x00000000aa2d23f8) thrown at [./src/hotspot/share/prims/jni.cpp, line 1362]
Event: 506.550 Thread 0x0000023c52df0800 Exception <a 'java/lang/NoSuchMethodError'{0x00000000aa2d3930}: <clinit>> (0x00000000aa2d3930) thrown at [./src/hotspot/share/prims/jni.cpp, line 1362]

Events (20 events):
Event: 506.576 loading class org/gradle/internal/classpath/ClasspathBuilder$EntryBuilder
Event: 506.576 loading class org/gradle/internal/classpath/ClasspathBuilder$EntryBuilder done
Event: 506.577 loading class org/gradle/internal/classpath/InstrumentingClasspathFileTransformer
Event: 506.577 loading class org/gradle/internal/classpath/InstrumentingClasspathFileTransformer done
Event: 506.577 loading class org/gradle/internal/classpath/ClasspathBuilder$Action
Event: 506.577 loading class org/gradle/internal/classpath/ClasspathBuilder$Action done
Event: 506.578 loading class org/apache/tools/zip/ZipOutputStream
Event: 506.578 loading class org/apache/tools/zip/ZipOutputStream done
Event: 506.579 Executing VM operation: RevokeBias
Event: 506.579 Executing VM operation: RevokeBias done
Event: 506.579 Executing VM operation: RevokeBias
Event: 506.579 Executing VM operation: RevokeBias done
Event: 506.581 Executing VM operation: RevokeBias
Event: 506.581 Executing VM operation: RevokeBias done
Event: 506.581 loading class org/apache/tools/zip/Zip64RequiredException
Event: 506.581 loading class org/apache/tools/zip/Zip64RequiredException done
Event: 506.581 loading class org/apache/tools/zip/ZipExtraField
Event: 506.581 loading class org/apache/tools/zip/ZipExtraField done
Event: 506.582 loading class org/apache/tools/zip/ZipLong
Event: 506.582 loading class org/apache/tools/zip/ZipLong done


Dynamic libraries:
0x00007ff7dfc90000 - 0x00007ff7dfc9a000 	D:\Program Files\Android\Android Studio\jre\bin\java.exe
0x00007ff966a20000 - 0x00007ff966c27000 	C:\WINDOWS\SYSTEM32\ntdll.dll
0x00007ff9653e0000 - 0x00007ff96549d000 	C:\WINDOWS\System32\KERNEL32.DLL
0x00007ff964090000 - 0x00007ff964404000 	C:\WINDOWS\System32\KERNELBASE.dll
0x00007ff961130000 - 0x00007ff9611c1000 	C:\WINDOWS\SYSTEM32\apphelp.dll
0x00007ff964490000 - 0x00007ff9645a1000 	C:\WINDOWS\System32\ucrtbase.dll
0x00007ff94eda0000 - 0x00007ff94edb9000 	D:\Program Files\Android\Android Studio\jre\bin\jli.dll
0x00007ff966800000 - 0x00007ff9669ac000 	C:\WINDOWS\System32\USER32.dll
0x00007ff963fc0000 - 0x00007ff963fe6000 	C:\WINDOWS\System32\win32u.dll
0x00007ff9669b0000 - 0x00007ff9669d9000 	C:\WINDOWS\System32\GDI32.dll
0x00007ff964620000 - 0x00007ff964732000 	C:\WINDOWS\System32\gdi32full.dll
0x00007ff963ff0000 - 0x00007ff96408d000 	C:\WINDOWS\System32\msvcp_win.dll
0x00007ff93ab10000 - 0x00007ff93ab27000 	D:\Program Files\Android\Android Studio\jre\bin\VCRUNTIME140.dll
0x00007ff94ca30000 - 0x00007ff94ccd5000 	C:\WINDOWS\WinSxS\amd64_microsoft.windows.common-controls_6595b64144ccf1df_6.0.22000.120_none_9d947278b86cc467\COMCTL32.dll
0x00007ff965e70000 - 0x00007ff965f13000 	C:\WINDOWS\System32\msvcrt.dll
0x00007ff9654a0000 - 0x00007ff9654d1000 	C:\WINDOWS\System32\IMM32.DLL
0x00007ff93a890000 - 0x00007ff93a92d000 	D:\Program Files\Android\Android Studio\jre\bin\msvcp140.dll
0x00007ff8f9520000 - 0x00007ff8f9fdc000 	D:\Program Files\Android\Android Studio\jre\bin\server\jvm.dll
0x00007ff965fa0000 - 0x00007ff96604c000 	C:\WINDOWS\System32\ADVAPI32.dll
0x00007ff964c40000 - 0x00007ff964cdd000 	C:\WINDOWS\System32\sechost.dll
0x00007ff9654f0000 - 0x00007ff965611000 	C:\WINDOWS\System32\RPCRT4.dll
0x00007ff964df0000 - 0x00007ff964df8000 	C:\WINDOWS\System32\PSAPI.DLL
0x00007ff93dcf0000 - 0x00007ff93dcf9000 	C:\WINDOWS\SYSTEM32\WSOCK32.dll
0x00007ff964bd0000 - 0x00007ff964c3f000 	C:\WINDOWS\System32\WS2_32.dll
0x00007ff95ec50000 - 0x00007ff95ec83000 	C:\WINDOWS\SYSTEM32\WINMM.dll
0x00007ff95ce10000 - 0x00007ff95ce1a000 	C:\WINDOWS\SYSTEM32\VERSION.dll
0x00007ff962ff0000 - 0x00007ff963008000 	C:\WINDOWS\SYSTEM32\kernel.appcore.dll
0x00007ff953300000 - 0x00007ff953311000 	D:\Program Files\Android\Android Studio\jre\bin\verify.dll
0x00007ff961cb0000 - 0x00007ff961ed1000 	C:\WINDOWS\SYSTEM32\DBGHELP.DLL
0x00007ff953fa0000 - 0x00007ff953fd1000 	C:\WINDOWS\SYSTEM32\dbgcore.DLL
0x00007ff964410000 - 0x00007ff964490000 	C:\WINDOWS\System32\bcryptPrimitives.dll
0x00007ff952e70000 - 0x00007ff952e99000 	D:\Program Files\Android\Android Studio\jre\bin\java.dll
0x00007ff960170000 - 0x00007ff96017b000 	D:\Program Files\Android\Android Studio\jre\bin\jimage.dll
0x00007ff93ec20000 - 0x00007ff93ec38000 	D:\Program Files\Android\Android Studio\jre\bin\zip.dll
0x00007ff966050000 - 0x00007ff9667f9000 	C:\WINDOWS\System32\SHELL32.dll
0x00007ff962070000 - 0x00007ff9628d2000 	C:\WINDOWS\SYSTEM32\windows.storage.dll
0x00007ff964f50000 - 0x00007ff9652c8000 	C:\WINDOWS\System32\combase.dll
0x00007ff961f00000 - 0x00007ff962066000 	C:\WINDOWS\SYSTEM32\wintypes.dll
0x00007ff964920000 - 0x00007ff964a0a000 	C:\WINDOWS\System32\SHCORE.dll
0x00007ff964d70000 - 0x00007ff964dcd000 	C:\WINDOWS\System32\shlwapi.dll
0x00007ff963e30000 - 0x00007ff963e51000 	C:\WINDOWS\SYSTEM32\profapi.dll
0x00007ff93dee0000 - 0x00007ff93defa000 	D:\Program Files\Android\Android Studio\jre\bin\net.dll
0x00007ff95dab0000 - 0x00007ff95dbbc000 	C:\WINDOWS\SYSTEM32\WINHTTP.dll
0x00007ff9633f0000 - 0x00007ff963457000 	C:\WINDOWS\system32\mswsock.dll
0x00007ff93dec0000 - 0x00007ff93ded4000 	D:\Program Files\Android\Android Studio\jre\bin\nio.dll
0x00007ff95be90000 - 0x00007ff95beb7000 	C:\Users\Bhanuka kamantha\.gradle\native\fdc75f09e3144964f2cf3f50f0aa648679c211496f362492102eb8c894070792\windows-amd64\native-platform.dll
0x00007ff936fa0000 - 0x00007ff937136000 	C:\Users\Bhanuka kamantha\.gradle\native\12488b8bf47d2d4c9fbf2f6322a914ad602e24e48041cd04a747c6da556b65c4\windows-amd64\native-platform-file-events.dll
0x00007ff960d30000 - 0x00007ff960d3a000 	D:\Program Files\Android\Android Studio\jre\bin\management.dll
0x00007ff960d20000 - 0x00007ff960d2c000 	D:\Program Files\Android\Android Studio\jre\bin\management_ext.dll
0x00007ff9636c0000 - 0x00007ff9636d8000 	C:\WINDOWS\SYSTEM32\CRYPTSP.dll
0x00007ff962f50000 - 0x00007ff962f85000 	C:\WINDOWS\system32\rsaenh.dll
0x00007ff963490000 - 0x00007ff9634b9000 	C:\WINDOWS\SYSTEM32\USERENV.dll
0x00007ff963800000 - 0x00007ff963827000 	C:\WINDOWS\SYSTEM32\bcrypt.dll
0x00007ff9635e0000 - 0x00007ff9635ec000 	C:\WINDOWS\SYSTEM32\CRYPTBASE.dll
0x00007ff962b30000 - 0x00007ff962b5d000 	C:\WINDOWS\SYSTEM32\IPHLPAPI.DLL
0x00007ff964e00000 - 0x00007ff964e09000 	C:\WINDOWS\System32\NSI.dll
0x00007ff95d290000 - 0x00007ff95d2a9000 	C:\WINDOWS\SYSTEM32\dhcpcsvc6.DLL
0x00007ff95e130000 - 0x00007ff95e14e000 	C:\WINDOWS\SYSTEM32\dhcpcsvc.DLL
0x00007ff962ba0000 - 0x00007ff962c87000 	C:\WINDOWS\SYSTEM32\DNSAPI.dll
0x00007ff95c940000 - 0x00007ff95c94c000 	C:\WINDOWS\SYSTEM32\WINNSI.DLL

dbghelp: loaded successfully - version: 4.0.5 - missing functions: none
symbol engine: initialized successfully - sym options: 0x614 - pdb path: .;D:\Program Files\Android\Android Studio\jre\bin;C:\WINDOWS\SYSTEM32;C:\WINDOWS\WinSxS\amd64_microsoft.windows.common-controls_6595b64144ccf1df_6.0.22000.120_none_9d947278b86cc467;D:\Program Files\Android\Android Studio\jre\bin\server;C:\Users\Bhanuka kamantha\.gradle\native\fdc75f09e3144964f2cf3f50f0aa648679c211496f362492102eb8c894070792\windows-amd64;C:\Users\Bhanuka kamantha\.gradle\native\12488b8bf47d2d4c9fbf2f6322a914ad602e24e48041cd04a747c6da556b65c4\windows-amd64

VM Arguments:
jvm_args: --add-opens=java.base/java.util=ALL-UNNAMED --add-opens=java.base/java.lang=ALL-UNNAMED --add-opens=java.base/java.lang.invoke=ALL-UNNAMED --add-opens=java.prefs/java.util.prefs=ALL-UNNAMED -Xmx1536m -Dfile.encoding=windows-1252 -Duser.country=US -Duser.language=en -Duser.variant 
java_command: org.gradle.launcher.daemon.bootstrap.GradleDaemon 6.7.1
java_class_path (initial): C:\Users\Bhanuka kamantha\.gradle\wrapper\dists\gradle-6.7.1-bin\bwlcbys1h7rz3272sye1xwiv6\gradle-6.7.1\lib\gradle-launcher-6.7.1.jar
Launcher Type: SUN_STANDARD

[Global flags]
     intx CICompilerCount                          = 3                                         {product} {ergonomic}
     uint ConcGCThreads                            = 1                                         {product} {ergonomic}
     uint G1ConcRefinementThreads                  = 4                                         {product} {ergonomic}
   size_t G1HeapRegionSize                         = 1048576                                   {product} {ergonomic}
    uintx GCDrainStackTargetSize                   = 64                                        {product} {ergonomic}
   size_t InitialHeapSize                          = 201326592                                 {product} {ergonomic}
   size_t MarkStackSize                            = 4194304                                   {product} {ergonomic}
   size_t MaxHeapSize                              = 1610612736                                {product} {command line}
   size_t MaxNewSize                               = 965738496                                 {product} {ergonomic}
   size_t MinHeapDeltaBytes                        = 1048576                                   {product} {ergonomic}
    uintx NonNMethodCodeHeapSize                   = 5830732                                {pd product} {ergonomic}
    uintx NonProfiledCodeHeapSize                  = 122913754                              {pd product} {ergonomic}
    uintx ProfiledCodeHeapSize                     = 122913754                              {pd product} {ergonomic}
    uintx ReservedCodeCacheSize                    = 251658240                              {pd product} {ergonomic}
     bool SegmentedCodeCache                       = true                                      {product} {ergonomic}
     bool UseCompressedClassPointers               = true                                 {lp64_product} {ergonomic}
     bool UseCompressedOops                        = true                                 {lp64_product} {ergonomic}
     bool UseG1GC                                  = true                                      {product} {ergonomic}
     bool UseLargePagesIndividualAllocation        = false                                  {pd product} {ergonomic}

Logging:
Log output configuration:
 #0: stdout all=warning uptime,level,tags
 #1: stderr all=off uptime,level,tags

Environment Variables:
JAVA_HOME=D:\Program Files\Java\jdk-16.0.1
PATH=C:\Program Files\Common Files\Oracle\Java\javapath;C:\python\Scripts\;C:\python\;C:\WINDOWS\system32;C:\WINDOWS;C:\WINDOWS\System32\Wbem;C:\WINDOWS\System32\WindowsPowerShell\v1.0\;C:\WINDOWS\System32\OpenSSH\;C:\Program Files\nodejs\;C:\ProgramData\chocolatey\bin;D:\Program Files\Polyspace\R2021a\runtime\win64;D:\Program Files\Polyspace\R2021a\bin;D:\Program Files\Polyspace\R2021a\polyspace\bin;D:\Program Files\Java\jdk-16.0.1\bin;C:\Program Files\Git\cmd;C:\Program Files\PowerShell\7\;C:\MinGW\bin;C:\python\Python38\Scripts\;C:\python\Python38\;C:\Users\Bhanuka kamantha\AppData\Local\Microsoft\WindowsApps;;C:\Users\Bhanuka kamantha\AppData\Local\Programs\Microsoft VS Code\bin;C:\Users\Bhanuka kamantha\AppData\Roaming\npm;C:\Program Files\heroku\bin
USERNAME=Bhanuka kamantha
OS=Windows_NT
PROCESSOR_IDENTIFIER=Intel64 Family 6 Model 142 Stepping 10, GenuineIntel



---------------  S Y S T E M  ---------------

OS: Windows 10 , 64 bit Build 22000 (10.0.22000.120)
OS uptime: 0 days 22:37 hours
HyperV virtualization detected

CPU:total 4 (initial active 4) (2 cores per cpu, 2 threads per core) family 6 model 142 stepping 10, cmov, cx8, fxsr, mmx, sse, sse2, sse3, ssse3, sse4.1, sse4.2, popcnt, avx, avx2, aes, clmul, erms, 3dnowpref, lzcnt, ht, tsc, tscinvbit, bmi1, bmi2, adx, fma

Memory: 4k page, system-wide physical 12197M (2272M free)
TotalPageFile size 15197M (AvailPageFile size 5M)
current process WorkingSet (physical memory assigned to process): 411M, peak: 437M
current process commit charge ("private bytes"): 443M, peak: 479M

vm_info: OpenJDK 64-Bit Server VM (11.0.8+10-b944.6842174) for windows-amd64 JRE (11.0.8+10-b944.6842174), built on Sep 19 2020 01:11:42 by "builder" with MS VC++ 14.0 (VS2015)

END.
