#
# There is insufficient memory for the Java Runtime Environment to continue.
# Native memory allocation (mmap) failed to map 40894464 bytes for Failed to commit area from 0x00000000ac000000 to 0x00000000ae700000 of length 40894464.
# Possible reasons:
#   The system is out of physical RAM or swap space
#   The process is running with CompressedOops enabled, and the Java Heap may be blocking the growth of the native heap
# Possible solutions:
#   Reduce memory load on the system
#   Increase physical memory or swap space
#   Check if swap backing store is full
#   Decrease Java heap size (-Xmx/-Xms)
#   Decrease number of Java threads
#   Decrease Java thread stack sizes (-Xss)
#   Set larger code cache with -XX:ReservedCodeCacheSize=
#   JVM is running with Unscaled Compressed Oops mode in which the Java heap is
#     placed in the first 4GB address space. The Java Heap base address is the
#     maximum limit for the native heap growth. Please use -XX:HeapBaseMinAddress
#     to set the Java Heap base and to place the Java Heap above 4GB virtual address.
# This output file may be truncated or incomplete.
#
#  Out of Memory Error (./src/hotspot/os/windows/os_windows.cpp:3303), pid=17740, tid=4316
#
# JRE version: OpenJDK Runtime Environment (11.0.8+10) (build 11.0.8+10-b944.6842174)
# Java VM: OpenJDK 64-Bit Server VM (11.0.8+10-b944.6842174, mixed mode, tiered, compressed oops, g1 gc, windows-amd64)
# No core dump will be written. Minidumps are not enabled by default on client versions of Windows
#

---------------  S U M M A R Y ------------

Command Line: --add-opens=java.base/java.util=ALL-UNNAMED --add-opens=java.base/java.lang=ALL-UNNAMED --add-opens=java.base/java.lang.invoke=ALL-UNNAMED --add-opens=java.prefs/java.util.prefs=ALL-UNNAMED -Xmx1536m -Dfile.encoding=windows-1252 -Duser.country=US -Duser.language=en -Duser.variant org.gradle.launcher.daemon.bootstrap.GradleDaemon 6.7.1

Host: Intel(R) Core(TM) i3-8130U CPU @ 2.20GHz, 4 cores, 11G,  Windows 10 , 64 bit Build 22000 (10.0.22000.120)
Time: Wed Sep 15 13:08:15 2021 Sri Lanka Standard Time elapsed time: 10 seconds (0d 0h 0m 10s)

---------------  T H R E A D  ---------------

Current thread (0x0000014dc9d96800):  VMThread "VM Thread" [stack: 0x0000000780800000,0x0000000780900000] [id=4316]

Stack: [0x0000000780800000,0x0000000780900000]
[error occurred during error reporting (printing stack bounds), id 0xc0000005, EXCEPTION_ACCESS_VIOLATION (0xc0000005) at pc=0x0000014db4fa0dad]

Native frames: (J=compiled Java code, j=interpreted, Vv=VM code, C=native code)
V  [jvm.dll+0x5de50a]
V  [jvm.dll+0x7122f5]
V  [jvm.dll+0x71384d]
V  [jvm.dll+0x713e65]
V  [jvm.dll+0x713e1b]
V  [jvm.dll+0x5dd958]
V  [jvm.dll+0x5de0f8]
C  [ntdll.dll+0xa826f]
C  [ntdll.dll+0x359ca]
C  [ntdll.dll+0xa727e]
C  0x0000014db4fa0dad

VM_Operation (0x0000000781ef6230): G1CollectForAllocation, mode: safepoint, requested by thread 0x0000014dccbb1800


---------------  P R O C E S S  ---------------

Threads class SMR info:
_java_thread_list=0x0000014dcd379af0, length=134, elements={
0x0000014db162e000, 0x0000014dc9dbc000, 0x0000014dc9dbf800, 0x0000014dca628800,
0x0000014dca629800, 0x0000014dca62b000, 0x0000014dca631000, 0x0000014dca63b800,
0x0000014dca7a2800, 0x0000014dca7bc000, 0x0000014dcc677000, 0x0000014dcc681000,
0x0000014dcc4e3800, 0x0000014dccbb5000, 0x0000014dcb4e5000, 0x0000014dcc143800,
0x0000014dccbb1800, 0x0000014dcb4e5800, 0x0000014dcbc48800, 0x0000014dcc4ff800,
0x0000014dcc500000, 0x0000014dcc502800, 0x0000014dcc4fe800, 0x0000014dcc501800,
0x0000014dcc4fd000, 0x0000014dcc503800, 0x0000014dcc4fd800, 0x0000014dced6e000,
0x0000014dced74000, 0x0000014dced70800, 0x0000014dced71800, 0x0000014dced6f000,
0x0000014dced72000, 0x0000014dced75800, 0x0000014dced74800, 0x0000014dced70000,
0x0000014dced76800, 0x0000014dced77000, 0x0000014dced78000, 0x0000014dced73000,
0x0000014dced79000, 0x0000014dced7a800, 0x0000014dced79800, 0x0000014dced7b000,
0x0000014dced7c000, 0x0000014dced7d000, 0x0000014dceb8c800, 0x0000014dceb8a800,
0x0000014dceb8e000, 0x0000014dceb8d000, 0x0000014dceb8f800, 0x0000014dceb90800,
0x0000014dceb91800, 0x0000014dceb8b800, 0x0000014dceb96000, 0x0000014dceb97000,
0x0000014dceb93800, 0x0000014dceb98000, 0x0000014dceb92000, 0x0000014dceb98800,
0x0000014dceb93000, 0x0000014dceb95800, 0x0000014dceb94800, 0x0000014dcc501000,
0x0000014dcf028800, 0x0000014dcf024000, 0x0000014dcf029800, 0x0000014dcf024800,
0x0000014dcf025800, 0x0000014dcf02c000, 0x0000014dcf02a800, 0x0000014dcf02b000,
0x0000014dcf026000, 0x0000014dcf02d000, 0x0000014dcf027000, 0x0000014dcf02d800,
0x0000014dcf028000, 0x0000014dcf031800, 0x0000014dcf032800, 0x0000014dcf02f000,
0x0000014dcf02e800, 0x0000014dcf031000, 0x0000014dcf030000, 0x0000014dcb83a000,
0x0000014dcb83b000, 0x0000014dcb839800, 0x0000014dcb835800, 0x0000014dcb837000,
0x0000014dcb83c000, 0x0000014dcb836000, 0x0000014dcb83c800, 0x0000014dcb83d800,
0x0000014dcb838800, 0x0000014dcb837800, 0x0000014dcb843000, 0x0000014dcb844000,
0x0000014dcb841800, 0x0000014dcb83f000, 0x0000014dcb840000, 0x0000014dcb840800,
0x0000014dcb842800, 0x0000014dcb83e800, 0x0000014dd2393800, 0x0000014dd2394800,
0x0000014dd2396000, 0x0000014dd2390800, 0x0000014dd2395000, 0x0000014dd2397000,
0x0000014dd2391000, 0x0000014dd2397800, 0x0000014dd2392800, 0x0000014dd2392000,
0x0000014dd2398800, 0x0000014dd2399800, 0x0000014dd239d800, 0x0000014dd239f000,
0x0000014dd239a000, 0x0000014dd239c800, 0x0000014dd239e000, 0x0000014dd239b000,
0x0000014dd239b800, 0x0000014dcf930800, 0x0000014dcf935000, 0x0000014dcf936000,
0x0000014dcf933800, 0x0000014dcf937000, 0x0000014dcf932000, 0x0000014dcf931000,
0x0000014dcf932800, 0x0000014dcf93a000, 0x0000014dcf934800, 0x0000014dcf93b000,
0x0000014dcf939800, 0x0000014dcf93d800
}

Java Threads: ( => current thread )
  0x0000014db162e000 JavaThread "main" [_thread_blocked, id=18784, stack(0x0000000780200000,0x0000000780300000)]
  0x0000014dc9dbc000 JavaThread "Reference Handler" daemon [_thread_blocked, id=6336, stack(0x0000000780900000,0x0000000780a00000)]
  0x0000014dc9dbf800 JavaThread "Finalizer" daemon [_thread_blocked, id=3360, stack(0x0000000780a00000,0x0000000780b00000)]
  0x0000014dca628800 JavaThread "Signal Dispatcher" daemon [_thread_blocked, id=21648, stack(0x0000000780b00000,0x0000000780c00000)]
  0x0000014dca629800 JavaThread "Attach Listener" daemon [_thread_blocked, id=24012, stack(0x0000000780c00000,0x0000000780d00000)]
  0x0000014dca62b000 JavaThread "C2 CompilerThread0" daemon [_thread_in_native, id=7540, stack(0x0000000780d00000,0x0000000780e00000)]
  0x0000014dca631000 JavaThread "C1 CompilerThread0" daemon [_thread_blocked, id=17824, stack(0x0000000780e00000,0x0000000780f00000)]
  0x0000014dca63b800 JavaThread "Sweeper thread" daemon [_thread_blocked, id=25376, stack(0x0000000780f00000,0x0000000781000000)]
  0x0000014dca7a2800 JavaThread "Common-Cleaner" daemon [_thread_blocked, id=17432, stack(0x0000000781000000,0x0000000781100000)]
  0x0000014dca7bc000 JavaThread "Service Thread" daemon [_thread_blocked, id=17136, stack(0x0000000781100000,0x0000000781200000)]
  0x0000014dcc677000 JavaThread "Daemon health stats" [_thread_blocked, id=16104, stack(0x0000000781700000,0x0000000781800000)]
  0x0000014dcc681000 JavaThread "Incoming local TCP Connector on port 7092" [_thread_in_native, id=3012, stack(0x0000000781900000,0x0000000781a00000)]
  0x0000014dcc4e3800 JavaThread "Daemon periodic checks" [_thread_blocked, id=16900, stack(0x0000000781a00000,0x0000000781b00000)]
  0x0000014dccbb5000 JavaThread "Daemon" [_thread_blocked, id=13892, stack(0x0000000781b00000,0x0000000781c00000)]
  0x0000014dcb4e5000 JavaThread "Handler for socket connection from /127.0.0.1:7092 to /127.0.0.1:7093" [_thread_in_native, id=8152, stack(0x0000000781c00000,0x0000000781d00000)]
  0x0000014dcc143800 JavaThread "Cancel handler" [_thread_blocked, id=22892, stack(0x0000000781d00000,0x0000000781e00000)]
  0x0000014dccbb1800 JavaThread "Daemon worker" [_thread_blocked, id=10268, stack(0x0000000781e00000,0x0000000781f00000)]
  0x0000014dcb4e5800 JavaThread "Asynchronous log dispatcher for DefaultDaemonConnection: socket connection from /127.0.0.1:7092 to /127.0.0.1:7093" [_thread_blocked, id=2164, stack(0x0000000781f00000,0x0000000782000000)]
  0x0000014dcbc48800 JavaThread "Stdin handler" [_thread_blocked, id=19564, stack(0x0000000782000000,0x0000000782100000)]
  0x0000014dcc4ff800 JavaThread "Thread-8" [_thread_blocked, id=2884, stack(0x0000000782100000,0x0000000782200000)]
  0x0000014dcc500000 JavaThread "Cache worker for file hash cache (C:\Users\Bhanuka kamantha\.gradle\caches\6.7.1\fileHashes)" [_thread_blocked, id=1112, stack(0x0000000782200000,0x0000000782300000)]
  0x0000014dcc502800 JavaThread "File lock request listener" [_thread_in_native, id=24084, stack(0x0000000782300000,0x0000000782400000)]
  0x0000014dcc4fe800 JavaThread "Cache worker for journal cache (C:\Users\Bhanuka kamantha\.gradle\caches\journal-1)" [_thread_blocked, id=15852, stack(0x0000000782400000,0x0000000782500000)]
  0x0000014dcc501800 JavaThread "Cache worker for file hash cache (C:\Users\Bhanuka kamantha\Desktop\HotelApp\.gradle\6.7.1\fileHashes)" [_thread_blocked, id=17892, stack(0x0000000782600000,0x0000000782700000)]
  0x0000014dcc4fd000 JavaThread "jar transforms" [_thread_blocked, id=16388, stack(0x0000000782700000,0x0000000782800000)]
  0x0000014dcc503800 JavaThread "jar transforms Thread 2" [_thread_blocked, id=23404, stack(0x0000000782800000,0x0000000782900000)]
  0x0000014dcc4fd800 JavaThread "jar transforms Thread 3" [_thread_blocked, id=3516, stack(0x0000000782900000,0x0000000782a00000)]
  0x0000014dced6e000 JavaThread "jar transforms Thread 4" [_thread_blocked, id=20932, stack(0x0000000782a00000,0x0000000782b00000)]
  0x0000014dced74000 JavaThread "jar transforms Thread 5" [_thread_blocked, id=18080, stack(0x0000000782b00000,0x0000000782c00000)]
  0x0000014dced70800 JavaThread "jar transforms Thread 6" [_thread_blocked, id=17380, stack(0x0000000782c00000,0x0000000782d00000)]
  0x0000014dced71800 JavaThread "jar transforms Thread 7" [_thread_blocked, id=17700, stack(0x0000000782d00000,0x0000000782e00000)]
  0x0000014dced6f000 JavaThread "jar transforms Thread 8" [_thread_blocked, id=23736, stack(0x0000000782e00000,0x0000000782f00000)]
  0x0000014dced72000 JavaThread "jar transforms Thread 9" [_thread_blocked, id=22764, stack(0x0000000782f00000,0x0000000783000000)]
  0x0000014dced75800 JavaThread "jar transforms Thread 10" [_thread_blocked, id=18708, stack(0x0000000783000000,0x0000000783100000)]
  0x0000014dced74800 JavaThread "jar transforms Thread 11" [_thread_blocked, id=17632, stack(0x0000000783100000,0x0000000783200000)]
  0x0000014dced70000 JavaThread "jar transforms Thread 12" [_thread_blocked, id=6420, stack(0x0000000783200000,0x0000000783300000)]
  0x0000014dced76800 JavaThread "jar transforms Thread 13" [_thread_blocked, id=11532, stack(0x0000000783300000,0x0000000783400000)]
  0x0000014dced77000 JavaThread "jar transforms Thread 14" [_thread_blocked, id=23020, stack(0x0000000783400000,0x0000000783500000)]
  0x0000014dced78000 JavaThread "jar transforms Thread 15" [_thread_blocked, id=3720, stack(0x0000000783500000,0x0000000783600000)]
  0x0000014dced73000 JavaThread "jar transforms Thread 16" [_thread_blocked, id=21488, stack(0x0000000783600000,0x0000000783700000)]
  0x0000014dced79000 JavaThread "jar transforms Thread 17" [_thread_blocked, id=16508, stack(0x0000000783700000,0x0000000783800000)]
  0x0000014dced7a800 JavaThread "jar transforms Thread 18" [_thread_blocked, id=19004, stack(0x0000000783800000,0x0000000783900000)]
  0x0000014dced79800 JavaThread "jar transforms Thread 19" [_thread_blocked, id=23132, stack(0x0000000783900000,0x0000000783a00000)]
  0x0000014dced7b000 JavaThread "jar transforms Thread 20" [_thread_blocked, id=16184, stack(0x0000000783a00000,0x0000000783b00000)]
  0x0000014dced7c000 JavaThread "jar transforms Thread 21" [_thread_blocked, id=17504, stack(0x0000000783b00000,0x0000000783c00000)]
  0x0000014dced7d000 JavaThread "Cache worker for checksums cache (C:\Users\Bhanuka kamantha\Desktop\HotelApp\.gradle\checksums)" [_thread_blocked, id=14344, stack(0x0000000783c00000,0x0000000783d00000)]
  0x0000014dceb8c800 JavaThread "Cache worker for cache directory md-supplier (C:\Users\Bhanuka kamantha\.gradle\caches\6.7.1\md-supplier)" [_thread_blocked, id=1524, stack(0x0000000783d00000,0x0000000783e00000)]
  0x0000014dceb8a800 JavaThread "Cache worker for cache directory md-rule (C:\Users\Bhanuka kamantha\.gradle\caches\6.7.1\md-rule)" [_thread_blocked, id=16200, stack(0x0000000783e00000,0x0000000783f00000)]
  0x0000014dceb8e000 JavaThread "Cache worker for execution history cache (C:\Users\Bhanuka kamantha\.gradle\caches\6.7.1\executionHistory)" [_thread_blocked, id=21108, stack(0x0000000783f00000,0x0000000784000000)]
  0x0000014dceb8d000 JavaThread "Cache worker for file content cache (C:\Users\Bhanuka kamantha\.gradle\caches\6.7.1\fileContent)" [_thread_blocked, id=21076, stack(0x0000000784000000,0x0000000784100000)]
  0x0000014dceb8f800 JavaThread "Cache worker for Build Output Cleanup Cache (C:\Users\Bhanuka kamantha\Desktop\HotelApp\.gradle\buildOutputCleanup)" [_thread_blocked, id=14128, stack(0x0000000784100000,0x0000000784200000)]
  0x0000014dceb90800 JavaThread "C2 CompilerThread1" daemon [_thread_blocked, id=9504, stack(0x0000000784200000,0x0000000784300000)]
  0x0000014dceb91800 JavaThread "Build operations" [_thread_blocked, id=23148, stack(0x0000000784300000,0x0000000784400000)]
  0x0000014dceb8b800 JavaThread "Build operations Thread 2" [_thread_blocked, id=17948, stack(0x0000000784400000,0x0000000784500000)]
  0x0000014dceb96000 JavaThread "Build operations Thread 3" [_thread_blocked, id=20516, stack(0x0000000784500000,0x0000000784600000)]
  0x0000014dceb97000 JavaThread "Build operations Thread 4" [_thread_blocked, id=19404, stack(0x0000000784600000,0x0000000784700000)]
  0x0000014dceb93800 JavaThread "jar transforms Thread 22" [_thread_blocked, id=24796, stack(0x0000000784700000,0x0000000784800000)]
  0x0000014dceb98000 JavaThread "jar transforms Thread 23" [_thread_blocked, id=22460, stack(0x0000000784800000,0x0000000784900000)]
  0x0000014dceb92000 JavaThread "jar transforms Thread 24" [_thread_blocked, id=12516, stack(0x0000000784900000,0x0000000784a00000)]
  0x0000014dceb98800 JavaThread "jar transforms Thread 25" [_thread_blocked, id=16776, stack(0x0000000784a00000,0x0000000784b00000)]
  0x0000014dceb93000 JavaThread "jar transforms Thread 26" [_thread_blocked, id=11760, stack(0x0000000784b00000,0x0000000784c00000)]
  0x0000014dceb95800 JavaThread "jar transforms Thread 27" [_thread_blocked, id=15216, stack(0x0000000784c00000,0x0000000784d00000)]
  0x0000014dceb94800 JavaThread "jar transforms Thread 28" [_thread_blocked, id=23944, stack(0x0000000784d00000,0x0000000784e00000)]
  0x0000014dcc501000 JavaThread "jar transforms Thread 29" [_thread_blocked, id=22884, stack(0x0000000784e00000,0x0000000784f00000)]
  0x0000014dcf028800 JavaThread "jar transforms Thread 30" [_thread_blocked, id=5800, stack(0x0000000784f00000,0x0000000785000000)]
  0x0000014dcf024000 JavaThread "jar transforms Thread 31" [_thread_blocked, id=4148, stack(0x0000000785000000,0x0000000785100000)]
  0x0000014dcf029800 JavaThread "jar transforms Thread 32" [_thread_blocked, id=16924, stack(0x0000000785100000,0x0000000785200000)]
  0x0000014dcf024800 JavaThread "jar transforms Thread 33" [_thread_blocked, id=17328, stack(0x0000000785200000,0x0000000785300000)]
  0x0000014dcf025800 JavaThread "jar transforms Thread 34" [_thread_blocked, id=23596, stack(0x0000000785300000,0x0000000785400000)]
  0x0000014dcf02c000 JavaThread "jar transforms Thread 35" [_thread_blocked, id=24952, stack(0x0000000785400000,0x0000000785500000)]
  0x0000014dcf02a800 JavaThread "jar transforms Thread 36" [_thread_blocked, id=10652, stack(0x0000000785500000,0x0000000785600000)]
  0x0000014dcf02b000 JavaThread "jar transforms Thread 37" [_thread_blocked, id=14200, stack(0x0000000785600000,0x0000000785700000)]
  0x0000014dcf026000 JavaThread "jar transforms Thread 38" [_thread_blocked, id=22576, stack(0x0000000785700000,0x0000000785800000)]
  0x0000014dcf02d000 JavaThread "jar transforms Thread 39" [_thread_blocked, id=7200, stack(0x0000000785800000,0x0000000785900000)]
  0x0000014dcf027000 JavaThread "jar transforms Thread 40" [_thread_blocked, id=2248, stack(0x0000000785900000,0x0000000785a00000)]
  0x0000014dcf02d800 JavaThread "jar transforms Thread 41" [_thread_blocked, id=8756, stack(0x0000000785a00000,0x0000000785b00000)]
  0x0000014dcf028000 JavaThread "jar transforms Thread 42" [_thread_blocked, id=23380, stack(0x0000000785b00000,0x0000000785c00000)]
  0x0000014dcf031800 JavaThread "jar transforms Thread 43" [_thread_blocked, id=6520, stack(0x0000000785c00000,0x0000000785d00000)]
  0x0000014dcf032800 JavaThread "jar transforms Thread 44" [_thread_blocked, id=2076, stack(0x0000000785d00000,0x0000000785e00000)]
  0x0000014dcf02f000 JavaThread "jar transforms Thread 45" [_thread_blocked, id=21680, stack(0x0000000785e00000,0x0000000785f00000)]
  0x0000014dcf02e800 JavaThread "jar transforms Thread 46" [_thread_blocked, id=21452, stack(0x0000000785f00000,0x0000000786000000)]
  0x0000014dcf031000 JavaThread "jar transforms Thread 47" [_thread_blocked, id=15468, stack(0x0000000786000000,0x0000000786100000)]
  0x0000014dcf030000 JavaThread "jar transforms Thread 48" [_thread_blocked, id=6632, stack(0x0000000786100000,0x0000000786200000)]
  0x0000014dcb83a000 JavaThread "jar transforms Thread 49" [_thread_blocked, id=9184, stack(0x0000000786200000,0x0000000786300000)]
  0x0000014dcb83b000 JavaThread "jar transforms Thread 50" [_thread_blocked, id=20504, stack(0x0000000786300000,0x0000000786400000)]
  0x0000014dcb839800 JavaThread "jar transforms Thread 51" [_thread_blocked, id=19344, stack(0x0000000786400000,0x0000000786500000)]
  0x0000014dcb835800 JavaThread "jar transforms Thread 52" [_thread_blocked, id=19824, stack(0x0000000786500000,0x0000000786600000)]
  0x0000014dcb837000 JavaThread "jar transforms Thread 53" [_thread_blocked, id=24080, stack(0x0000000786600000,0x0000000786700000)]
  0x0000014dcb83c000 JavaThread "jar transforms Thread 54" [_thread_blocked, id=21356, stack(0x0000000786700000,0x0000000786800000)]
  0x0000014dcb836000 JavaThread "jar transforms Thread 55" [_thread_blocked, id=3312, stack(0x0000000786800000,0x0000000786900000)]
  0x0000014dcb83c800 JavaThread "jar transforms Thread 56" [_thread_blocked, id=14472, stack(0x0000000786900000,0x0000000786a00000)]
  0x0000014dcb83d800 JavaThread "jar transforms Thread 57" [_thread_blocked, id=16980, stack(0x0000000786a00000,0x0000000786b00000)]
  0x0000014dcb838800 JavaThread "jar transforms Thread 58" [_thread_blocked, id=16132, stack(0x0000000786b00000,0x0000000786c00000)]
  0x0000014dcb837800 JavaThread "jar transforms Thread 59" [_thread_blocked, id=4980, stack(0x0000000786c00000,0x0000000786d00000)]
  0x0000014dcb843000 JavaThread "jar transforms Thread 60" [_thread_blocked, id=10292, stack(0x0000000786d00000,0x0000000786e00000)]
  0x0000014dcb844000 JavaThread "jar transforms Thread 61" [_thread_blocked, id=23500, stack(0x0000000786e00000,0x0000000786f00000)]
  0x0000014dcb841800 JavaThread "jar transforms Thread 62" [_thread_blocked, id=23028, stack(0x0000000786f00000,0x0000000787000000)]
  0x0000014dcb83f000 JavaThread "jar transforms Thread 63" [_thread_blocked, id=23872, stack(0x0000000787000000,0x0000000787100000)]
  0x0000014dcb840000 JavaThread "jar transforms Thread 64" [_thread_blocked, id=21040, stack(0x0000000787100000,0x0000000787200000)]
  0x0000014dcb840800 JavaThread "jar transforms Thread 65" [_thread_blocked, id=16820, stack(0x0000000787200000,0x0000000787300000)]
  0x0000014dcb842800 JavaThread "jar transforms Thread 66" [_thread_blocked, id=25324, stack(0x0000000787300000,0x0000000787400000)]
  0x0000014dcb83e800 JavaThread "jar transforms Thread 67" [_thread_blocked, id=12756, stack(0x0000000787400000,0x0000000787500000)]
  0x0000014dd2393800 JavaThread "jar transforms Thread 68" [_thread_blocked, id=23464, stack(0x0000000787500000,0x0000000787600000)]
  0x0000014dd2394800 JavaThread "jar transforms Thread 69" [_thread_blocked, id=24488, stack(0x0000000787600000,0x0000000787700000)]
  0x0000014dd2396000 JavaThread "jar transforms Thread 70" [_thread_blocked, id=9236, stack(0x0000000787700000,0x0000000787800000)]
  0x0000014dd2390800 JavaThread "jar transforms Thread 71" [_thread_blocked, id=17532, stack(0x0000000787800000,0x0000000787900000)]
  0x0000014dd2395000 JavaThread "jar transforms Thread 72" [_thread_blocked, id=21468, stack(0x0000000787900000,0x0000000787a00000)]
  0x0000014dd2397000 JavaThread "jar transforms Thread 73" [_thread_blocked, id=17324, stack(0x0000000787a00000,0x0000000787b00000)]
  0x0000014dd2391000 JavaThread "jar transforms Thread 74" [_thread_blocked, id=24704, stack(0x0000000787b00000,0x0000000787c00000)]
  0x0000014dd2397800 JavaThread "jar transforms Thread 75" [_thread_blocked, id=10840, stack(0x0000000787c00000,0x0000000787d00000)]
  0x0000014dd2392800 JavaThread "jar transforms Thread 76" [_thread_blocked, id=18268, stack(0x0000000787d00000,0x0000000787e00000)]
  0x0000014dd2392000 JavaThread "jar transforms Thread 77" [_thread_blocked, id=24536, stack(0x0000000787e00000,0x0000000787f00000)]
  0x0000014dd2398800 JavaThread "jar transforms Thread 78" [_thread_blocked, id=2456, stack(0x0000000787f00000,0x0000000788000000)]
  0x0000014dd2399800 JavaThread "jar transforms Thread 79" [_thread_blocked, id=9472, stack(0x0000000788000000,0x0000000788100000)]
  0x0000014dd239d800 JavaThread "jar transforms Thread 80" [_thread_blocked, id=9992, stack(0x0000000788100000,0x0000000788200000)]
  0x0000014dd239f000 JavaThread "jar transforms Thread 81" [_thread_blocked, id=2168, stack(0x0000000788200000,0x0000000788300000)]
  0x0000014dd239a000 JavaThread "jar transforms Thread 82" [_thread_blocked, id=25116, stack(0x0000000788300000,0x0000000788400000)]
  0x0000014dd239c800 JavaThread "jar transforms Thread 83" [_thread_blocked, id=16680, stack(0x0000000788400000,0x0000000788500000)]
  0x0000014dd239e000 JavaThread "jar transforms Thread 84" [_thread_blocked, id=16688, stack(0x0000000788500000,0x0000000788600000)]
  0x0000014dd239b000 JavaThread "jar transforms Thread 85" [_thread_blocked, id=19544, stack(0x0000000788600000,0x0000000788700000)]
  0x0000014dd239b800 JavaThread "jar transforms Thread 86" [_thread_blocked, id=19040, stack(0x0000000788700000,0x0000000788800000)]
  0x0000014dcf930800 JavaThread "jar transforms Thread 87" [_thread_blocked, id=3560, stack(0x0000000788800000,0x0000000788900000)]
  0x0000014dcf935000 JavaThread "jar transforms Thread 88" [_thread_blocked, id=3612, stack(0x0000000788900000,0x0000000788a00000)]
  0x0000014dcf936000 JavaThread "jar transforms Thread 89" [_thread_blocked, id=11016, stack(0x0000000788a00000,0x0000000788b00000)]
  0x0000014dcf933800 JavaThread "jar transforms Thread 90" [_thread_blocked, id=15904, stack(0x0000000788b00000,0x0000000788c00000)]
  0x0000014dcf937000 JavaThread "jar transforms Thread 91" [_thread_blocked, id=20232, stack(0x0000000788c00000,0x0000000788d00000)]
  0x0000014dcf932000 JavaThread "jar transforms Thread 92" [_thread_blocked, id=7380, stack(0x0000000788d00000,0x0000000788e00000)]
  0x0000014dcf931000 JavaThread "jar transforms Thread 93" [_thread_blocked, id=15000, stack(0x0000000788e00000,0x0000000788f00000)]
  0x0000014dcf932800 JavaThread "jar transforms Thread 94" [_thread_blocked, id=9300, stack(0x0000000788f00000,0x0000000789000000)]
  0x0000014dcf93a000 JavaThread "jar transforms Thread 95" [_thread_blocked, id=24580, stack(0x0000000789000000,0x0000000789100000)]
  0x0000014dcf934800 JavaThread "jar transforms Thread 96" [_thread_blocked, id=9704, stack(0x0000000789100000,0x0000000789200000)]
  0x0000014dcf93b000 JavaThread "jar transforms Thread 97" [_thread_blocked, id=25140, stack(0x0000000789200000,0x0000000789300000)]
  0x0000014dcf939800 JavaThread "jar transforms Thread 98" [_thread_blocked, id=14864, stack(0x0000000789300000,0x0000000789400000)]
  0x0000014dcf93d800 JavaThread "jar transforms Thread 99" [_thread_blocked, id=14932, stack(0x0000000789400000,0x0000000789500000)]

Other Threads:
=>0x0000014dc9d96800 VMThread "VM Thread" [stack: 0x0000000780800000,0x0000000780900000] [id=4316]
  0x0000014dca7bd000 WatcherThread [stack: 0x0000000781200000,0x0000000781300000] [id=25172]
  0x0000014db1646800 GCTaskThread "GC Thread#0" [stack: 0x0000000780300000,0x0000000780400000] [id=23784]
  0x0000014dcae84000 GCTaskThread "GC Thread#1" [stack: 0x0000000781400000,0x0000000781500000] [id=16864]
  0x0000014dca876800 GCTaskThread "GC Thread#2" [stack: 0x0000000781500000,0x0000000781600000] [id=16616]
  0x0000014dcb021800 GCTaskThread "GC Thread#3" [stack: 0x0000000781600000,0x0000000781700000] [id=5644]
  0x0000014db166b000 ConcurrentGCThread "G1 Main Marker" [stack: 0x0000000780400000,0x0000000780500000] [id=20492]
  0x0000014db166c800 ConcurrentGCThread "G1 Conc#0" [stack: 0x0000000780500000,0x0000000780600000] [id=8840]
  0x0000014dc9c00800 ConcurrentGCThread "G1 Refine#0" [stack: 0x0000000780600000,0x0000000780700000] [id=10692]
  0x0000014dc9c01800 ConcurrentGCThread "G1 Young RemSet Sampling" [stack: 0x0000000780700000,0x0000000780800000] [id=17584]

Threads with active compile tasks:
C2 CompilerThread0  10680 6381       4       org.objectweb.asm.SymbolTable::addConstantMemberReference (147 bytes)
C2 CompilerThread1  10680 6384       4       java.lang.invoke.MethodType::makeImpl (108 bytes)

VM state:at safepoint (normal execution)

VM Mutex/Monitor currently owned by a thread:  ([mutex/lock_event])
[0x0000014db162a670] Threads_lock - owner thread: 0x0000014dc9d96800
[0x0000014db1628c90] Heap_lock - owner thread: 0x0000014dccbb1800

Heap address: 0x00000000a0000000, size: 1536 MB, Compressed Oops mode: 32-bit
Narrow klass base: 0x0000000000000000, Narrow klass shift: 3
Compressed class space size: 1073741824 Address: 0x0000000100000000

Heap:
 garbage-first heap   total 236544K, used 70040K [0x00000000a0000000, 0x0000000100000000)
  region size 1024K, 4 young (4096K), 4 survivors (4096K)
 Metaspace       used 67075K, capacity 68893K, committed 68988K, reserved 1110016K
  class space    used 8344K, capacity 8930K, committed 8960K, reserved 1048576K
Heap Regions: E=young(eden), S=young(survivor), O=old, HS=humongous(starts), HC=humongous(continues), CS=collection set, F=free, A=archive, TAMS=top-at-mark-start (previous, next)
|   0|0x00000000a0000000, 0x00000000a0100000, 0x00000000a0100000|100%| O|  |TAMS 0x00000000a0100000, 0x00000000a0000000| Untracked 
|   1|0x00000000a0100000, 0x00000000a0200000, 0x00000000a0200000|100%| O|  |TAMS 0x00000000a0200000, 0x00000000a0100000| Untracked 
|   2|0x00000000a0200000, 0x00000000a0300000, 0x00000000a0300000|100%| O|  |TAMS 0x00000000a0300000, 0x00000000a0200000| Untracked 
|   3|0x00000000a0300000, 0x00000000a0400000, 0x00000000a0400000|100%|HS|  |TAMS 0x00000000a0400000, 0x00000000a0300000| Complete 
|   4|0x00000000a0400000, 0x00000000a0500000, 0x00000000a0500000|100%|HC|  |TAMS 0x00000000a0500000, 0x00000000a0400000| Complete 
|   5|0x00000000a0500000, 0x00000000a0600000, 0x00000000a0600000|100%|HC|  |TAMS 0x00000000a0600000, 0x00000000a0500000| Complete 
|   6|0x00000000a0600000, 0x00000000a0700000, 0x00000000a0700000|100%| O|  |TAMS 0x00000000a0700000, 0x00000000a0600000| Untracked 
|   7|0x00000000a0700000, 0x00000000a0800000, 0x00000000a0800000|100%| O|  |TAMS 0x00000000a0800000, 0x00000000a0700000| Untracked 
|   8|0x00000000a0800000, 0x00000000a0900000, 0x00000000a0900000|100%| O|  |TAMS 0x00000000a0900000, 0x00000000a0800000| Untracked 
|   9|0x00000000a0900000, 0x00000000a0a00000, 0x00000000a0a00000|100%| O|  |TAMS 0x00000000a0a00000, 0x00000000a0900000| Untracked 
|  10|0x00000000a0a00000, 0x00000000a0b00000, 0x00000000a0b00000|100%| O|  |TAMS 0x00000000a0b00000, 0x00000000a0a00000| Untracked 
|  11|0x00000000a0b00000, 0x00000000a0c00000, 0x00000000a0c00000|100%| O|  |TAMS 0x00000000a0c00000, 0x00000000a0b00000| Untracked 
|  12|0x00000000a0c00000, 0x00000000a0d00000, 0x00000000a0d00000|100%| O|  |TAMS 0x00000000a0d00000, 0x00000000a0c00000| Untracked 
|  13|0x00000000a0d00000, 0x00000000a0e00000, 0x00000000a0e00000|100%|HS|  |TAMS 0x00000000a0e00000, 0x00000000a0d00000| Complete 
|  14|0x00000000a0e00000, 0x00000000a0f00000, 0x00000000a0f00000|100%|HC|  |TAMS 0x00000000a0f00000, 0x00000000a0e00000| Complete 
|  15|0x00000000a0f00000, 0x00000000a1000000, 0x00000000a1000000|100%|HS|  |TAMS 0x00000000a1000000, 0x00000000a0f00000| Complete 
|  16|0x00000000a1000000, 0x00000000a1100000, 0x00000000a1100000|100%|HC|  |TAMS 0x00000000a1100000, 0x00000000a1000000| Complete 
|  17|0x00000000a1100000, 0x00000000a1200000, 0x00000000a1200000|100%|HC|  |TAMS 0x00000000a1200000, 0x00000000a1100000| Complete 
|  18|0x00000000a1200000, 0x00000000a1300000, 0x00000000a1300000|100%|HS|  |TAMS 0x00000000a1300000, 0x00000000a1200000| Complete 
|  19|0x00000000a1300000, 0x00000000a1400000, 0x00000000a1400000|100%|HC|  |TAMS 0x00000000a1400000, 0x00000000a1300000| Complete 
|  20|0x00000000a1400000, 0x00000000a1500000, 0x00000000a1500000|100%|HC|  |TAMS 0x00000000a1500000, 0x00000000a1400000| Complete 
|  21|0x00000000a1500000, 0x00000000a1600000, 0x00000000a1600000|100%|HC|  |TAMS 0x00000000a1600000, 0x00000000a1500000| Complete 
|  22|0x00000000a1600000, 0x00000000a1700000, 0x00000000a1700000|100%| O|  |TAMS 0x00000000a1700000, 0x00000000a1600000| Untracked 
|  23|0x00000000a1700000, 0x00000000a1800000, 0x00000000a1800000|100%| O|  |TAMS 0x00000000a1800000, 0x00000000a1700000| Untracked 
|  24|0x00000000a1800000, 0x00000000a1900000, 0x00000000a1900000|100%| O|  |TAMS 0x00000000a1900000, 0x00000000a1800000| Untracked 
|  25|0x00000000a1900000, 0x00000000a1a00000, 0x00000000a1a00000|100%| O|  |TAMS 0x00000000a1a00000, 0x00000000a1900000| Untracked 
|  26|0x00000000a1a00000, 0x00000000a1b00000, 0x00000000a1b00000|100%| O|  |TAMS 0x00000000a1b00000, 0x00000000a1a00000| Untracked 
|  27|0x00000000a1b00000, 0x00000000a1c00000, 0x00000000a1c00000|100%| O|  |TAMS 0x00000000a1c00000, 0x00000000a1b00000| Untracked 
|  28|0x00000000a1c00000, 0x00000000a1d00000, 0x00000000a1d00000|100%|HS|  |TAMS 0x00000000a1d00000, 0x00000000a1c00000| Complete 
|  29|0x00000000a1d00000, 0x00000000a1e00000, 0x00000000a1e00000|100%|HC|  |TAMS 0x00000000a1e00000, 0x00000000a1d00000| Complete 
|  30|0x00000000a1e00000, 0x00000000a1f00000, 0x00000000a1f00000|100%|HC|  |TAMS 0x00000000a1f00000, 0x00000000a1e00000| Complete 
|  31|0x00000000a1f00000, 0x00000000a2000000, 0x00000000a2000000|100%|HC|  |TAMS 0x00000000a2000000, 0x00000000a1f00000| Complete 
|  32|0x00000000a2000000, 0x00000000a2100000, 0x00000000a2100000|100%|HS|  |TAMS 0x00000000a2100000, 0x00000000a2000000| Complete 
|  33|0x00000000a2100000, 0x00000000a2200000, 0x00000000a2200000|100%|HC|  |TAMS 0x00000000a2200000, 0x00000000a2100000| Complete 
|  34|0x00000000a2200000, 0x00000000a2300000, 0x00000000a2300000|100%|HC|  |TAMS 0x00000000a2300000, 0x00000000a2200000| Complete 
|  35|0x00000000a2300000, 0x00000000a2400000, 0x00000000a2400000|100%| O|  |TAMS 0x00000000a2400000, 0x00000000a2300000| Untracked 
|  36|0x00000000a2400000, 0x00000000a2500000, 0x00000000a2500000|100%| O|  |TAMS 0x00000000a2500000, 0x00000000a2400000| Untracked 
|  37|0x00000000a2500000, 0x00000000a2600000, 0x00000000a2600000|100%| O|  |TAMS 0x00000000a2600000, 0x00000000a2500000| Untracked 
|  38|0x00000000a2600000, 0x00000000a2700000, 0x00000000a2700000|100%| O|  |TAMS 0x00000000a2700000, 0x00000000a2600000| Untracked 
|  39|0x00000000a2700000, 0x00000000a2800000, 0x00000000a2800000|100%| O|  |TAMS 0x00000000a2800000, 0x00000000a2700000| Untracked 
|  40|0x00000000a2800000, 0x00000000a2900000, 0x00000000a2900000|100%| O|  |TAMS 0x00000000a2900000, 0x00000000a2800000| Untracked 
|  41|0x00000000a2900000, 0x00000000a2a00000, 0x00000000a2a00000|100%| O|  |TAMS 0x00000000a2a00000, 0x00000000a2900000| Untracked 
|  42|0x00000000a2a00000, 0x00000000a2b00000, 0x00000000a2b00000|100%| O|  |TAMS 0x00000000a2b00000, 0x00000000a2a00000| Untracked 
|  43|0x00000000a2b00000, 0x00000000a2c00000, 0x00000000a2c00000|100%| O|  |TAMS 0x00000000a2c00000, 0x00000000a2b00000| Untracked 
|  44|0x00000000a2c00000, 0x00000000a2d00000, 0x00000000a2d00000|100%| O|  |TAMS 0x00000000a2d00000, 0x00000000a2c00000| Untracked 
|  45|0x00000000a2d00000, 0x00000000a2e00000, 0x00000000a2e00000|100%| O|  |TAMS 0x00000000a2e00000, 0x00000000a2d00000| Untracked 
|  46|0x00000000a2e00000, 0x00000000a2f00000, 0x00000000a2f00000|100%| O|  |TAMS 0x00000000a2f00000, 0x00000000a2e00000| Untracked 
|  47|0x00000000a2f00000, 0x00000000a3000000, 0x00000000a3000000|100%|HS|  |TAMS 0x00000000a3000000, 0x00000000a2f00000| Complete 
|  48|0x00000000a3000000, 0x00000000a3100000, 0x00000000a3100000|100%|HS|  |TAMS 0x00000000a3100000, 0x00000000a3000000| Complete 
|  49|0x00000000a3100000, 0x00000000a3200000, 0x00000000a3200000|100%|HC|  |TAMS 0x00000000a3200000, 0x00000000a3100000| Complete 
|  50|0x00000000a3200000, 0x00000000a3300000, 0x00000000a3300000|100%| O|  |TAMS 0x00000000a3300000, 0x00000000a3200000| Untracked 
|  51|0x00000000a3300000, 0x00000000a3400000, 0x00000000a3400000|100%| O|  |TAMS 0x00000000a3400000, 0x00000000a3300000| Untracked 
|  52|0x00000000a3400000, 0x00000000a3500000, 0x00000000a3500000|100%| O|  |TAMS 0x00000000a34b2c00, 0x00000000a3400000| Untracked 
|  53|0x00000000a3500000, 0x00000000a3600000, 0x00000000a3600000|100%| O|  |TAMS 0x00000000a3500000, 0x00000000a3500000| Untracked 
|  54|0x00000000a3600000, 0x00000000a3700000, 0x00000000a3700000|100%| O|  |TAMS 0x00000000a3600000, 0x00000000a3600000| Untracked 
|  55|0x00000000a3700000, 0x00000000a3800000, 0x00000000a3800000|100%| O|  |TAMS 0x00000000a3700000, 0x00000000a3700000| Untracked 
|  56|0x00000000a3800000, 0x00000000a3900000, 0x00000000a3900000|100%| O|  |TAMS 0x00000000a3800000, 0x00000000a3800000| Untracked 
|  57|0x00000000a3900000, 0x00000000a3a00000, 0x00000000a3a00000|100%| O|  |TAMS 0x00000000a3900000, 0x00000000a3900000| Untracked 
|  58|0x00000000a3a00000, 0x00000000a3b00000, 0x00000000a3b00000|100%| O|  |TAMS 0x00000000a3a00000, 0x00000000a3a00000| Untracked 
|  59|0x00000000a3b00000, 0x00000000a3c00000, 0x00000000a3c00000|100%| O|  |TAMS 0x00000000a3b00000, 0x00000000a3b00000| Untracked 
|  60|0x00000000a3c00000, 0x00000000a3d00000, 0x00000000a3d00000|100%| O|  |TAMS 0x00000000a3c00000, 0x00000000a3c00000| Untracked 
|  61|0x00000000a3d00000, 0x00000000a3e00000, 0x00000000a3e00000|100%| O|  |TAMS 0x00000000a3d00000, 0x00000000a3d00000| Untracked 
|  62|0x00000000a3e00000, 0x00000000a3f00000, 0x00000000a3f00000|100%| O|  |TAMS 0x00000000a3e00000, 0x00000000a3e00000| Untracked 
|  63|0x00000000a3f00000, 0x00000000a4000000, 0x00000000a4000000|100%| O|  |TAMS 0x00000000a3f00000, 0x00000000a3f00000| Untracked 
|  64|0x00000000a4000000, 0x00000000a40a4600, 0x00000000a4100000| 64%| O|  |TAMS 0x00000000a4000000, 0x00000000a4000000| Untracked 
|  65|0x00000000a4100000, 0x00000000a4100000, 0x00000000a4200000|  0%| F|  |TAMS 0x00000000a4100000, 0x00000000a4100000| Untracked 
|  66|0x00000000a4200000, 0x00000000a4200000, 0x00000000a4300000|  0%| F|  |TAMS 0x00000000a4200000, 0x00000000a4200000| Untracked 
|  67|0x00000000a4300000, 0x00000000a4300000, 0x00000000a4400000|  0%| F|  |TAMS 0x00000000a4300000, 0x00000000a4300000| Untracked 
|  68|0x00000000a4400000, 0x00000000a4400000, 0x00000000a4500000|  0%| F|  |TAMS 0x00000000a4400000, 0x00000000a4400000| Untracked 
|  69|0x00000000a4500000, 0x00000000a4500000, 0x00000000a4600000|  0%| F|  |TAMS 0x00000000a4500000, 0x00000000a4500000| Untracked 
|  70|0x00000000a4600000, 0x00000000a4600000, 0x00000000a4700000|  0%| F|  |TAMS 0x00000000a4600000, 0x00000000a4600000| Untracked 
|  71|0x00000000a4700000, 0x00000000a4700000, 0x00000000a4800000|  0%| F|  |TAMS 0x00000000a4700000, 0x00000000a4700000| Untracked 
|  72|0x00000000a4800000, 0x00000000a4800000, 0x00000000a4900000|  0%| F|  |TAMS 0x00000000a4800000, 0x00000000a4800000| Untracked 
|  73|0x00000000a4900000, 0x00000000a4900000, 0x00000000a4a00000|  0%| F|  |TAMS 0x00000000a4900000, 0x00000000a4900000| Untracked 
|  74|0x00000000a4a00000, 0x00000000a4a00000, 0x00000000a4b00000|  0%| F|  |TAMS 0x00000000a4a00000, 0x00000000a4a00000| Untracked 
|  75|0x00000000a4b00000, 0x00000000a4b00000, 0x00000000a4c00000|  0%| F|  |TAMS 0x00000000a4b00000, 0x00000000a4b00000| Untracked 
|  76|0x00000000a4c00000, 0x00000000a4c00000, 0x00000000a4d00000|  0%| F|  |TAMS 0x00000000a4c00000, 0x00000000a4c00000| Untracked 
|  77|0x00000000a4d00000, 0x00000000a4d00000, 0x00000000a4e00000|  0%| F|  |TAMS 0x00000000a4d00000, 0x00000000a4d00000| Untracked 
|  78|0x00000000a4e00000, 0x00000000a4e00000, 0x00000000a4f00000|  0%| F|  |TAMS 0x00000000a4e00000, 0x00000000a4e00000| Untracked 
|  79|0x00000000a4f00000, 0x00000000a4f00000, 0x00000000a5000000|  0%| F|  |TAMS 0x00000000a4f00000, 0x00000000a4f00000| Untracked 
|  80|0x00000000a5000000, 0x00000000a5000000, 0x00000000a5100000|  0%| F|  |TAMS 0x00000000a5000000, 0x00000000a5000000| Untracked 
|  81|0x00000000a5100000, 0x00000000a5100000, 0x00000000a5200000|  0%| F|  |TAMS 0x00000000a5100000, 0x00000000a5100000| Untracked 
|  82|0x00000000a5200000, 0x00000000a5200000, 0x00000000a5300000|  0%| F|  |TAMS 0x00000000a5200000, 0x00000000a5200000| Untracked 
|  83|0x00000000a5300000, 0x00000000a5300000, 0x00000000a5400000|  0%| F|  |TAMS 0x00000000a5300000, 0x00000000a5300000| Untracked 
|  84|0x00000000a5400000, 0x00000000a5400000, 0x00000000a5500000|  0%| F|  |TAMS 0x00000000a5400000, 0x00000000a5400000| Untracked 
|  85|0x00000000a5500000, 0x00000000a5500000, 0x00000000a5600000|  0%| F|  |TAMS 0x00000000a5500000, 0x00000000a5500000| Untracked 
|  86|0x00000000a5600000, 0x00000000a5600000, 0x00000000a5700000|  0%| F|  |TAMS 0x00000000a5600000, 0x00000000a5600000| Untracked 
|  87|0x00000000a5700000, 0x00000000a5700000, 0x00000000a5800000|  0%| F|  |TAMS 0x00000000a5700000, 0x00000000a5700000| Untracked 
|  88|0x00000000a5800000, 0x00000000a5800000, 0x00000000a5900000|  0%| F|  |TAMS 0x00000000a5800000, 0x00000000a5800000| Untracked 
|  89|0x00000000a5900000, 0x00000000a5900000, 0x00000000a5a00000|  0%| F|  |TAMS 0x00000000a5900000, 0x00000000a5900000| Untracked 
|  90|0x00000000a5a00000, 0x00000000a5a00000, 0x00000000a5b00000|  0%| F|  |TAMS 0x00000000a5a00000, 0x00000000a5a00000| Untracked 
|  91|0x00000000a5b00000, 0x00000000a5b00000, 0x00000000a5c00000|  0%| F|  |TAMS 0x00000000a5b00000, 0x00000000a5b00000| Untracked 
|  92|0x00000000a5c00000, 0x00000000a5c00000, 0x00000000a5d00000|  0%| F|  |TAMS 0x00000000a5c00000, 0x00000000a5c00000| Untracked 
|  93|0x00000000a5d00000, 0x00000000a5d00000, 0x00000000a5e00000|  0%| F|  |TAMS 0x00000000a5d00000, 0x00000000a5d00000| Untracked 
|  94|0x00000000a5e00000, 0x00000000a5e00000, 0x00000000a5f00000|  0%| F|  |TAMS 0x00000000a5e00000, 0x00000000a5e00000| Untracked 
|  95|0x00000000a5f00000, 0x00000000a5f00000, 0x00000000a6000000|  0%| F|  |TAMS 0x00000000a5f00000, 0x00000000a5f00000| Untracked 
|  96|0x00000000a6000000, 0x00000000a6000000, 0x00000000a6100000|  0%| F|  |TAMS 0x00000000a6000000, 0x00000000a6000000| Untracked 
|  97|0x00000000a6100000, 0x00000000a6100000, 0x00000000a6200000|  0%| F|  |TAMS 0x00000000a6100000, 0x00000000a6100000| Untracked 
|  98|0x00000000a6200000, 0x00000000a6200000, 0x00000000a6300000|  0%| F|  |TAMS 0x00000000a6200000, 0x00000000a6200000| Untracked 
|  99|0x00000000a6300000, 0x00000000a6300000, 0x00000000a6400000|  0%| F|  |TAMS 0x00000000a6300000, 0x00000000a6300000| Untracked 
| 100|0x00000000a6400000, 0x00000000a6400000, 0x00000000a6500000|  0%| F|  |TAMS 0x00000000a6400000, 0x00000000a6400000| Untracked 
| 101|0x00000000a6500000, 0x00000000a6500000, 0x00000000a6600000|  0%| F|  |TAMS 0x00000000a6500000, 0x00000000a6500000| Untracked 
| 102|0x00000000a6600000, 0x00000000a6600000, 0x00000000a6700000|  0%| F|  |TAMS 0x00000000a6600000, 0x00000000a6600000| Untracked 
| 103|0x00000000a6700000, 0x00000000a6700000, 0x00000000a6800000|  0%| F|  |TAMS 0x00000000a6700000, 0x00000000a6700000| Untracked 
| 104|0x00000000a6800000, 0x00000000a68c1c70, 0x00000000a6900000| 75%| S|CS|TAMS 0x00000000a6800000, 0x00000000a6800000| Complete 
| 105|0x00000000a6900000, 0x00000000a6a00000, 0x00000000a6a00000|100%| S|CS|TAMS 0x00000000a6900000, 0x00000000a6900000| Complete 
| 106|0x00000000a6a00000, 0x00000000a6b00000, 0x00000000a6b00000|100%| S|CS|TAMS 0x00000000a6a00000, 0x00000000a6a00000| Complete 
| 107|0x00000000a6b00000, 0x00000000a6c00000, 0x00000000a6c00000|100%| S|CS|TAMS 0x00000000a6b00000, 0x00000000a6b00000| Complete 
| 108|0x00000000a6c00000, 0x00000000a6c00000, 0x00000000a6d00000|  0%| F|  |TAMS 0x00000000a6c00000, 0x00000000a6c00000| Untracked 
| 109|0x00000000a6d00000, 0x00000000a6d00000, 0x00000000a6e00000|  0%| F|  |TAMS 0x00000000a6d00000, 0x00000000a6d00000| Untracked 
| 110|0x00000000a6e00000, 0x00000000a6e00000, 0x00000000a6f00000|  0%| F|  |TAMS 0x00000000a6e00000, 0x00000000a6e00000| Untracked 
| 111|0x00000000a6f00000, 0x00000000a6f00000, 0x00000000a7000000|  0%| F|  |TAMS 0x00000000a6f00000, 0x00000000a6f00000| Untracked 
| 112|0x00000000a7000000, 0x00000000a7000000, 0x00000000a7100000|  0%| F|  |TAMS 0x00000000a7000000, 0x00000000a7000000| Untracked 
| 113|0x00000000a7100000, 0x00000000a7100000, 0x00000000a7200000|  0%| F|  |TAMS 0x00000000a7100000, 0x00000000a7100000| Untracked 
| 114|0x00000000a7200000, 0x00000000a7200000, 0x00000000a7300000|  0%| F|  |TAMS 0x00000000a7200000, 0x00000000a7200000| Untracked 
| 115|0x00000000a7300000, 0x00000000a7300000, 0x00000000a7400000|  0%| F|  |TAMS 0x00000000a7300000, 0x00000000a7300000| Untracked 
| 116|0x00000000a7400000, 0x00000000a7400000, 0x00000000a7500000|  0%| F|  |TAMS 0x00000000a7400000, 0x00000000a7400000| Untracked 
| 117|0x00000000a7500000, 0x00000000a7500000, 0x00000000a7600000|  0%| F|  |TAMS 0x00000000a7500000, 0x00000000a7500000| Untracked 
| 118|0x00000000a7600000, 0x00000000a7600000, 0x00000000a7700000|  0%| F|  |TAMS 0x00000000a7600000, 0x00000000a7600000| Untracked 
| 119|0x00000000a7700000, 0x00000000a7700000, 0x00000000a7800000|  0%| F|  |TAMS 0x00000000a7700000, 0x00000000a7700000| Untracked 
| 120|0x00000000a7800000, 0x00000000a7800000, 0x00000000a7900000|  0%| F|  |TAMS 0x00000000a7800000, 0x00000000a7800000| Untracked 
| 121|0x00000000a7900000, 0x00000000a7900000, 0x00000000a7a00000|  0%| F|  |TAMS 0x00000000a7900000, 0x00000000a7900000| Untracked 
| 122|0x00000000a7a00000, 0x00000000a7a00000, 0x00000000a7b00000|  0%| F|  |TAMS 0x00000000a7a00000, 0x00000000a7a00000| Untracked 
| 123|0x00000000a7b00000, 0x00000000a7b00000, 0x00000000a7c00000|  0%| F|  |TAMS 0x00000000a7b00000, 0x00000000a7b00000| Untracked 
| 124|0x00000000a7c00000, 0x00000000a7c00000, 0x00000000a7d00000|  0%| F|  |TAMS 0x00000000a7c00000, 0x00000000a7c00000| Untracked 
| 125|0x00000000a7d00000, 0x00000000a7d00000, 0x00000000a7e00000|  0%| F|  |TAMS 0x00000000a7d00000, 0x00000000a7d00000| Untracked 
| 126|0x00000000a7e00000, 0x00000000a7e00000, 0x00000000a7f00000|  0%| F|  |TAMS 0x00000000a7e00000, 0x00000000a7e00000| Untracked 
| 127|0x00000000a7f00000, 0x00000000a7f00000, 0x00000000a8000000|  0%| F|  |TAMS 0x00000000a7f00000, 0x00000000a7f00000| Untracked 
| 128|0x00000000a8000000, 0x00000000a8000000, 0x00000000a8100000|  0%| F|  |TAMS 0x00000000a8000000, 0x00000000a8000000| Untracked 
| 129|0x00000000a8100000, 0x00000000a8100000, 0x00000000a8200000|  0%| F|  |TAMS 0x00000000a8100000, 0x00000000a8100000| Untracked 
| 130|0x00000000a8200000, 0x00000000a8200000, 0x00000000a8300000|  0%| F|  |TAMS 0x00000000a8200000, 0x00000000a8200000| Untracked 
| 131|0x00000000a8300000, 0x00000000a8300000, 0x00000000a8400000|  0%| F|  |TAMS 0x00000000a8300000, 0x00000000a8300000| Untracked 
| 132|0x00000000a8400000, 0x00000000a8400000, 0x00000000a8500000|  0%| F|  |TAMS 0x00000000a8400000, 0x00000000a8400000| Untracked 
| 133|0x00000000a8500000, 0x00000000a8500000, 0x00000000a8600000|  0%| F|  |TAMS 0x00000000a8500000, 0x00000000a8500000| Untracked 
| 134|0x00000000a8600000, 0x00000000a8600000, 0x00000000a8700000|  0%| F|  |TAMS 0x00000000a8600000, 0x00000000a8600000| Untracked 
| 135|0x00000000a8700000, 0x00000000a8700000, 0x00000000a8800000|  0%| F|  |TAMS 0x00000000a8700000, 0x00000000a8700000| Untracked 
| 136|0x00000000a8800000, 0x00000000a8800000, 0x00000000a8900000|  0%| F|  |TAMS 0x00000000a8800000, 0x00000000a8800000| Untracked 
| 137|0x00000000a8900000, 0x00000000a8900000, 0x00000000a8a00000|  0%| F|  |TAMS 0x00000000a8900000, 0x00000000a8900000| Untracked 
| 138|0x00000000a8a00000, 0x00000000a8a00000, 0x00000000a8b00000|  0%| F|  |TAMS 0x00000000a8a00000, 0x00000000a8a00000| Untracked 
| 139|0x00000000a8b00000, 0x00000000a8b00000, 0x00000000a8c00000|  0%| F|  |TAMS 0x00000000a8b00000, 0x00000000a8b00000| Untracked 
| 140|0x00000000a8c00000, 0x00000000a8c00000, 0x00000000a8d00000|  0%| F|  |TAMS 0x00000000a8c00000, 0x00000000a8c00000| Untracked 
| 141|0x00000000a8d00000, 0x00000000a8d00000, 0x00000000a8e00000|  0%| F|  |TAMS 0x00000000a8d00000, 0x00000000a8d00000| Untracked 
| 142|0x00000000a8e00000, 0x00000000a8e00000, 0x00000000a8f00000|  0%| F|  |TAMS 0x00000000a8e00000, 0x00000000a8e00000| Untracked 
| 143|0x00000000a8f00000, 0x00000000a8f00000, 0x00000000a9000000|  0%| F|  |TAMS 0x00000000a8f00000, 0x00000000a8f00000| Untracked 
| 144|0x00000000a9000000, 0x00000000a9000000, 0x00000000a9100000|  0%| F|  |TAMS 0x00000000a9000000, 0x00000000a9000000| Untracked 
| 145|0x00000000a9100000, 0x00000000a9100000, 0x00000000a9200000|  0%| F|  |TAMS 0x00000000a9100000, 0x00000000a9100000| Untracked 
| 146|0x00000000a9200000, 0x00000000a9200000, 0x00000000a9300000|  0%| F|  |TAMS 0x00000000a9200000, 0x00000000a9200000| Untracked 
| 147|0x00000000a9300000, 0x00000000a9300000, 0x00000000a9400000|  0%| F|  |TAMS 0x00000000a9300000, 0x00000000a9300000| Untracked 
| 148|0x00000000a9400000, 0x00000000a9400000, 0x00000000a9500000|  0%| F|  |TAMS 0x00000000a9400000, 0x00000000a9400000| Untracked 
| 149|0x00000000a9500000, 0x00000000a9500000, 0x00000000a9600000|  0%| F|  |TAMS 0x00000000a9500000, 0x00000000a9500000| Untracked 
| 150|0x00000000a9600000, 0x00000000a9600000, 0x00000000a9700000|  0%| F|  |TAMS 0x00000000a9600000, 0x00000000a9600000| Untracked 
| 151|0x00000000a9700000, 0x00000000a9700000, 0x00000000a9800000|  0%| F|  |TAMS 0x00000000a9700000, 0x00000000a9700000| Untracked 
| 152|0x00000000a9800000, 0x00000000a9800000, 0x00000000a9900000|  0%| F|  |TAMS 0x00000000a9800000, 0x00000000a9800000| Untracked 
| 153|0x00000000a9900000, 0x00000000a9900000, 0x00000000a9a00000|  0%| F|  |TAMS 0x00000000a9900000, 0x00000000a9900000| Untracked 
| 154|0x00000000a9a00000, 0x00000000a9a00000, 0x00000000a9b00000|  0%| F|  |TAMS 0x00000000a9a00000, 0x00000000a9a00000| Untracked 
| 155|0x00000000a9b00000, 0x00000000a9b00000, 0x00000000a9c00000|  0%| F|  |TAMS 0x00000000a9b00000, 0x00000000a9b00000| Untracked 
| 156|0x00000000a9c00000, 0x00000000a9c00000, 0x00000000a9d00000|  0%| F|  |TAMS 0x00000000a9c00000, 0x00000000a9c00000| Untracked 
| 157|0x00000000a9d00000, 0x00000000a9d00000, 0x00000000a9e00000|  0%| F|  |TAMS 0x00000000a9d00000, 0x00000000a9d00000| Untracked 
| 158|0x00000000a9e00000, 0x00000000a9e00000, 0x00000000a9f00000|  0%| F|  |TAMS 0x00000000a9e00000, 0x00000000a9e00000| Untracked 
| 159|0x00000000a9f00000, 0x00000000a9f00000, 0x00000000aa000000|  0%| F|  |TAMS 0x00000000a9f00000, 0x00000000a9f00000| Untracked 
| 160|0x00000000aa000000, 0x00000000aa000000, 0x00000000aa100000|  0%| F|  |TAMS 0x00000000aa000000, 0x00000000aa000000| Untracked 
| 161|0x00000000aa100000, 0x00000000aa100000, 0x00000000aa200000|  0%| F|  |TAMS 0x00000000aa100000, 0x00000000aa100000| Untracked 
| 162|0x00000000aa200000, 0x00000000aa200000, 0x00000000aa300000|  0%| F|  |TAMS 0x00000000aa200000, 0x00000000aa200000| Untracked 
| 163|0x00000000aa300000, 0x00000000aa300000, 0x00000000aa400000|  0%| F|  |TAMS 0x00000000aa300000, 0x00000000aa300000| Untracked 
| 164|0x00000000aa400000, 0x00000000aa400000, 0x00000000aa500000|  0%| F|  |TAMS 0x00000000aa400000, 0x00000000aa400000| Untracked 
| 165|0x00000000aa500000, 0x00000000aa500000, 0x00000000aa600000|  0%| F|  |TAMS 0x00000000aa500000, 0x00000000aa500000| Untracked 
| 166|0x00000000aa600000, 0x00000000aa600000, 0x00000000aa700000|  0%| F|  |TAMS 0x00000000aa600000, 0x00000000aa600000| Untracked 
| 167|0x00000000aa700000, 0x00000000aa700000, 0x00000000aa800000|  0%| F|  |TAMS 0x00000000aa700000, 0x00000000aa700000| Untracked 
| 168|0x00000000aa800000, 0x00000000aa800000, 0x00000000aa900000|  0%| F|  |TAMS 0x00000000aa800000, 0x00000000aa800000| Untracked 
| 169|0x00000000aa900000, 0x00000000aa900000, 0x00000000aaa00000|  0%| F|  |TAMS 0x00000000aa900000, 0x00000000aa900000| Untracked 
| 170|0x00000000aaa00000, 0x00000000aaa00000, 0x00000000aab00000|  0%| F|  |TAMS 0x00000000aaa00000, 0x00000000aaa00000| Untracked 
| 171|0x00000000aab00000, 0x00000000aab00000, 0x00000000aac00000|  0%| F|  |TAMS 0x00000000aab00000, 0x00000000aab00000| Untracked 
| 172|0x00000000aac00000, 0x00000000aac00000, 0x00000000aad00000|  0%| F|  |TAMS 0x00000000aac00000, 0x00000000aac00000| Untracked 
| 173|0x00000000aad00000, 0x00000000aad00000, 0x00000000aae00000|  0%| F|  |TAMS 0x00000000aad00000, 0x00000000aad00000| Untracked 
| 174|0x00000000aae00000, 0x00000000aae00000, 0x00000000aaf00000|  0%| F|  |TAMS 0x00000000aae00000, 0x00000000aae00000| Untracked 
| 175|0x00000000aaf00000, 0x00000000aaf00000, 0x00000000ab000000|  0%| F|  |TAMS 0x00000000aaf00000, 0x00000000aaf00000| Untracked 
| 176|0x00000000ab000000, 0x00000000ab000000, 0x00000000ab100000|  0%| F|  |TAMS 0x00000000ab000000, 0x00000000ab000000| Untracked 
| 177|0x00000000ab100000, 0x00000000ab100000, 0x00000000ab200000|  0%| F|  |TAMS 0x00000000ab100000, 0x00000000ab100000| Untracked 
| 178|0x00000000ab200000, 0x00000000ab200000, 0x00000000ab300000|  0%| F|  |TAMS 0x00000000ab200000, 0x00000000ab200000| Untracked 
| 179|0x00000000ab300000, 0x00000000ab300000, 0x00000000ab400000|  0%| F|  |TAMS 0x00000000ab300000, 0x00000000ab300000| Untracked 
| 180|0x00000000ab400000, 0x00000000ab400000, 0x00000000ab500000|  0%| F|  |TAMS 0x00000000ab400000, 0x00000000ab400000| Untracked 
| 181|0x00000000ab500000, 0x00000000ab500000, 0x00000000ab600000|  0%| F|  |TAMS 0x00000000ab500000, 0x00000000ab500000| Untracked 
| 182|0x00000000ab600000, 0x00000000ab600000, 0x00000000ab700000|  0%| F|  |TAMS 0x00000000ab600000, 0x00000000ab600000| Untracked 
| 183|0x00000000ab700000, 0x00000000ab700000, 0x00000000ab800000|  0%| F|  |TAMS 0x00000000ab700000, 0x00000000ab700000| Untracked 
| 184|0x00000000ab800000, 0x00000000ab800000, 0x00000000ab900000|  0%| F|  |TAMS 0x00000000ab800000, 0x00000000ab800000| Untracked 
| 185|0x00000000ab900000, 0x00000000ab900000, 0x00000000aba00000|  0%| F|  |TAMS 0x00000000ab900000, 0x00000000ab900000| Untracked 
| 186|0x00000000aba00000, 0x00000000aba00000, 0x00000000abb00000|  0%| F|  |TAMS 0x00000000aba00000, 0x00000000aba00000| Untracked 
| 187|0x00000000abb00000, 0x00000000abb00000, 0x00000000abc00000|  0%| F|  |TAMS 0x00000000abb00000, 0x00000000abb00000| Untracked 
| 188|0x00000000abc00000, 0x00000000abc00000, 0x00000000abd00000|  0%| F|  |TAMS 0x00000000abc00000, 0x00000000abc00000| Untracked 
| 189|0x00000000abd00000, 0x00000000abd00000, 0x00000000abe00000|  0%| F|  |TAMS 0x00000000abd00000, 0x00000000abd00000| Untracked 
| 190|0x00000000abe00000, 0x00000000abe00000, 0x00000000abf00000|  0%| F|  |TAMS 0x00000000abe00000, 0x00000000abe00000| Untracked 
| 191|0x00000000abf00000, 0x00000000abf00000, 0x00000000ac000000|  0%| F|  |TAMS 0x00000000abf00000, 0x00000000abf00000| Untracked 

Card table byte_map: [0x0000014dc42a0000,0x0000014dc45a0000] _byte_map_base: 0x0000014dc3da0000

Marking Bits (Prev, Next): (CMBitMap*) 0x0000014db1664530, (CMBitMap*) 0x0000014db16644f8
 Prev Bits: [0x0000014dc60a0000, 0x0000014dc78a0000)
 Next Bits: [0x0000014dc48a0000, 0x0000014dc60a0000)

Polling page: 0x0000014db0e00000

Metaspace:

Usage:
  Non-class:     58.56 MB capacity,    57.35 MB ( 98%) used,     1.07 MB (  2%) free+waste,   141.13 KB ( <1%) overhead. 
      Class:      8.72 MB capacity,     8.15 MB ( 93%) used,   519.48 KB (  6%) free+waste,    66.00 KB ( <1%) overhead. 
       Both:     67.28 MB capacity,    65.50 MB ( 97%) used,     1.57 MB (  2%) free+waste,   207.13 KB ( <1%) overhead. 

Virtual space:
  Non-class space:       60.00 MB reserved,      58.62 MB ( 98%) committed 
      Class space:        1.00 GB reserved,       8.75 MB ( <1%) committed 
             Both:        1.06 GB reserved,      67.37 MB (  6%) committed 

Chunk freelists:
   Non-Class:  1.00 KB
       Class:  0 bytes
        Both:  1.00 KB

MaxMetaspaceSize: 17179869184.00 GB
CompressedClassSpaceSize: 1.00 GB

CodeHeap 'non-profiled nmethods': size=120064Kb used=3469Kb max_used=3469Kb free=116594Kb
 bounds [0x0000014dbca60000, 0x0000014dbcdd0000, 0x0000014dc3fa0000]
CodeHeap 'profiled nmethods': size=120000Kb used=13869Kb max_used=13869Kb free=106130Kb
 bounds [0x0000014db5530000, 0x0000014db62c0000, 0x0000014dbca60000]
CodeHeap 'non-nmethods': size=5696Kb used=2273Kb max_used=2333Kb free=3422Kb
 bounds [0x0000014db4fa0000, 0x0000014db5210000, 0x0000014db5530000]
 total_blobs=7145 nmethods=6274 adapters=782
 compilation: enabled
              stopped_count=0, restarted_count=0
 full_count=0

Compilation events (20 events):
Event: 10.610 Thread 0x0000014dca631000 6531       3       com.google.common.collect.AbstractMapBasedMultimap$WrappedCollection$WrappedIterator::validateIterator (30 bytes)
Event: 10.610 Thread 0x0000014dca631000 nmethod 6531 0x0000014db62ba910 code [0x0000014db62baae0, 0x0000014db62badb8]
Event: 10.613 Thread 0x0000014dca631000 6532       3       com.google.common.collect.AbstractSetMultimap::put (7 bytes)
Event: 10.613 Thread 0x0000014dca631000 nmethod 6532 0x0000014db62baf10 code [0x0000014db62bb0c0, 0x0000014db62bb1e8]
Event: 10.613 Thread 0x0000014dca631000 6533       3       com.google.common.collect.LinkedHashMultimap::put (7 bytes)
Event: 10.614 Thread 0x0000014dca631000 nmethod 6533 0x0000014db62bb290 code [0x0000014db62bb460, 0x0000014db62bb5e8]
Event: 10.614 Thread 0x0000014dca631000 6534       3       org.gradle.internal.instantiation.generator.AsmBackedClassGenerator$ClassBuilderImpl::addLazyGetter (22 bytes)
Event: 10.614 Thread 0x0000014dca631000 nmethod 6534 0x0000014db62bb710 code [0x0000014db62bb920, 0x0000014db62bc1d8]
Event: 10.614 Thread 0x0000014dca631000 6536       3       com.google.common.collect.Sets$ImprovedAbstractSet::<init> (5 bytes)
Event: 10.614 Thread 0x0000014dca631000 nmethod 6536 0x0000014db62bc490 code [0x0000014db62bc660, 0x0000014db62bc878]
Event: 10.614 Thread 0x0000014dca631000 6537       3       com.google.common.collect.AbstractMapBasedMultimap$WrappedCollection$WrappedIterator::hasNext (14 bytes)
Event: 10.614 Thread 0x0000014dca631000 nmethod 6537 0x0000014db62bc990 code [0x0000014db62bcb80, 0x0000014db62bcf88]
Event: 10.615 Thread 0x0000014dca631000 6535       3       org.gradle.internal.instantiation.generator.AsmBackedClassGenerator$ClassBuilderImpl$$Lambda$123/0x00000001002a2040::get$Lambda (12 bytes)
Event: 10.615 Thread 0x0000014dca631000 nmethod 6535 0x0000014db62bd110 code [0x0000014db62bd2e0, 0x0000014db62bd658]
Event: 10.618 Thread 0x0000014dca631000 6538       3       org.gradle.internal.event.AbstractBroadcastDispatch::<init> (10 bytes)
Event: 10.619 Thread 0x0000014dca631000 nmethod 6538 0x0000014db62bd790 code [0x0000014db62bd940, 0x0000014db62bdaf8]
Event: 10.626 Thread 0x0000014dca631000 6539       3       org.gradle.internal.service.DefaultServiceRegistry::find (28 bytes)
Event: 10.627 Thread 0x0000014dca631000 nmethod 6539 0x0000014db62bdb90 code [0x0000014db62bdda0, 0x0000014db62be0e8]
Event: 10.627 Thread 0x0000014dca631000 6540       3       org.gradle.internal.service.DefaultServiceRegistry::getService (13 bytes)
Event: 10.627 Thread 0x0000014dca631000 nmethod 6540 0x0000014db62be290 code [0x0000014db62be460, 0x0000014db62be5d8]

GC Heap History (20 events):
Event: 0.556 GC heap after
{Heap after GC invocations=1 (full 0):
 garbage-first heap   total 196608K, used 8484K [0x00000000a0000000, 0x0000000100000000)
  region size 1024K, 2 young (2048K), 2 survivors (2048K)
 Metaspace       used 7396K, capacity 7571K, committed 7680K, reserved 1056768K
  class space    used 666K, capacity 716K, committed 768K, reserved 1048576K
}
Event: 0.867 GC heap before
{Heap before GC invocations=1 (full 0):
 garbage-first heap   total 196608K, used 20772K [0x00000000a0000000, 0x0000000100000000)
  region size 1024K, 14 young (14336K), 2 survivors (2048K)
 Metaspace       used 10504K, capacity 10696K, committed 11008K, reserved 1058816K
  class space    used 1103K, capacity 1164K, committed 1280K, reserved 1048576K
}
Event: 0.870 GC heap after
{Heap after GC invocations=2 (full 0):
 garbage-first heap   total 196608K, used 9077K [0x00000000a0000000, 0x0000000100000000)
  region size 1024K, 1 young (1024K), 1 survivors (1024K)
 Metaspace       used 10504K, capacity 10696K, committed 11008K, reserved 1058816K
  class space    used 1103K, capacity 1164K, committed 1280K, reserved 1048576K
}
Event: 1.229 GC heap before
{Heap before GC invocations=2 (full 0):
 garbage-first heap   total 196608K, used 38773K [0x00000000a0000000, 0x0000000100000000)
  region size 1024K, 31 young (31744K), 1 survivors (1024K)
 Metaspace       used 10678K, capacity 10825K, committed 11008K, reserved 1058816K
  class space    used 1105K, capacity 1164K, committed 1280K, reserved 1048576K
}
Event: 1.233 GC heap after
{Heap after GC invocations=3 (full 0):
 garbage-first heap   total 196608K, used 13208K [0x00000000a0000000, 0x0000000100000000)
  region size 1024K, 4 young (4096K), 4 survivors (4096K)
 Metaspace       used 10678K, capacity 10825K, committed 11008K, reserved 1058816K
  class space    used 1105K, capacity 1164K, committed 1280K, reserved 1048576K
}
Event: 2.891 GC heap before
{Heap before GC invocations=3 (full 0):
 garbage-first heap   total 196608K, used 57240K [0x00000000a0000000, 0x0000000100000000)
  region size 1024K, 47 young (48128K), 4 survivors (4096K)
 Metaspace       used 19078K, capacity 19519K, committed 19712K, reserved 1067008K
  class space    used 2305K, capacity 2467K, committed 2560K, reserved 1048576K
}
Event: 2.898 GC heap after
{Heap after GC invocations=4 (full 0):
 garbage-first heap   total 196608K, used 16314K [0x00000000a0000000, 0x0000000100000000)
  region size 1024K, 3 young (3072K), 3 survivors (3072K)
 Metaspace       used 19078K, capacity 19519K, committed 19712K, reserved 1067008K
  class space    used 2305K, capacity 2467K, committed 2560K, reserved 1048576K
}
Event: 3.022 GC heap before
{Heap before GC invocations=4 (full 0):
 garbage-first heap   total 196608K, used 26554K [0x00000000a0000000, 0x0000000100000000)
  region size 1024K, 14 young (14336K), 3 survivors (3072K)
 Metaspace       used 20618K, capacity 21127K, committed 21296K, reserved 1069056K
  class space    used 2517K, capacity 2688K, committed 2688K, reserved 1048576K
}
Event: 3.027 GC heap after
{Heap after GC invocations=5 (full 0):
 garbage-first heap   total 196608K, used 16701K [0x00000000a0000000, 0x0000000100000000)
  region size 1024K, 4 young (4096K), 4 survivors (4096K)
 Metaspace       used 20618K, capacity 21127K, committed 21296K, reserved 1069056K
  class space    used 2517K, capacity 2688K, committed 2688K, reserved 1048576K
}
Event: 3.758 GC heap before
{Heap before GC invocations=6 (full 0):
 garbage-first heap   total 196608K, used 79165K [0x00000000a0000000, 0x0000000100000000)
  region size 1024K, 57 young (58368K), 4 survivors (4096K)
 Metaspace       used 26133K, capacity 26851K, committed 26928K, reserved 1073152K
  class space    used 3402K, capacity 3649K, committed 3712K, reserved 1048576K
}
Event: 3.766 GC heap after
{Heap after GC invocations=7 (full 0):
 garbage-first heap   total 196608K, used 30555K [0x00000000a0000000, 0x0000000100000000)
  region size 1024K, 8 young (8192K), 8 survivors (8192K)
 Metaspace       used 26133K, capacity 26851K, committed 26928K, reserved 1073152K
  class space    used 3402K, capacity 3649K, committed 3712K, reserved 1048576K
}
Event: 4.554 GC heap before
{Heap before GC invocations=7 (full 0):
 garbage-first heap   total 196608K, used 83803K [0x00000000a0000000, 0x0000000100000000)
  region size 1024K, 61 young (62464K), 8 survivors (8192K)
 Metaspace       used 34795K, capacity 35568K, committed 35708K, reserved 1081344K
  class space    used 4509K, capacity 4799K, committed 4864K, reserved 1048576K
}
Event: 4.567 GC heap after
{Heap after GC invocations=8 (full 0):
 garbage-first heap   total 196608K, used 34478K [0x00000000a0000000, 0x0000000100000000)
  region size 1024K, 9 young (9216K), 9 survivors (9216K)
 Metaspace       used 34795K, capacity 35568K, committed 35708K, reserved 1081344K
  class space    used 4509K, capacity 4799K, committed 4864K, reserved 1048576K
}
Event: 5.795 GC heap before
{Heap before GC invocations=9 (full 0):
 garbage-first heap   total 196608K, used 124590K [0x00000000a0000000, 0x0000000100000000)
  region size 1024K, 87 young (89088K), 9 survivors (9216K)
 Metaspace       used 42689K, capacity 43844K, committed 44156K, reserved 1087488K
  class space    used 5408K, capacity 5804K, committed 5888K, reserved 1048576K
}
Event: 5.817 GC heap after
{Heap after GC invocations=10 (full 0):
 garbage-first heap   total 196608K, used 48375K [0x00000000a0000000, 0x0000000100000000)
  region size 1024K, 11 young (11264K), 11 survivors (11264K)
 Metaspace       used 42689K, capacity 43844K, committed 44156K, reserved 1087488K
  class space    used 5408K, capacity 5804K, committed 5888K, reserved 1048576K
}
Event: 7.130 GC heap before
{Heap before GC invocations=10 (full 0):
 garbage-first heap   total 196608K, used 130295K [0x00000000a0000000, 0x0000000100000000)
  region size 1024K, 91 young (93184K), 11 survivors (11264K)
 Metaspace       used 51372K, capacity 52701K, committed 52860K, reserved 1095680K
  class space    used 6512K, capacity 6894K, committed 6912K, reserved 1048576K
}
Event: 7.148 GC heap after
{Heap after GC invocations=11 (full 0):
 garbage-first heap   total 196608K, used 54066K [0x00000000a0000000, 0x0000000100000000)
  region size 1024K, 6 young (6144K), 6 survivors (6144K)
 Metaspace       used 51372K, capacity 52701K, committed 52860K, reserved 1095680K
  class space    used 6512K, capacity 6894K, committed 6912K, reserved 1048576K
}
Event: 9.385 GC heap before
{Heap before GC invocations=11 (full 0):
 garbage-first heap   total 196608K, used 120626K [0x00000000a0000000, 0x0000000100000000)
  region size 1024K, 70 young (71680K), 6 survivors (6144K)
 Metaspace       used 58446K, capacity 59824K, committed 59900K, reserved 1101824K
  class space    used 7297K, capacity 7772K, committed 7808K, reserved 1048576K
}
Event: 9.403 GC heap after
{Heap after GC invocations=12 (full 0):
 garbage-first heap   total 196608K, used 65227K [0x00000000a0000000, 0x0000000100000000)
  region size 1024K, 11 young (11264K), 11 survivors (11264K)
 Metaspace       used 58446K, capacity 59824K, committed 59900K, reserved 1101824K
  class space    used 7297K, capacity 7772K, committed 7808K, reserved 1048576K
}
Event: 10.628 GC heap before
{Heap before GC invocations=13 (full 0):
 garbage-first heap   total 196608K, used 139979K [0x00000000a0000000, 0x0000000100000000)
  region size 1024K, 84 young (86016K), 11 survivors (11264K)
 Metaspace       used 67075K, capacity 68893K, committed 68988K, reserved 1110016K
  class space    used 8344K, capacity 8930K, committed 8960K, reserved 1048576K
}

Deoptimization events (20 events):
Event: 10.069 Thread 0x0000014dccbb1800 Uncommon trap: trap_request=0xffffffdc fr.pc=0x0000014dbcda786c relative=0x00000000000002ac
Event: 10.069 Thread 0x0000014dccbb1800 Uncommon trap: reason=class_check action=make_not_entrant pc=0x0000014dbcda786c method=java.util.ArrayList.toArray([Ljava/lang/Object;)[Ljava/lang/Object; @ 21 c2
Event: 10.069 Thread 0x0000014dccbb1800 DEOPT PACKING pc=0x0000014dbcda786c sp=0x0000000781ef7530
Event: 10.069 Thread 0x0000014dccbb1800 DEOPT UNPACKING pc=0x0000014db4fc74af sp=0x0000000781ef7500 mode 2
Event: 10.130 Thread 0x0000014dccbb1800 DEOPT PACKING pc=0x0000014db61f5d10 sp=0x0000000781ef7ca0
Event: 10.130 Thread 0x0000014dccbb1800 DEOPT UNPACKING pc=0x0000014db4fc72ce sp=0x0000000781ef71a0 mode 0
Event: 10.377 Thread 0x0000014dccbb1800 Uncommon trap: trap_request=0xffffff4d fr.pc=0x0000014dbcd9d320 relative=0x0000000000000420
Event: 10.377 Thread 0x0000014dccbb1800 Uncommon trap: reason=unstable_if action=reinterpret pc=0x0000014dbcd9d320 method=org.gradle.internal.instantiation.generator.AbstractClassGenerator$InjectionAnnotationValidator.validateMethod(Ljava/lang/reflect/Method;Lorg/gradle/internal/reflect/Propert
Event: 10.377 Thread 0x0000014dccbb1800 DEOPT PACKING pc=0x0000014dbcd9d320 sp=0x0000000781ef8060
Event: 10.377 Thread 0x0000014dccbb1800 DEOPT UNPACKING pc=0x0000014db4fc74af sp=0x0000000781ef8028 mode 2
Event: 10.489 Thread 0x0000014dccbb1800 Uncommon trap: trap_request=0xffffff4d fr.pc=0x0000014dbcd9eeb0 relative=0x0000000000000110
Event: 10.489 Thread 0x0000014dccbb1800 Uncommon trap: reason=unstable_if action=reinterpret pc=0x0000014dbcd9eeb0 method=org.objectweb.asm.ByteVector.putInt(I)Lorg/objectweb/asm/ByteVector; @ 13 c2
Event: 10.489 Thread 0x0000014dccbb1800 DEOPT PACKING pc=0x0000014dbcd9eeb0 sp=0x0000000781ef7d30
Event: 10.489 Thread 0x0000014dccbb1800 DEOPT UNPACKING pc=0x0000014db4fc74af sp=0x0000000781ef7cb8 mode 2
Event: 10.502 Thread 0x0000014dccbb1800 Uncommon trap: trap_request=0xffffffde fr.pc=0x0000014dbcc2c5a0 relative=0x0000000000001500
Event: 10.502 Thread 0x0000014dccbb1800 Uncommon trap: reason=class_check action=maybe_recompile pc=0x0000014dbcc2c5a0 method=jdk.internal.loader.BuiltinClassLoader.loadClassOrNull(Ljava/lang/String;Z)Ljava/lang/Class; @ 86 c2
Event: 10.502 Thread 0x0000014dccbb1800 DEOPT PACKING pc=0x0000014dbcc2c5a0 sp=0x0000000781ef62e0
Event: 10.503 Thread 0x0000014dccbb1800 DEOPT UNPACKING pc=0x0000014db4fc74af sp=0x0000000781ef6248 mode 2
Event: 10.600 Thread 0x0000014dccbb1800 DEOPT PACKING pc=0x0000014db61f5cef sp=0x0000000781ef5a40
Event: 10.600 Thread 0x0000014dccbb1800 DEOPT UNPACKING pc=0x0000014db4fc72ce sp=0x0000000781ef4f40 mode 0

Classes redefined (0 events):
No events

Internal exceptions (20 events):
Event: 9.571 Thread 0x0000014dccbb1800 Exception <a 'java/lang/ClassNotFoundException'{0x00000000abad8478}: org/gradle/api/internal/artifacts/repositories/DefaultMavenArtifactRepositoryCustomizer> (0x00000000abad8478) thrown at [./src/hotspot/share/classfile/systemDictionary.cpp, line 231]
Event: 9.574 Thread 0x0000014dccbb1800 Exception <a 'java/lang/ClassNotFoundException'{0x00000000ab9365f8}: org/gradle/api/internal/artifacts/repositories/DefaultMavenArtifactRepository_DecoratedCustomizer> (0x00000000ab9365f8) thrown at [./src/hotspot/share/classfile/systemDictionary.cpp, line 231]
Event: 9.611 Thread 0x0000014dccbb1800 Exception <a 'java/lang/ClassNotFoundException'{0x00000000ab72e348}: org/gradle/api/tasks/Delete_DecoratedBeanInfo> (0x00000000ab72e348) thrown at [./src/hotspot/share/classfile/systemDictionary.cpp, line 231]
Event: 9.612 Thread 0x0000014dccbb1800 Exception <a 'java/lang/ClassNotFoundException'{0x00000000ab74fb80}: org/gradle/api/tasks/DeleteBeanInfo> (0x00000000ab74fb80) thrown at [./src/hotspot/share/classfile/systemDictionary.cpp, line 231]
Event: 9.613 Thread 0x0000014dccbb1800 Exception <a 'java/lang/ClassNotFoundException'{0x00000000ab773638}: org/gradle/api/internal/ConventionTaskBeanInfo> (0x00000000ab773638) thrown at [./src/hotspot/share/classfile/systemDictionary.cpp, line 231]
Event: 9.613 Thread 0x0000014dccbb1800 Exception <a 'java/lang/ClassNotFoundException'{0x00000000ab794c10}: org/gradle/api/DefaultTaskBeanInfo> (0x00000000ab794c10) thrown at [./src/hotspot/share/classfile/systemDictionary.cpp, line 231]
Event: 9.614 Thread 0x0000014dccbb1800 Exception <a 'java/lang/ClassNotFoundException'{0x00000000ab7b94c8}: org/gradle/api/internal/AbstractTaskBeanInfo> (0x00000000ab7b94c8) thrown at [./src/hotspot/share/classfile/systemDictionary.cpp, line 231]
Event: 9.615 Thread 0x0000014dccbb1800 Exception <a 'java/lang/ClassNotFoundException'{0x00000000ab7dd9f8}: org/gradle/api/internal/AbstractTaskCustomizer> (0x00000000ab7dd9f8) thrown at [./src/hotspot/share/classfile/systemDictionary.cpp, line 231]
Event: 9.617 Thread 0x0000014dccbb1800 Exception <a 'java/lang/ClassNotFoundException'{0x00000000ab641888}: org/gradle/api/DefaultTaskCustomizer> (0x00000000ab641888) thrown at [./src/hotspot/share/classfile/systemDictionary.cpp, line 231]
Event: 9.620 Thread 0x0000014dccbb1800 Exception <a 'java/lang/ClassNotFoundException'{0x00000000ab6ba670}: org/gradle/api/internal/ConventionTaskCustomizer> (0x00000000ab6ba670) thrown at [./src/hotspot/share/classfile/systemDictionary.cpp, line 231]
Event: 9.622 Thread 0x0000014dccbb1800 Exception <a 'java/lang/ClassNotFoundException'{0x00000000ab6ea9c0}: org/gradle/api/tasks/DeleteCustomizer> (0x00000000ab6ea9c0) thrown at [./src/hotspot/share/classfile/systemDictionary.cpp, line 231]
Event: 9.623 Thread 0x0000014dccbb1800 Exception <a 'java/lang/ClassNotFoundException'{0x00000000ab521b50}: org/gradle/api/tasks/Delete_DecoratedCustomizer> (0x00000000ab521b50) thrown at [./src/hotspot/share/classfile/systemDictionary.cpp, line 231]
Event: 9.811 Thread 0x0000014dcf93d800 Exception <a 'sun/nio/fs/WindowsException'{0x00000000aadb67f0}> (0x00000000aadb67f0) thrown at [./src/hotspot/share/prims/jni.cpp, line 615]
Event: 9.812 Thread 0x0000014dcf93d800 Exception <a 'sun/nio/fs/WindowsException'{0x00000000aadb69e8}> (0x00000000aadb69e8) thrown at [./src/hotspot/share/prims/jni.cpp, line 615]
Event: 9.818 Thread 0x0000014dccbb1800 Exception <a 'java/lang/ClassNotFoundException'{0x00000000aac30fb0}: build_2sgmkjbpr8vq4yp2dwc9n4cmeBeanInfo> (0x00000000aac30fb0) thrown at [./src/hotspot/share/classfile/systemDictionary.cpp, line 231]
Event: 9.818 Thread 0x0000014dccbb1800 Exception <a 'java/lang/ClassNotFoundException'{0x00000000aac39db8}: build_2sgmkjbpr8vq4yp2dwc9n4cmeCustomizer> (0x00000000aac39db8) thrown at [./src/hotspot/share/classfile/systemDictionary.cpp, line 231]
Event: 9.932 Thread 0x0000014dccbb1800 Exception <a 'java/lang/NoSuchMethodError'{0x00000000aa3d0918}: 'java.lang.Object java.lang.invoke.DirectMethodHandle$Holder.invokeSpecial(java.lang.Object, java.lang.Object, java.lang.Object, java.lang.Object, java.lang.Object, int)'> (0x00000000aa3d0918) thrown at [./src/hotspot/share/interpreter/linkResolver.cpp, line 773]
Event: 9.932 Thread 0x0000014dccbb1800 Exception <a 'java/lang/NoSuchMethodError'{0x00000000aa3d4f58}: 'java.lang.Object java.lang.invoke.Invokers$Holder.linkToTargetMethod(java.lang.Object, java.lang.Object, java.lang.Object, int, java.lang.Object)'> (0x00000000aa3d4f58) thrown at [./src/hotspot/share/interpreter/linkResolver.cpp, line 773]
Event: 10.362 Thread 0x0000014dccbb1800 Exception <a 'java/lang/NoSuchMethodError'{0x00000000a84b0610}: 'int java.lang.invoke.DirectMethodHandle$Holder.invokeInterface(java.lang.Object, java.lang.Object, java.lang.Object, java.lang.Object)'> (0x00000000a84b0610) thrown at [./src/hotspot/share/interpreter/linkResolver.cpp, line 773]
Event: 10.536 Thread 0x0000014dccbb1800 Exception <a 'java/lang/NoSuchMethodError'{0x00000000a709f578}: 'void java.lang.invoke.DirectMethodHandle$Holder.invokeInterface(java.lang.Object, java.lang.Object, java.lang.Object, java.lang.Object)'> (0x00000000a709f578) thrown at [./src/hotspot/share/interpreter/linkResolver.cpp, line 773]

Events (20 events):
Event: 10.623 loading class org/gradle/api/artifacts/Configuration done
Event: 10.623 loading class org/gradle/internal/deprecation/DeprecatableConfiguration
Event: 10.623 loading class org/gradle/internal/deprecation/DeprecatableConfiguration done
Event: 10.624 loading class org/gradle/api/artifacts/Configuration
Event: 10.624 loading class org/gradle/api/artifacts/Configuration done
Event: 10.624 loading class org/gradle/api/artifacts/PublishArtifact
Event: 10.624 loading class org/gradle/api/artifacts/PublishArtifact done
Event: 10.624 loading class org/gradle/api/artifacts/Configuration
Event: 10.624 loading class org/gradle/api/artifacts/Configuration done
Event: 10.624 loading class org/gradle/api/Task
Event: 10.624 loading class org/gradle/api/Task done
Event: 10.624 loading class org/gradle/api/Task
Event: 10.624 loading class org/gradle/api/Task done
Event: 10.624 loading class org/gradle/api/Action
Event: 10.624 loading class org/gradle/api/Action done
Event: 10.625 loading class org/gradle/api/plugins/JvmEcosystemPlugin
Event: 10.625 loading class org/gradle/api/plugins/JvmEcosystemPlugin done
Event: 10.626 loading class org/gradle/api/internal/tasks/DefaultSourceSetContainer
Event: 10.626 loading class org/gradle/api/internal/tasks/DefaultSourceSetContainer done
Event: 10.628 Executing VM operation: G1CollectForAllocation


Dynamic libraries:
0x00007ff7dfc90000 - 0x00007ff7dfc9a000 	D:\Program Files\Android\Android Studio\jre\bin\java.exe
0x00007ff966a20000 - 0x00007ff966c27000 	C:\WINDOWS\SYSTEM32\ntdll.dll
0x00007ff9653e0000 - 0x00007ff96549d000 	C:\WINDOWS\System32\KERNEL32.DLL
0x00007ff964090000 - 0x00007ff964404000 	C:\WINDOWS\System32\KERNELBASE.dll
0x00007ff961130000 - 0x00007ff9611c1000 	C:\WINDOWS\SYSTEM32\apphelp.dll
0x00007ff964490000 - 0x00007ff9645a1000 	C:\WINDOWS\System32\ucrtbase.dll
0x00007ff93ab10000 - 0x00007ff93ab27000 	D:\Program Files\Android\Android Studio\jre\bin\VCRUNTIME140.dll
0x00007ff94eda0000 - 0x00007ff94edb9000 	D:\Program Files\Android\Android Studio\jre\bin\jli.dll
0x00007ff966800000 - 0x00007ff9669ac000 	C:\WINDOWS\System32\USER32.dll
0x00007ff963fc0000 - 0x00007ff963fe6000 	C:\WINDOWS\System32\win32u.dll
0x00007ff9669b0000 - 0x00007ff9669d9000 	C:\WINDOWS\System32\GDI32.dll
0x00007ff964620000 - 0x00007ff964732000 	C:\WINDOWS\System32\gdi32full.dll
0x00007ff963ff0000 - 0x00007ff96408d000 	C:\WINDOWS\System32\msvcp_win.dll
0x00007ff94ca30000 - 0x00007ff94ccd5000 	C:\WINDOWS\WinSxS\amd64_microsoft.windows.common-controls_6595b64144ccf1df_6.0.22000.120_none_9d947278b86cc467\COMCTL32.dll
0x00007ff965e70000 - 0x00007ff965f13000 	C:\WINDOWS\System32\msvcrt.dll
0x00007ff9654a0000 - 0x00007ff9654d1000 	C:\WINDOWS\System32\IMM32.DLL
0x00007ff93a890000 - 0x00007ff93a92d000 	D:\Program Files\Android\Android Studio\jre\bin\msvcp140.dll
0x00007ff8f9520000 - 0x00007ff8f9fdc000 	D:\Program Files\Android\Android Studio\jre\bin\server\jvm.dll
0x00007ff965fa0000 - 0x00007ff96604c000 	C:\WINDOWS\System32\ADVAPI32.dll
0x00007ff964c40000 - 0x00007ff964cdd000 	C:\WINDOWS\System32\sechost.dll
0x00007ff9654f0000 - 0x00007ff965611000 	C:\WINDOWS\System32\RPCRT4.dll
0x00007ff964df0000 - 0x00007ff964df8000 	C:\WINDOWS\System32\PSAPI.DLL
0x00007ff93dcf0000 - 0x00007ff93dcf9000 	C:\WINDOWS\SYSTEM32\WSOCK32.dll
0x00007ff95ce10000 - 0x00007ff95ce1a000 	C:\WINDOWS\SYSTEM32\VERSION.dll
0x00007ff95ec50000 - 0x00007ff95ec83000 	C:\WINDOWS\SYSTEM32\WINMM.dll
0x00007ff964bd0000 - 0x00007ff964c3f000 	C:\WINDOWS\System32\WS2_32.dll
0x00007ff962ff0000 - 0x00007ff963008000 	C:\WINDOWS\SYSTEM32\kernel.appcore.dll
0x00007ff953300000 - 0x00007ff953311000 	D:\Program Files\Android\Android Studio\jre\bin\verify.dll
0x00007ff961cb0000 - 0x00007ff961ed1000 	C:\WINDOWS\SYSTEM32\DBGHELP.DLL
0x00007ff953fa0000 - 0x00007ff953fd1000 	C:\WINDOWS\SYSTEM32\dbgcore.DLL
0x00007ff964410000 - 0x00007ff964490000 	C:\WINDOWS\System32\bcryptPrimitives.dll
0x00007ff952e70000 - 0x00007ff952e99000 	D:\Program Files\Android\Android Studio\jre\bin\java.dll
0x00007ff960170000 - 0x00007ff96017b000 	D:\Program Files\Android\Android Studio\jre\bin\jimage.dll
0x00007ff93ec20000 - 0x00007ff93ec38000 	D:\Program Files\Android\Android Studio\jre\bin\zip.dll
0x00007ff966050000 - 0x00007ff9667f9000 	C:\WINDOWS\System32\SHELL32.dll
0x00007ff962070000 - 0x00007ff9628d2000 	C:\WINDOWS\SYSTEM32\windows.storage.dll
0x00007ff964f50000 - 0x00007ff9652c8000 	C:\WINDOWS\System32\combase.dll
0x00007ff961f00000 - 0x00007ff962066000 	C:\WINDOWS\SYSTEM32\wintypes.dll
0x00007ff964920000 - 0x00007ff964a0a000 	C:\WINDOWS\System32\SHCORE.dll
0x00007ff964d70000 - 0x00007ff964dcd000 	C:\WINDOWS\System32\shlwapi.dll
0x00007ff963e30000 - 0x00007ff963e51000 	C:\WINDOWS\SYSTEM32\profapi.dll
0x00007ff93dee0000 - 0x00007ff93defa000 	D:\Program Files\Android\Android Studio\jre\bin\net.dll
0x00007ff95dab0000 - 0x00007ff95dbbc000 	C:\WINDOWS\SYSTEM32\WINHTTP.dll
0x00007ff9633f0000 - 0x00007ff963457000 	C:\WINDOWS\system32\mswsock.dll
0x00007ff93dec0000 - 0x00007ff93ded4000 	D:\Program Files\Android\Android Studio\jre\bin\nio.dll
0x00007ff95be90000 - 0x00007ff95beb7000 	C:\Users\Bhanuka kamantha\.gradle\native\fdc75f09e3144964f2cf3f50f0aa648679c211496f362492102eb8c894070792\windows-amd64\native-platform.dll
0x00007ff936fa0000 - 0x00007ff937136000 	C:\Users\Bhanuka kamantha\.gradle\native\12488b8bf47d2d4c9fbf2f6322a914ad602e24e48041cd04a747c6da556b65c4\windows-amd64\native-platform-file-events.dll
0x00007ff960d30000 - 0x00007ff960d3a000 	D:\Program Files\Android\Android Studio\jre\bin\management.dll
0x00007ff960d20000 - 0x00007ff960d2c000 	D:\Program Files\Android\Android Studio\jre\bin\management_ext.dll
0x00007ff9636c0000 - 0x00007ff9636d8000 	C:\WINDOWS\SYSTEM32\CRYPTSP.dll
0x00007ff962f50000 - 0x00007ff962f85000 	C:\WINDOWS\system32\rsaenh.dll
0x00007ff963490000 - 0x00007ff9634b9000 	C:\WINDOWS\SYSTEM32\USERENV.dll
0x00007ff963800000 - 0x00007ff963827000 	C:\WINDOWS\SYSTEM32\bcrypt.dll
0x00007ff9635e0000 - 0x00007ff9635ec000 	C:\WINDOWS\SYSTEM32\CRYPTBASE.dll
0x00007ff962b30000 - 0x00007ff962b5d000 	C:\WINDOWS\SYSTEM32\IPHLPAPI.DLL
0x00007ff964e00000 - 0x00007ff964e09000 	C:\WINDOWS\System32\NSI.dll
0x00007ff95d290000 - 0x00007ff95d2a9000 	C:\WINDOWS\SYSTEM32\dhcpcsvc6.DLL
0x00007ff95e130000 - 0x00007ff95e14e000 	C:\WINDOWS\SYSTEM32\dhcpcsvc.DLL
0x00007ff962ba0000 - 0x00007ff962c87000 	C:\WINDOWS\SYSTEM32\DNSAPI.dll
0x00007ff95c940000 - 0x00007ff95c94c000 	C:\WINDOWS\SYSTEM32\WINNSI.DLL
0x00007ff950e20000 - 0x00007ff950e47000 	D:\Program Files\Android\Android Studio\jre\bin\sunec.dll
0x00007ff955d70000 - 0x00007ff955d7a000 	C:\Windows\System32\rasadhlp.dll
0x00007ff95b440000 - 0x00007ff95b4c1000 	C:\WINDOWS\System32\fwpuclnt.dll

dbghelp: loaded successfully - version: 4.0.5 - missing functions: none
symbol engine: initialized successfully - sym options: 0x614 - pdb path: .;D:\Program Files\Android\Android Studio\jre\bin;C:\WINDOWS\SYSTEM32;C:\WINDOWS\WinSxS\amd64_microsoft.windows.common-controls_6595b64144ccf1df_6.0.22000.120_none_9d947278b86cc467;D:\Program Files\Android\Android Studio\jre\bin\server;C:\Users\Bhanuka kamantha\.gradle\native\fdc75f09e3144964f2cf3f50f0aa648679c211496f362492102eb8c894070792\windows-amd64;C:\Users\Bhanuka kamantha\.gradle\native\12488b8bf47d2d4c9fbf2f6322a914ad602e24e48041cd04a747c6da556b65c4\windows-amd64

VM Arguments:
jvm_args: --add-opens=java.base/java.util=ALL-UNNAMED --add-opens=java.base/java.lang=ALL-UNNAMED --add-opens=java.base/java.lang.invoke=ALL-UNNAMED --add-opens=java.prefs/java.util.prefs=ALL-UNNAMED -Xmx1536m -Dfile.encoding=windows-1252 -Duser.country=US -Duser.language=en -Duser.variant 
java_command: org.gradle.launcher.daemon.bootstrap.GradleDaemon 6.7.1
java_class_path (initial): C:\Users\Bhanuka kamantha\.gradle\wrapper\dists\gradle-6.7.1-bin\bwlcbys1h7rz3272sye1xwiv6\gradle-6.7.1\lib\gradle-launcher-6.7.1.jar
Launcher Type: SUN_STANDARD

[Global flags]
     intx CICompilerCount                          = 3                                         {product} {ergonomic}
     uint ConcGCThreads                            = 1                                         {product} {ergonomic}
     uint G1ConcRefinementThreads                  = 4                                         {product} {ergonomic}
   size_t G1HeapRegionSize                         = 1048576                                   {product} {ergonomic}
    uintx GCDrainStackTargetSize                   = 64                                        {product} {ergonomic}
   size_t InitialHeapSize                          = 201326592                                 {product} {ergonomic}
   size_t MarkStackSize                            = 4194304                                   {product} {ergonomic}
   size_t MaxHeapSize                              = 1610612736                                {product} {command line}
   size_t MaxNewSize                               = 965738496                                 {product} {ergonomic}
   size_t MinHeapDeltaBytes                        = 1048576                                   {product} {ergonomic}
    uintx NonNMethodCodeHeapSize                   = 5830732                                {pd product} {ergonomic}
    uintx NonProfiledCodeHeapSize                  = 122913754                              {pd product} {ergonomic}
    uintx ProfiledCodeHeapSize                     = 122913754                              {pd product} {ergonomic}
    uintx ReservedCodeCacheSize                    = 251658240                              {pd product} {ergonomic}
     bool SegmentedCodeCache                       = true                                      {product} {ergonomic}
     bool UseCompressedClassPointers               = true                                 {lp64_product} {ergonomic}
     bool UseCompressedOops                        = true                                 {lp64_product} {ergonomic}
     bool UseG1GC                                  = true                                      {product} {ergonomic}
     bool UseLargePagesIndividualAllocation        = false                                  {pd product} {ergonomic}

Logging:
Log output configuration:
 #0: stdout all=warning uptime,level,tags
 #1: stderr all=off uptime,level,tags

Environment Variables:
JAVA_HOME=D:\Program Files\Java\jdk-16.0.1
PATH=C:\Program Files\Common Files\Oracle\Java\javapath;C:\python\Scripts\;C:\python\;C:\WINDOWS\system32;C:\WINDOWS;C:\WINDOWS\System32\Wbem;C:\WINDOWS\System32\WindowsPowerShell\v1.0\;C:\WINDOWS\System32\OpenSSH\;C:\Program Files\nodejs\;C:\ProgramData\chocolatey\bin;D:\Program Files\Polyspace\R2021a\runtime\win64;D:\Program Files\Polyspace\R2021a\bin;D:\Program Files\Polyspace\R2021a\polyspace\bin;D:\Program Files\Java\jdk-16.0.1\bin;C:\Program Files\Git\cmd;C:\Program Files\PowerShell\7\;C:\MinGW\bin;C:\python\Python38\Scripts\;C:\python\Python38\;C:\Users\Bhanuka kamantha\AppData\Local\Microsoft\WindowsApps;;C:\Users\Bhanuka kamantha\AppData\Local\Programs\Microsoft VS Code\bin;C:\Users\Bhanuka kamantha\AppData\Roaming\npm;C:\Program Files\heroku\bin
USERNAME=Bhanuka kamantha
OS=Windows_NT
PROCESSOR_IDENTIFIER=Intel64 Family 6 Model 142 Stepping 10, GenuineIntel



---------------  S Y S T E M  ---------------

OS: Windows 10 , 64 bit Build 22000 (10.0.22000.120)
OS uptime: 0 days 22:38 hours
HyperV virtualization detected

CPU:total 4 (initial active 4) (2 cores per cpu, 2 threads per core) family 6 model 142 stepping 10, cmov, cx8, fxsr, mmx, sse, sse2, sse3, ssse3, sse4.1, sse4.2, popcnt, avx, avx2, aes, clmul, erms, 3dnowpref, lzcnt, ht, tsc, tscinvbit, bmi1, bmi2, adx, fma

Memory: 4k page, system-wide physical 12197M (2309M free)
TotalPageFile size 15197M (AvailPageFile size 32M)
current process WorkingSet (physical memory assigned to process): 368M, peak: 371M
current process commit charge ("private bytes"): 431M, peak: 472M

vm_info: OpenJDK 64-Bit Server VM (11.0.8+10-b944.6842174) for windows-amd64 JRE (11.0.8+10-b944.6842174), built on Sep 19 2020 01:11:42 by "builder" with MS VC++ 14.0 (VS2015)

END.
