#
# There is insufficient memory for the Java Runtime Environment to continue.
# Native memory allocation (malloc) failed to allocate 1706576 bytes for Chunk::new
# Possible reasons:
#   The system is out of physical RAM or swap space
#   The process is running with CompressedOops enabled, and the Java Heap may be blocking the growth of the native heap
# Possible solutions:
#   Reduce memory load on the system
#   Increase physical memory or swap space
#   Check if swap backing store is full
#   Decrease Java heap size (-Xmx/-Xms)
#   Decrease number of Java threads
#   Decrease Java thread stack sizes (-Xss)
#   Set larger code cache with -XX:ReservedCodeCacheSize=
#   JVM is running with Unscaled Compressed Oops mode in which the Java heap is
#     placed in the first 4GB address space. The Java Heap base address is the
#     maximum limit for the native heap growth. Please use -XX:HeapBaseMinAddress
#     to set the Java Heap base and to place the Java Heap above 4GB virtual address.
# This output file may be truncated or incomplete.
#
#  Out of Memory Error (./src/hotspot/share/memory/arena.cpp:197), pid=12680, tid=22980
#
# JRE version: OpenJDK Runtime Environment (11.0.8+10) (build 11.0.8+10-b944.6842174)
# Java VM: OpenJDK 64-Bit Server VM (11.0.8+10-b944.6842174, mixed mode, tiered, compressed oops, g1 gc, windows-amd64)
# No core dump will be written. Minidumps are not enabled by default on client versions of Windows
#

---------------  S U M M A R Y ------------

Command Line: --add-opens=java.base/java.util=ALL-UNNAMED --add-opens=java.base/java.lang=ALL-UNNAMED --add-opens=java.base/java.lang.invoke=ALL-UNNAMED --add-opens=java.prefs/java.util.prefs=ALL-UNNAMED -Xmx1536m -Dfile.encoding=windows-1252 -Duser.country=US -Duser.language=en -Duser.variant org.gradle.launcher.daemon.bootstrap.GradleDaemon 6.7.1

Host: Intel(R) Core(TM) i3-8130U CPU @ 2.20GHz, 4 cores, 11G,  Windows 10 , 64 bit Build 22000 (10.0.22000.120)
Time: Wed Sep 15 13:08:46 2021 Sri Lanka Standard Time elapsed time: 8 seconds (0d 0h 0m 8s)

---------------  T H R E A D  ---------------

Current thread (0x000001b5bdb1e800):  JavaThread "C2 CompilerThread1" daemon [_thread_in_native, id=22980, stack(0x00000067a8500000,0x00000067a8600000)]


Current CompileTask:
C2:   8243 5061   !   4       java.net.URLClassLoader$1::run (63 bytes)

Stack: [0x00000067a8500000,0x00000067a8600000]
Native frames: (J=compiled Java code, j=interpreted, Vv=VM code, C=native code)
V  [jvm.dll+0x5de50a]
V  [jvm.dll+0x7122f5]
V  [jvm.dll+0x71384d]
V  [jvm.dll+0x713f03]
V  [jvm.dll+0x23e728]
V  [jvm.dll+0xb899c]
V  [jvm.dll+0xb8e9c]
V  [jvm.dll+0x35024d]
V  [jvm.dll+0x193ebc]
V  [jvm.dll+0x1f780e]
V  [jvm.dll+0x1f68d4]
V  [jvm.dll+0x17f32c]
V  [jvm.dll+0x205047]
V  [jvm.dll+0x203891]
V  [jvm.dll+0x6dad3f]
V  [jvm.dll+0x6d3895]
V  [jvm.dll+0x5dd4a6]
C  [ucrtbase.dll+0x26c0c]
C  [KERNEL32.DLL+0x154e0]
C  [ntdll.dll+0x485b]


---------------  P R O C E S S  ---------------

Threads class SMR info:
_java_thread_list=0x000001b5c1c9c950, length=134, elements={
0x000001b5a136e000, 0x000001b5bba5b800, 0x000001b5bba6b800, 0x000001b5bc2c2800,
0x000001b5bc2c3800, 0x000001b5bc2c5000, 0x000001b5bc2cc000, 0x000001b5bc2ce000,
0x000001b5bc426000, 0x000001b5bc42b000, 0x000001b5bd4b0000, 0x000001b5bc4f3800,
0x000001b5bdd32000, 0x000001b5bdbff800, 0x000001b5bdbfc000, 0x000001b5be345800,
0x000001b5be33f800, 0x000001b5bdb90000, 0x000001b5bdbfc800, 0x000001b5bd309000,
0x000001b5bdd25000, 0x000001b5bdd2b800, 0x000001b5bdd2a000, 0x000001b5bdb1e800,
0x000001b5bdd26000, 0x000001b5bdd2b000, 0x000001b5bdd27800, 0x000001b5bdd28800,
0x000001b5bdd29000, 0x000001b5bdd26800, 0x000001b5bee68000, 0x000001b5bee69000,
0x000001b5bee6a000, 0x000001b5bee64000, 0x000001b5bee67800, 0x000001b5bee66800,
0x000001b5bee6a800, 0x000001b5bee65000, 0x000001b5bee6b800, 0x000001b5bee65800,
0x000001b5bee6d000, 0x000001b5bee6e800, 0x000001b5bee6c800, 0x000001b5bee6e000,
0x000001b5bee71000, 0x000001b5bee6f800, 0x000001b5bee70800, 0x000001b5bee73000,
0x000001b5bee72000, 0x000001b5c0c07000, 0x000001b5c0c08000, 0x000001b5c0c06000,
0x000001b5c0c0b000, 0x000001b5c0c0c000, 0x000001b5c0c0d800, 0x000001b5c0c0c800,
0x000001b5c0c0e800, 0x000001b5c0c08800, 0x000001b5c0c0f000, 0x000001b5c0c09800,
0x000001b5c0c10800, 0x000001b5c0c15000, 0x000001b5c0c11800, 0x000001b5c0c10000,
0x000001b5c0c12800, 0x000001b5c0c14000, 0x000001b5c0c13000, 0x000001b5bc388000,
0x000001b5bc387800, 0x000001b5bc38a800, 0x000001b5bc389000, 0x000001b5bc38a000,
0x000001b5bc38b800, 0x000001b5bc38c800, 0x000001b5bc386800, 0x000001b5bc390800,
0x000001b5bc38e800, 0x000001b5bc38e000, 0x000001b5bc38f800, 0x000001b5bc391000,
0x000001b5bc392000, 0x000001b5bc393000, 0x000001b5bc38d000, 0x000001b5bc393800,
0x000001b5bc394800, 0x000001b5bc395000, 0x000001b5beac3800, 0x000001b5beac3000,
0x000001b5beac2000, 0x000001b5beac1000, 0x000001b5beac7000, 0x000001b5beac8800,
0x000001b5beac4800, 0x000001b5beac7800, 0x000001b5beac9800, 0x000001b5beac6000,
0x000001b5beaca000, 0x000001b5beacb000, 0x000001b5beac5800, 0x000001b5beacf000,
0x000001b5beacc000, 0x000001b5beacc800, 0x000001b5bead0000, 0x000001b5beacd800,
0x000001b5beace000, 0x000001b5bebda800, 0x000001b5bebd8000, 0x000001b5bebdc000,
0x000001b5bebdb000, 0x000001b5bebdd000, 0x000001b5bebd7000, 0x000001b5bebd9800,
0x000001b5bebdd800, 0x000001b5bebde800, 0x000001b5bebd8800, 0x000001b5bebe1800,
0x000001b5bebe4000, 0x000001b5bebe2800, 0x000001b5bebe3800, 0x000001b5bebe5000,
0x000001b5bebdf800, 0x000001b5bebe6000, 0x000001b5bebe1000, 0x000001b5bebe0000,
0x000001b5c0f0a800, 0x000001b5c0f0e000, 0x000001b5c0f0e800, 0x000001b5c0f0c000,
0x000001b5c0f0b800, 0x000001b5c0f0f800, 0x000001b5c0f10800, 0x000001b5c0f12000,
0x000001b5c0f11000, 0x000001b5c0f0d000
}

Java Threads: ( => current thread )
  0x000001b5a136e000 JavaThread "main" [_thread_blocked, id=23732, stack(0x00000067a6200000,0x00000067a6300000)]
  0x000001b5bba5b800 JavaThread "Reference Handler" daemon [_thread_blocked, id=25236, stack(0x00000067a6900000,0x00000067a6a00000)]
  0x000001b5bba6b800 JavaThread "Finalizer" daemon [_thread_blocked, id=14704, stack(0x00000067a6a00000,0x00000067a6b00000)]
  0x000001b5bc2c2800 JavaThread "Signal Dispatcher" daemon [_thread_blocked, id=14780, stack(0x00000067a6b00000,0x00000067a6c00000)]
  0x000001b5bc2c3800 JavaThread "Attach Listener" daemon [_thread_blocked, id=24340, stack(0x00000067a6c00000,0x00000067a6d00000)]
  0x000001b5bc2c5000 JavaThread "C2 CompilerThread0" daemon [_thread_in_native, id=8692, stack(0x00000067a6d00000,0x00000067a6e00000)]
  0x000001b5bc2cc000 JavaThread "C1 CompilerThread0" daemon [_thread_in_native, id=21928, stack(0x00000067a6e00000,0x00000067a6f00000)]
  0x000001b5bc2ce000 JavaThread "Sweeper thread" daemon [_thread_blocked, id=24432, stack(0x00000067a6f00000,0x00000067a7000000)]
  0x000001b5bc426000 JavaThread "Common-Cleaner" daemon [_thread_blocked, id=13880, stack(0x00000067a7000000,0x00000067a7100000)]
  0x000001b5bc42b000 JavaThread "Service Thread" daemon [_thread_blocked, id=5376, stack(0x00000067a7100000,0x00000067a7200000)]
  0x000001b5bd4b0000 JavaThread "Daemon health stats" [_thread_blocked, id=1976, stack(0x00000067a7700000,0x00000067a7800000)]
  0x000001b5bc4f3800 JavaThread "Incoming local TCP Connector on port 7103" [_thread_in_native, id=8524, stack(0x00000067a7900000,0x00000067a7a00000)]
  0x000001b5bdd32000 JavaThread "Daemon periodic checks" [_thread_blocked, id=8472, stack(0x00000067a7a00000,0x00000067a7b00000)]
  0x000001b5bdbff800 JavaThread "Daemon" [_thread_blocked, id=24192, stack(0x00000067a7b00000,0x00000067a7c00000)]
  0x000001b5bdbfc000 JavaThread "Handler for socket connection from /127.0.0.1:7103 to /127.0.0.1:7104" [_thread_in_native, id=7464, stack(0x00000067a7c00000,0x00000067a7d00000)]
  0x000001b5be345800 JavaThread "Cancel handler" [_thread_blocked, id=22784, stack(0x00000067a7d00000,0x00000067a7e00000)]
  0x000001b5be33f800 JavaThread "Daemon worker" [_thread_in_vm, id=19656, stack(0x00000067a7e00000,0x00000067a7f00000)]
  0x000001b5bdb90000 JavaThread "Asynchronous log dispatcher for DefaultDaemonConnection: socket connection from /127.0.0.1:7103 to /127.0.0.1:7104" [_thread_blocked, id=21544, stack(0x00000067a7f00000,0x00000067a8000000)]
  0x000001b5bdbfc800 JavaThread "Stdin handler" [_thread_blocked, id=19756, stack(0x00000067a8000000,0x00000067a8100000)]
  0x000001b5bd309000 JavaThread "Thread-8" [_thread_blocked, id=24672, stack(0x00000067a8100000,0x00000067a8200000)]
  0x000001b5bdd25000 JavaThread "Cache worker for file hash cache (C:\Users\Bhanuka kamantha\.gradle\caches\6.7.1\fileHashes)" [_thread_blocked, id=11024, stack(0x00000067a8200000,0x00000067a8300000)]
  0x000001b5bdd2b800 JavaThread "File lock request listener" [_thread_in_native, id=23368, stack(0x00000067a8300000,0x00000067a8400000)]
  0x000001b5bdd2a000 JavaThread "Cache worker for journal cache (C:\Users\Bhanuka kamantha\.gradle\caches\journal-1)" [_thread_blocked, id=14540, stack(0x00000067a8400000,0x00000067a8500000)]
=>0x000001b5bdb1e800 JavaThread "C2 CompilerThread1" daemon [_thread_in_native, id=22980, stack(0x00000067a8500000,0x00000067a8600000)]
  0x000001b5bdd26000 JavaThread "Cache worker for file hash cache (C:\Users\Bhanuka kamantha\Desktop\HotelApp\.gradle\6.7.1\fileHashes)" [_thread_blocked, id=24948, stack(0x00000067a8600000,0x00000067a8700000)]
  0x000001b5bdd2b000 JavaThread "jar transforms" [_thread_blocked, id=20348, stack(0x00000067a8700000,0x00000067a8800000)]
  0x000001b5bdd27800 JavaThread "jar transforms Thread 2" [_thread_blocked, id=25464, stack(0x00000067a8800000,0x00000067a8900000)]
  0x000001b5bdd28800 JavaThread "jar transforms Thread 3" [_thread_blocked, id=20056, stack(0x00000067a8900000,0x00000067a8a00000)]
  0x000001b5bdd29000 JavaThread "jar transforms Thread 4" [_thread_blocked, id=21880, stack(0x00000067a8a00000,0x00000067a8b00000)]
  0x000001b5bdd26800 JavaThread "jar transforms Thread 5" [_thread_blocked, id=21660, stack(0x00000067a8b00000,0x00000067a8c00000)]
  0x000001b5bee68000 JavaThread "jar transforms Thread 6" [_thread_blocked, id=7888, stack(0x00000067a8c00000,0x00000067a8d00000)]
  0x000001b5bee69000 JavaThread "jar transforms Thread 7" [_thread_blocked, id=11796, stack(0x00000067a8d00000,0x00000067a8e00000)]
  0x000001b5bee6a000 JavaThread "jar transforms Thread 8" [_thread_blocked, id=22352, stack(0x00000067a8e00000,0x00000067a8f00000)]
  0x000001b5bee64000 JavaThread "jar transforms Thread 9" [_thread_blocked, id=11556, stack(0x00000067a8f00000,0x00000067a9000000)]
  0x000001b5bee67800 JavaThread "jar transforms Thread 10" [_thread_blocked, id=7136, stack(0x00000067a9000000,0x00000067a9100000)]
  0x000001b5bee66800 JavaThread "jar transforms Thread 11" [_thread_blocked, id=2144, stack(0x00000067a9100000,0x00000067a9200000)]
  0x000001b5bee6a800 JavaThread "jar transforms Thread 12" [_thread_blocked, id=24220, stack(0x00000067a9200000,0x00000067a9300000)]
  0x000001b5bee65000 JavaThread "jar transforms Thread 13" [_thread_blocked, id=7548, stack(0x00000067a9300000,0x00000067a9400000)]
  0x000001b5bee6b800 JavaThread "jar transforms Thread 14" [_thread_blocked, id=18208, stack(0x00000067a9400000,0x00000067a9500000)]
  0x000001b5bee65800 JavaThread "jar transforms Thread 15" [_thread_blocked, id=24480, stack(0x00000067a9500000,0x00000067a9600000)]
  0x000001b5bee6d000 JavaThread "jar transforms Thread 16" [_thread_blocked, id=21088, stack(0x00000067a9600000,0x00000067a9700000)]
  0x000001b5bee6e800 JavaThread "jar transforms Thread 17" [_thread_blocked, id=17640, stack(0x00000067a9700000,0x00000067a9800000)]
  0x000001b5bee6c800 JavaThread "jar transforms Thread 18" [_thread_blocked, id=24856, stack(0x00000067a9800000,0x00000067a9900000)]
  0x000001b5bee6e000 JavaThread "jar transforms Thread 19" [_thread_blocked, id=21344, stack(0x00000067a9900000,0x00000067a9a00000)]
  0x000001b5bee71000 JavaThread "jar transforms Thread 20" [_thread_blocked, id=6324, stack(0x00000067a9a00000,0x00000067a9b00000)]
  0x000001b5bee6f800 JavaThread "jar transforms Thread 21" [_thread_blocked, id=424, stack(0x00000067a9b00000,0x00000067a9c00000)]
  0x000001b5bee70800 JavaThread "Cache worker for checksums cache (C:\Users\Bhanuka kamantha\Desktop\HotelApp\.gradle\checksums)" [_thread_blocked, id=17092, stack(0x00000067a9c00000,0x00000067a9d00000)]
  0x000001b5bee73000 JavaThread "Cache worker for cache directory md-supplier (C:\Users\Bhanuka kamantha\.gradle\caches\6.7.1\md-supplier)" [_thread_blocked, id=15652, stack(0x00000067a9d00000,0x00000067a9e00000)]
  0x000001b5bee72000 JavaThread "Cache worker for cache directory md-rule (C:\Users\Bhanuka kamantha\.gradle\caches\6.7.1\md-rule)" [_thread_blocked, id=23772, stack(0x00000067a9e00000,0x00000067a9f00000)]
  0x000001b5c0c07000 JavaThread "Cache worker for execution history cache (C:\Users\Bhanuka kamantha\.gradle\caches\6.7.1\executionHistory)" [_thread_blocked, id=4796, stack(0x00000067a9f00000,0x00000067aa000000)]
  0x000001b5c0c08000 JavaThread "Cache worker for file content cache (C:\Users\Bhanuka kamantha\.gradle\caches\6.7.1\fileContent)" [_thread_blocked, id=2240, stack(0x00000067aa000000,0x00000067aa100000)]
  0x000001b5c0c06000 JavaThread "Cache worker for Build Output Cleanup Cache (C:\Users\Bhanuka kamantha\Desktop\HotelApp\.gradle\buildOutputCleanup)" [_thread_blocked, id=16732, stack(0x00000067aa100000,0x00000067aa200000)]
  0x000001b5c0c0b000 JavaThread "Build operations" [_thread_blocked, id=24228, stack(0x00000067aa200000,0x00000067aa300000)]
  0x000001b5c0c0c000 JavaThread "Build operations Thread 2" [_thread_blocked, id=19260, stack(0x00000067aa300000,0x00000067aa400000)]
  0x000001b5c0c0d800 JavaThread "Build operations Thread 3" [_thread_blocked, id=10280, stack(0x00000067aa400000,0x00000067aa500000)]
  0x000001b5c0c0c800 JavaThread "Build operations Thread 4" [_thread_blocked, id=19920, stack(0x00000067aa500000,0x00000067aa600000)]
  0x000001b5c0c0e800 JavaThread "jar transforms Thread 22" [_thread_blocked, id=11040, stack(0x00000067aa600000,0x00000067aa700000)]
  0x000001b5c0c08800 JavaThread "jar transforms Thread 23" [_thread_blocked, id=14832, stack(0x00000067aa700000,0x00000067aa800000)]
  0x000001b5c0c0f000 JavaThread "jar transforms Thread 24" [_thread_blocked, id=17520, stack(0x00000067aa800000,0x00000067aa900000)]
  0x000001b5c0c09800 JavaThread "jar transforms Thread 25" [_thread_blocked, id=9384, stack(0x00000067aa900000,0x00000067aaa00000)]
  0x000001b5c0c10800 JavaThread "jar transforms Thread 26" [_thread_blocked, id=16292, stack(0x00000067aaa00000,0x00000067aab00000)]
  0x000001b5c0c15000 JavaThread "jar transforms Thread 27" [_thread_blocked, id=10888, stack(0x00000067aab00000,0x00000067aac00000)]
  0x000001b5c0c11800 JavaThread "jar transforms Thread 28" [_thread_blocked, id=22876, stack(0x00000067aac00000,0x00000067aad00000)]
  0x000001b5c0c10000 JavaThread "jar transforms Thread 29" [_thread_blocked, id=20584, stack(0x00000067aad00000,0x00000067aae00000)]
  0x000001b5c0c12800 JavaThread "jar transforms Thread 30" [_thread_blocked, id=9392, stack(0x00000067aae00000,0x00000067aaf00000)]
  0x000001b5c0c14000 JavaThread "jar transforms Thread 31" [_thread_blocked, id=21552, stack(0x00000067aaf00000,0x00000067ab000000)]
  0x000001b5c0c13000 JavaThread "jar transforms Thread 32" [_thread_blocked, id=12424, stack(0x00000067ab000000,0x00000067ab100000)]
  0x000001b5bc388000 JavaThread "jar transforms Thread 33" [_thread_blocked, id=16356, stack(0x00000067ab100000,0x00000067ab200000)]
  0x000001b5bc387800 JavaThread "jar transforms Thread 34" [_thread_blocked, id=7384, stack(0x00000067ab200000,0x00000067ab300000)]
  0x000001b5bc38a800 JavaThread "jar transforms Thread 35" [_thread_blocked, id=22992, stack(0x00000067ab300000,0x00000067ab400000)]
  0x000001b5bc389000 JavaThread "jar transforms Thread 36" [_thread_blocked, id=2752, stack(0x00000067ab400000,0x00000067ab500000)]
  0x000001b5bc38a000 JavaThread "jar transforms Thread 37" [_thread_blocked, id=23312, stack(0x00000067ab500000,0x00000067ab600000)]
  0x000001b5bc38b800 JavaThread "jar transforms Thread 38" [_thread_blocked, id=15944, stack(0x00000067ab600000,0x00000067ab700000)]
  0x000001b5bc38c800 JavaThread "jar transforms Thread 39" [_thread_blocked, id=23000, stack(0x00000067ab700000,0x00000067ab800000)]
  0x000001b5bc386800 JavaThread "jar transforms Thread 40" [_thread_blocked, id=8148, stack(0x00000067ab800000,0x00000067ab900000)]
  0x000001b5bc390800 JavaThread "jar transforms Thread 41" [_thread_blocked, id=21768, stack(0x00000067ab900000,0x00000067aba00000)]
  0x000001b5bc38e800 JavaThread "jar transforms Thread 42" [_thread_blocked, id=8396, stack(0x00000067aba00000,0x00000067abb00000)]
  0x000001b5bc38e000 JavaThread "jar transforms Thread 43" [_thread_blocked, id=20000, stack(0x00000067abb00000,0x00000067abc00000)]
  0x000001b5bc38f800 JavaThread "jar transforms Thread 44" [_thread_blocked, id=22260, stack(0x00000067abc00000,0x00000067abd00000)]
  0x000001b5bc391000 JavaThread "jar transforms Thread 45" [_thread_blocked, id=15636, stack(0x00000067abd00000,0x00000067abe00000)]
  0x000001b5bc392000 JavaThread "jar transforms Thread 46" [_thread_blocked, id=19768, stack(0x00000067abe00000,0x00000067abf00000)]
  0x000001b5bc393000 JavaThread "jar transforms Thread 47" [_thread_blocked, id=17652, stack(0x00000067abf00000,0x00000067ac000000)]
  0x000001b5bc38d000 JavaThread "jar transforms Thread 48" [_thread_blocked, id=3788, stack(0x00000067ac000000,0x00000067ac100000)]
  0x000001b5bc393800 JavaThread "jar transforms Thread 49" [_thread_blocked, id=1556, stack(0x00000067ac100000,0x00000067ac200000)]
  0x000001b5bc394800 JavaThread "jar transforms Thread 50" [_thread_blocked, id=18876, stack(0x00000067ac200000,0x00000067ac300000)]
  0x000001b5bc395000 JavaThread "jar transforms Thread 51" [_thread_blocked, id=18160, stack(0x00000067ac300000,0x00000067ac400000)]
  0x000001b5beac3800 JavaThread "jar transforms Thread 52" [_thread_blocked, id=22380, stack(0x00000067ac400000,0x00000067ac500000)]
  0x000001b5beac3000 JavaThread "jar transforms Thread 53" [_thread_blocked, id=17528, stack(0x00000067ac500000,0x00000067ac600000)]
  0x000001b5beac2000 JavaThread "jar transforms Thread 54" [_thread_blocked, id=17832, stack(0x00000067ac600000,0x00000067ac700000)]
  0x000001b5beac1000 JavaThread "jar transforms Thread 55" [_thread_blocked, id=25308, stack(0x00000067ac700000,0x00000067ac800000)]
  0x000001b5beac7000 JavaThread "jar transforms Thread 56" [_thread_blocked, id=23348, stack(0x00000067ac800000,0x00000067ac900000)]
  0x000001b5beac8800 JavaThread "jar transforms Thread 57" [_thread_blocked, id=15028, stack(0x00000067ac900000,0x00000067aca00000)]
  0x000001b5beac4800 JavaThread "jar transforms Thread 58" [_thread_blocked, id=10440, stack(0x00000067aca00000,0x00000067acb00000)]
  0x000001b5beac7800 JavaThread "jar transforms Thread 59" [_thread_blocked, id=23436, stack(0x00000067acb00000,0x00000067acc00000)]
  0x000001b5beac9800 JavaThread "jar transforms Thread 60" [_thread_blocked, id=14240, stack(0x00000067acc00000,0x00000067acd00000)]
  0x000001b5beac6000 JavaThread "jar transforms Thread 61" [_thread_blocked, id=10648, stack(0x00000067acd00000,0x00000067ace00000)]
  0x000001b5beaca000 JavaThread "jar transforms Thread 62" [_thread_blocked, id=6884, stack(0x00000067ace00000,0x00000067acf00000)]
  0x000001b5beacb000 JavaThread "jar transforms Thread 63" [_thread_blocked, id=19760, stack(0x00000067acf00000,0x00000067ad000000)]
  0x000001b5beac5800 JavaThread "jar transforms Thread 64" [_thread_blocked, id=13428, stack(0x00000067ad000000,0x00000067ad100000)]
  0x000001b5beacf000 JavaThread "jar transforms Thread 65" [_thread_blocked, id=2276, stack(0x00000067ad100000,0x00000067ad200000)]
  0x000001b5beacc000 JavaThread "jar transforms Thread 66" [_thread_blocked, id=13888, stack(0x00000067ad200000,0x00000067ad300000)]
  0x000001b5beacc800 JavaThread "jar transforms Thread 67" [_thread_blocked, id=3076, stack(0x00000067ad300000,0x00000067ad400000)]
  0x000001b5bead0000 JavaThread "jar transforms Thread 68" [_thread_blocked, id=21592, stack(0x00000067ad400000,0x00000067ad500000)]
  0x000001b5beacd800 JavaThread "jar transforms Thread 69" [_thread_blocked, id=16780, stack(0x00000067ad500000,0x00000067ad600000)]
  0x000001b5beace000 JavaThread "jar transforms Thread 70" [_thread_blocked, id=4744, stack(0x00000067ad600000,0x00000067ad700000)]
  0x000001b5bebda800 JavaThread "jar transforms Thread 71" [_thread_blocked, id=2720, stack(0x00000067ad700000,0x00000067ad800000)]
  0x000001b5bebd8000 JavaThread "jar transforms Thread 72" [_thread_blocked, id=11132, stack(0x00000067ad800000,0x00000067ad900000)]
  0x000001b5bebdc000 JavaThread "jar transforms Thread 73" [_thread_blocked, id=11420, stack(0x00000067ad900000,0x00000067ada00000)]
  0x000001b5bebdb000 JavaThread "jar transforms Thread 74" [_thread_blocked, id=15616, stack(0x00000067ada00000,0x00000067adb00000)]
  0x000001b5bebdd000 JavaThread "jar transforms Thread 75" [_thread_blocked, id=11468, stack(0x00000067adb00000,0x00000067adc00000)]
  0x000001b5bebd7000 JavaThread "jar transforms Thread 76" [_thread_blocked, id=3232, stack(0x00000067adc00000,0x00000067add00000)]
  0x000001b5bebd9800 JavaThread "jar transforms Thread 77" [_thread_blocked, id=24620, stack(0x00000067add00000,0x00000067ade00000)]
  0x000001b5bebdd800 JavaThread "jar transforms Thread 78" [_thread_blocked, id=5536, stack(0x00000067ade00000,0x00000067adf00000)]
  0x000001b5bebde800 JavaThread "jar transforms Thread 79" [_thread_blocked, id=21900, stack(0x00000067adf00000,0x00000067ae000000)]
  0x000001b5bebd8800 JavaThread "jar transforms Thread 80" [_thread_blocked, id=20156, stack(0x00000067ae000000,0x00000067ae100000)]
  0x000001b5bebe1800 JavaThread "jar transforms Thread 81" [_thread_blocked, id=21704, stack(0x00000067ae100000,0x00000067ae200000)]
  0x000001b5bebe4000 JavaThread "jar transforms Thread 82" [_thread_blocked, id=16764, stack(0x00000067ae200000,0x00000067ae300000)]
  0x000001b5bebe2800 JavaThread "jar transforms Thread 83" [_thread_blocked, id=24484, stack(0x00000067ae300000,0x00000067ae400000)]
  0x000001b5bebe3800 JavaThread "jar transforms Thread 84" [_thread_blocked, id=23576, stack(0x00000067ae400000,0x00000067ae500000)]
  0x000001b5bebe5000 JavaThread "jar transforms Thread 85" [_thread_blocked, id=1992, stack(0x00000067ae500000,0x00000067ae600000)]
  0x000001b5bebdf800 JavaThread "jar transforms Thread 86" [_thread_blocked, id=23604, stack(0x00000067ae600000,0x00000067ae700000)]
  0x000001b5bebe6000 JavaThread "jar transforms Thread 87" [_thread_blocked, id=22416, stack(0x00000067ae700000,0x00000067ae800000)]
  0x000001b5bebe1000 JavaThread "jar transforms Thread 88" [_thread_blocked, id=17956, stack(0x00000067ae800000,0x00000067ae900000)]
  0x000001b5bebe0000 JavaThread "jar transforms Thread 89" [_thread_blocked, id=8704, stack(0x00000067ae900000,0x00000067aea00000)]
  0x000001b5c0f0a800 JavaThread "jar transforms Thread 90" [_thread_blocked, id=24944, stack(0x00000067aea00000,0x00000067aeb00000)]
  0x000001b5c0f0e000 JavaThread "jar transforms Thread 91" [_thread_blocked, id=22856, stack(0x00000067aeb00000,0x00000067aec00000)]
  0x000001b5c0f0e800 JavaThread "jar transforms Thread 92" [_thread_blocked, id=8648, stack(0x00000067aec00000,0x00000067aed00000)]
  0x000001b5c0f0c000 JavaThread "jar transforms Thread 93" [_thread_blocked, id=23468, stack(0x00000067aed00000,0x00000067aee00000)]
  0x000001b5c0f0b800 JavaThread "jar transforms Thread 94" [_thread_blocked, id=19992, stack(0x00000067aee00000,0x00000067aef00000)]
  0x000001b5c0f0f800 JavaThread "jar transforms Thread 95" [_thread_blocked, id=25168, stack(0x00000067aef00000,0x00000067af000000)]
  0x000001b5c0f10800 JavaThread "jar transforms Thread 96" [_thread_blocked, id=16964, stack(0x00000067af000000,0x00000067af100000)]
  0x000001b5c0f12000 JavaThread "jar transforms Thread 97" [_thread_blocked, id=10956, stack(0x00000067af100000,0x00000067af200000)]
  0x000001b5c0f11000 JavaThread "jar transforms Thread 98" [_thread_blocked, id=24928, stack(0x00000067af200000,0x00000067af300000)]
  0x000001b5c0f0d000 JavaThread "jar transforms Thread 99" [_thread_blocked, id=15704, stack(0x00000067af300000,0x00000067af400000)]

Other Threads:
  0x000001b5bba38000 VMThread "VM Thread" [stack: 0x00000067a6800000,0x00000067a6900000] [id=13124]
  0x000001b5bc43e000 WatcherThread [stack: 0x00000067a7200000,0x00000067a7300000] [id=25396]
  0x000001b5a1386000 GCTaskThread "GC Thread#0" [stack: 0x00000067a6300000,0x00000067a6400000] [id=17880]
  0x000001b5bc7ef000 GCTaskThread "GC Thread#1" [stack: 0x00000067a7400000,0x00000067a7500000] [id=21632]
  0x000001b5bc930000 GCTaskThread "GC Thread#2" [stack: 0x00000067a7500000,0x00000067a7600000] [id=588]
  0x000001b5bce54800 GCTaskThread "GC Thread#3" [stack: 0x00000067a7600000,0x00000067a7700000] [id=17788]
  0x000001b5a13ab800 ConcurrentGCThread "G1 Main Marker" [stack: 0x00000067a6400000,0x00000067a6500000] [id=9064]
  0x000001b5a13ad000 ConcurrentGCThread "G1 Conc#0" [stack: 0x00000067a6500000,0x00000067a6600000] [id=24820]
  0x000001b5bb8a2800 ConcurrentGCThread "G1 Refine#0" [stack: 0x00000067a6600000,0x00000067a6700000] [id=8340]
  0x000001b5bb8a3000 ConcurrentGCThread "G1 Young RemSet Sampling" [stack: 0x00000067a6700000,0x00000067a6800000] [id=24064]

Threads with active compile tasks:
C2 CompilerThread0   8279 5227       4       org.objectweb.asm.Frame::execute (2318 bytes)
C2 CompilerThread1   8279 5061   !   4       java.net.URLClassLoader$1::run (63 bytes)

VM state:not at safepoint (normal execution)

VM Mutex/Monitor currently owned by a thread: None

Heap address: 0x00000000a0000000, size: 1536 MB, Compressed Oops mode: 32-bit
Narrow klass base: 0x0000000000000000, Narrow klass shift: 3
Compressed class space size: 1073741824 Address: 0x0000000100000000

Heap:
 garbage-first heap   total 236544K, used 70296K [0x00000000a0000000, 0x0000000100000000)
  region size 1024K, 18 young (18432K), 11 survivors (11264K)
 Metaspace       used 56447K, capacity 58025K, committed 58184K, reserved 1099776K
  class space    used 7194K, capacity 7749K, committed 7832K, reserved 1048576K
Heap Regions: E=young(eden), S=young(survivor), O=old, HS=humongous(starts), HC=humongous(continues), CS=collection set, F=free, A=archive, TAMS=top-at-mark-start (previous, next)
|   0|0x00000000a0000000, 0x00000000a0100000, 0x00000000a0100000|100%| O|  |TAMS 0x00000000a0100000, 0x00000000a0000000| Untracked 
|   1|0x00000000a0100000, 0x00000000a0200000, 0x00000000a0200000|100%| O|  |TAMS 0x00000000a0200000, 0x00000000a0100000| Untracked 
|   2|0x00000000a0200000, 0x00000000a0300000, 0x00000000a0300000|100%| O|  |TAMS 0x00000000a0300000, 0x00000000a0200000| Untracked 
|   3|0x00000000a0300000, 0x00000000a0400000, 0x00000000a0400000|100%|HS|  |TAMS 0x00000000a0400000, 0x00000000a0300000| Complete 
|   4|0x00000000a0400000, 0x00000000a0500000, 0x00000000a0500000|100%|HC|  |TAMS 0x00000000a0500000, 0x00000000a0400000| Complete 
|   5|0x00000000a0500000, 0x00000000a0600000, 0x00000000a0600000|100%|HC|  |TAMS 0x00000000a0600000, 0x00000000a0500000| Complete 
|   6|0x00000000a0600000, 0x00000000a0700000, 0x00000000a0700000|100%| O|  |TAMS 0x00000000a0700000, 0x00000000a0600000| Untracked 
|   7|0x00000000a0700000, 0x00000000a0800000, 0x00000000a0800000|100%| O|  |TAMS 0x00000000a0800000, 0x00000000a0700000| Untracked 
|   8|0x00000000a0800000, 0x00000000a0900000, 0x00000000a0900000|100%| O|  |TAMS 0x00000000a0900000, 0x00000000a0800000| Untracked 
|   9|0x00000000a0900000, 0x00000000a0a00000, 0x00000000a0a00000|100%| O|  |TAMS 0x00000000a0a00000, 0x00000000a0900000| Untracked 
|  10|0x00000000a0a00000, 0x00000000a0b00000, 0x00000000a0b00000|100%| O|  |TAMS 0x00000000a0b00000, 0x00000000a0a00000| Untracked 
|  11|0x00000000a0b00000, 0x00000000a0c00000, 0x00000000a0c00000|100%| O|  |TAMS 0x00000000a0c00000, 0x00000000a0b00000| Untracked 
|  12|0x00000000a0c00000, 0x00000000a0d00000, 0x00000000a0d00000|100%| O|  |TAMS 0x00000000a0d00000, 0x00000000a0c00000| Untracked 
|  13|0x00000000a0d00000, 0x00000000a0e00000, 0x00000000a0e00000|100%|HS|  |TAMS 0x00000000a0e00000, 0x00000000a0d00000| Complete 
|  14|0x00000000a0e00000, 0x00000000a0f00000, 0x00000000a0f00000|100%|HC|  |TAMS 0x00000000a0f00000, 0x00000000a0e00000| Complete 
|  15|0x00000000a0f00000, 0x00000000a1000000, 0x00000000a1000000|100%|HS|  |TAMS 0x00000000a1000000, 0x00000000a0f00000| Complete 
|  16|0x00000000a1000000, 0x00000000a1100000, 0x00000000a1100000|100%|HC|  |TAMS 0x00000000a1100000, 0x00000000a1000000| Complete 
|  17|0x00000000a1100000, 0x00000000a1200000, 0x00000000a1200000|100%|HC|  |TAMS 0x00000000a1200000, 0x00000000a1100000| Complete 
|  18|0x00000000a1200000, 0x00000000a1300000, 0x00000000a1300000|100%|HS|  |TAMS 0x00000000a1300000, 0x00000000a1200000| Complete 
|  19|0x00000000a1300000, 0x00000000a1400000, 0x00000000a1400000|100%|HC|  |TAMS 0x00000000a1400000, 0x00000000a1300000| Complete 
|  20|0x00000000a1400000, 0x00000000a1500000, 0x00000000a1500000|100%|HC|  |TAMS 0x00000000a1500000, 0x00000000a1400000| Complete 
|  21|0x00000000a1500000, 0x00000000a1600000, 0x00000000a1600000|100%|HC|  |TAMS 0x00000000a1600000, 0x00000000a1500000| Complete 
|  22|0x00000000a1600000, 0x00000000a1700000, 0x00000000a1700000|100%| O|  |TAMS 0x00000000a1700000, 0x00000000a1600000| Untracked 
|  23|0x00000000a1700000, 0x00000000a1800000, 0x00000000a1800000|100%| O|  |TAMS 0x00000000a1800000, 0x00000000a1700000| Untracked 
|  24|0x00000000a1800000, 0x00000000a1900000, 0x00000000a1900000|100%| O|  |TAMS 0x00000000a18a5400, 0x00000000a1800000| Untracked 
|  25|0x00000000a1900000, 0x00000000a1a00000, 0x00000000a1a00000|100%| O|  |TAMS 0x00000000a1900000, 0x00000000a1900000| Untracked 
|  26|0x00000000a1a00000, 0x00000000a1b00000, 0x00000000a1b00000|100%| O|  |TAMS 0x00000000a1a00000, 0x00000000a1a00000| Untracked 
|  27|0x00000000a1b00000, 0x00000000a1c00000, 0x00000000a1c00000|100%| O|  |TAMS 0x00000000a1b00000, 0x00000000a1b00000| Untracked 
|  28|0x00000000a1c00000, 0x00000000a1d00000, 0x00000000a1d00000|100%|HS|  |TAMS 0x00000000a1c00000, 0x00000000a1c00000| Complete 
|  29|0x00000000a1d00000, 0x00000000a1e00000, 0x00000000a1e00000|100%|HC|  |TAMS 0x00000000a1d00000, 0x00000000a1d00000| Complete 
|  30|0x00000000a1e00000, 0x00000000a1f00000, 0x00000000a1f00000|100%|HC|  |TAMS 0x00000000a1e00000, 0x00000000a1e00000| Complete 
|  31|0x00000000a1f00000, 0x00000000a2000000, 0x00000000a2000000|100%|HC|  |TAMS 0x00000000a1f00000, 0x00000000a1f00000| Complete 
|  32|0x00000000a2000000, 0x00000000a2100000, 0x00000000a2100000|100%|HS|  |TAMS 0x00000000a2000000, 0x00000000a2000000| Complete 
|  33|0x00000000a2100000, 0x00000000a2200000, 0x00000000a2200000|100%|HC|  |TAMS 0x00000000a2100000, 0x00000000a2100000| Complete 
|  34|0x00000000a2200000, 0x00000000a2300000, 0x00000000a2300000|100%|HC|  |TAMS 0x00000000a2200000, 0x00000000a2200000| Complete 
|  35|0x00000000a2300000, 0x00000000a2400000, 0x00000000a2400000|100%| O|  |TAMS 0x00000000a2300000, 0x00000000a2300000| Untracked 
|  36|0x00000000a2400000, 0x00000000a2500000, 0x00000000a2500000|100%| O|  |TAMS 0x00000000a2400000, 0x00000000a2400000| Untracked 
|  37|0x00000000a2500000, 0x00000000a2600000, 0x00000000a2600000|100%| O|  |TAMS 0x00000000a2500000, 0x00000000a2500000| Untracked 
|  38|0x00000000a2600000, 0x00000000a2700000, 0x00000000a2700000|100%| O|  |TAMS 0x00000000a2600000, 0x00000000a2600000| Untracked 
|  39|0x00000000a2700000, 0x00000000a2800000, 0x00000000a2800000|100%| O|  |TAMS 0x00000000a2700000, 0x00000000a2700000| Untracked 
|  40|0x00000000a2800000, 0x00000000a2900000, 0x00000000a2900000|100%| O|  |TAMS 0x00000000a2800000, 0x00000000a2800000| Untracked 
|  41|0x00000000a2900000, 0x00000000a2a00000, 0x00000000a2a00000|100%| O|  |TAMS 0x00000000a2900000, 0x00000000a2900000| Untracked 
|  42|0x00000000a2a00000, 0x00000000a2b00000, 0x00000000a2b00000|100%| O|  |TAMS 0x00000000a2a00000, 0x00000000a2a00000| Untracked 
|  43|0x00000000a2b00000, 0x00000000a2c00000, 0x00000000a2c00000|100%| O|  |TAMS 0x00000000a2b00000, 0x00000000a2b00000| Untracked 
|  44|0x00000000a2c00000, 0x00000000a2d00000, 0x00000000a2d00000|100%| O|  |TAMS 0x00000000a2c00000, 0x00000000a2c00000| Untracked 
|  45|0x00000000a2d00000, 0x00000000a2e00000, 0x00000000a2e00000|100%| O|  |TAMS 0x00000000a2d00000, 0x00000000a2d00000| Untracked 
|  46|0x00000000a2e00000, 0x00000000a2f00000, 0x00000000a2f00000|100%| O|  |TAMS 0x00000000a2e00000, 0x00000000a2e00000| Untracked 
|  47|0x00000000a2f00000, 0x00000000a3000000, 0x00000000a3000000|100%|HS|  |TAMS 0x00000000a2f00000, 0x00000000a2f00000| Complete 
|  48|0x00000000a3000000, 0x00000000a3100000, 0x00000000a3100000|100%|HS|  |TAMS 0x00000000a3000000, 0x00000000a3000000| Complete 
|  49|0x00000000a3100000, 0x00000000a3200000, 0x00000000a3200000|100%|HC|  |TAMS 0x00000000a3100000, 0x00000000a3100000| Complete 
|  50|0x00000000a3200000, 0x00000000a3300000, 0x00000000a3300000|100%| O|  |TAMS 0x00000000a3200000, 0x00000000a3200000| Untracked 
|  51|0x00000000a3300000, 0x00000000a33a6000, 0x00000000a3400000| 64%| O|  |TAMS 0x00000000a3300000, 0x00000000a3300000| Untracked 
|  52|0x00000000a3400000, 0x00000000a3400000, 0x00000000a3500000|  0%| F|  |TAMS 0x00000000a3400000, 0x00000000a3400000| Untracked 
|  53|0x00000000a3500000, 0x00000000a3500000, 0x00000000a3600000|  0%| F|  |TAMS 0x00000000a3500000, 0x00000000a3500000| Untracked 
|  54|0x00000000a3600000, 0x00000000a3600000, 0x00000000a3700000|  0%| F|  |TAMS 0x00000000a3600000, 0x00000000a3600000| Untracked 
|  55|0x00000000a3700000, 0x00000000a3700000, 0x00000000a3800000|  0%| F|  |TAMS 0x00000000a3700000, 0x00000000a3700000| Untracked 
|  56|0x00000000a3800000, 0x00000000a3800000, 0x00000000a3900000|  0%| F|  |TAMS 0x00000000a3800000, 0x00000000a3800000| Untracked 
|  57|0x00000000a3900000, 0x00000000a3900000, 0x00000000a3a00000|  0%| F|  |TAMS 0x00000000a3900000, 0x00000000a3900000| Untracked 
|  58|0x00000000a3a00000, 0x00000000a3a00000, 0x00000000a3b00000|  0%| F|  |TAMS 0x00000000a3a00000, 0x00000000a3a00000| Untracked 
|  59|0x00000000a3b00000, 0x00000000a3b00000, 0x00000000a3c00000|  0%| F|  |TAMS 0x00000000a3b00000, 0x00000000a3b00000| Untracked 
|  60|0x00000000a3c00000, 0x00000000a3c00000, 0x00000000a3d00000|  0%| F|  |TAMS 0x00000000a3c00000, 0x00000000a3c00000| Untracked 
|  61|0x00000000a3d00000, 0x00000000a3d00000, 0x00000000a3e00000|  0%| F|  |TAMS 0x00000000a3d00000, 0x00000000a3d00000| Untracked 
|  62|0x00000000a3e00000, 0x00000000a3e00000, 0x00000000a3f00000|  0%| F|  |TAMS 0x00000000a3e00000, 0x00000000a3e00000| Untracked 
|  63|0x00000000a3f00000, 0x00000000a3f00000, 0x00000000a4000000|  0%| F|  |TAMS 0x00000000a3f00000, 0x00000000a3f00000| Untracked 
|  64|0x00000000a4000000, 0x00000000a4000000, 0x00000000a4100000|  0%| F|  |TAMS 0x00000000a4000000, 0x00000000a4000000| Untracked 
|  65|0x00000000a4100000, 0x00000000a4100000, 0x00000000a4200000|  0%| F|  |TAMS 0x00000000a4100000, 0x00000000a4100000| Untracked 
|  66|0x00000000a4200000, 0x00000000a4200000, 0x00000000a4300000|  0%| F|  |TAMS 0x00000000a4200000, 0x00000000a4200000| Untracked 
|  67|0x00000000a4300000, 0x00000000a4300000, 0x00000000a4400000|  0%| F|  |TAMS 0x00000000a4300000, 0x00000000a4300000| Untracked 
|  68|0x00000000a4400000, 0x00000000a4400000, 0x00000000a4500000|  0%| F|  |TAMS 0x00000000a4400000, 0x00000000a4400000| Untracked 
|  69|0x00000000a4500000, 0x00000000a4500000, 0x00000000a4600000|  0%| F|  |TAMS 0x00000000a4500000, 0x00000000a4500000| Untracked 
|  70|0x00000000a4600000, 0x00000000a4600000, 0x00000000a4700000|  0%| F|  |TAMS 0x00000000a4600000, 0x00000000a4600000| Untracked 
|  71|0x00000000a4700000, 0x00000000a4700000, 0x00000000a4800000|  0%| F|  |TAMS 0x00000000a4700000, 0x00000000a4700000| Untracked 
|  72|0x00000000a4800000, 0x00000000a4800000, 0x00000000a4900000|  0%| F|  |TAMS 0x00000000a4800000, 0x00000000a4800000| Untracked 
|  73|0x00000000a4900000, 0x00000000a4900000, 0x00000000a4a00000|  0%| F|  |TAMS 0x00000000a4900000, 0x00000000a4900000| Untracked 
|  74|0x00000000a4a00000, 0x00000000a4a00000, 0x00000000a4b00000|  0%| F|  |TAMS 0x00000000a4a00000, 0x00000000a4a00000| Untracked 
|  75|0x00000000a4b00000, 0x00000000a4b00000, 0x00000000a4c00000|  0%| F|  |TAMS 0x00000000a4b00000, 0x00000000a4b00000| Untracked 
|  76|0x00000000a4c00000, 0x00000000a4c00000, 0x00000000a4d00000|  0%| F|  |TAMS 0x00000000a4c00000, 0x00000000a4c00000| Untracked 
|  77|0x00000000a4d00000, 0x00000000a4d00000, 0x00000000a4e00000|  0%| F|  |TAMS 0x00000000a4d00000, 0x00000000a4d00000| Untracked 
|  78|0x00000000a4e00000, 0x00000000a4e00000, 0x00000000a4f00000|  0%| F|  |TAMS 0x00000000a4e00000, 0x00000000a4e00000| Untracked 
|  79|0x00000000a4f00000, 0x00000000a4f00000, 0x00000000a5000000|  0%| F|  |TAMS 0x00000000a4f00000, 0x00000000a4f00000| Untracked 
|  80|0x00000000a5000000, 0x00000000a5000000, 0x00000000a5100000|  0%| F|  |TAMS 0x00000000a5000000, 0x00000000a5000000| Untracked 
|  81|0x00000000a5100000, 0x00000000a5100000, 0x00000000a5200000|  0%| F|  |TAMS 0x00000000a5100000, 0x00000000a5100000| Untracked 
|  82|0x00000000a5200000, 0x00000000a5200000, 0x00000000a5300000|  0%| F|  |TAMS 0x00000000a5200000, 0x00000000a5200000| Untracked 
|  83|0x00000000a5300000, 0x00000000a5300000, 0x00000000a5400000|  0%| F|  |TAMS 0x00000000a5300000, 0x00000000a5300000| Untracked 
|  84|0x00000000a5400000, 0x00000000a5400000, 0x00000000a5500000|  0%| F|  |TAMS 0x00000000a5400000, 0x00000000a5400000| Untracked 
|  85|0x00000000a5500000, 0x00000000a5500000, 0x00000000a5600000|  0%| F|  |TAMS 0x00000000a5500000, 0x00000000a5500000| Untracked 
|  86|0x00000000a5600000, 0x00000000a5600000, 0x00000000a5700000|  0%| F|  |TAMS 0x00000000a5600000, 0x00000000a5600000| Untracked 
|  87|0x00000000a5700000, 0x00000000a5700000, 0x00000000a5800000|  0%| F|  |TAMS 0x00000000a5700000, 0x00000000a5700000| Untracked 
|  88|0x00000000a5800000, 0x00000000a5800000, 0x00000000a5900000|  0%| F|  |TAMS 0x00000000a5800000, 0x00000000a5800000| Untracked 
|  89|0x00000000a5900000, 0x00000000a5900000, 0x00000000a5a00000|  0%| F|  |TAMS 0x00000000a5900000, 0x00000000a5900000| Untracked 
|  90|0x00000000a5a00000, 0x00000000a5a00000, 0x00000000a5b00000|  0%| F|  |TAMS 0x00000000a5a00000, 0x00000000a5a00000| Untracked 
|  91|0x00000000a5b00000, 0x00000000a5b00000, 0x00000000a5c00000|  0%| F|  |TAMS 0x00000000a5b00000, 0x00000000a5b00000| Untracked 
|  92|0x00000000a5c00000, 0x00000000a5c00000, 0x00000000a5d00000|  0%| F|  |TAMS 0x00000000a5c00000, 0x00000000a5c00000| Untracked 
|  93|0x00000000a5d00000, 0x00000000a5d00000, 0x00000000a5e00000|  0%| F|  |TAMS 0x00000000a5d00000, 0x00000000a5d00000| Untracked 
|  94|0x00000000a5e00000, 0x00000000a5e00000, 0x00000000a5f00000|  0%| F|  |TAMS 0x00000000a5e00000, 0x00000000a5e00000| Untracked 
|  95|0x00000000a5f00000, 0x00000000a5f00000, 0x00000000a6000000|  0%| F|  |TAMS 0x00000000a5f00000, 0x00000000a5f00000| Untracked 
|  96|0x00000000a6000000, 0x00000000a6100000, 0x00000000a6100000|100%| S|CS|TAMS 0x00000000a6000000, 0x00000000a6000000| Complete 
|  97|0x00000000a6100000, 0x00000000a6200000, 0x00000000a6200000|100%| S|CS|TAMS 0x00000000a6100000, 0x00000000a6100000| Complete 
|  98|0x00000000a6200000, 0x00000000a6300000, 0x00000000a6300000|100%| S|CS|TAMS 0x00000000a6200000, 0x00000000a6200000| Complete 
|  99|0x00000000a6300000, 0x00000000a6400000, 0x00000000a6400000|100%| S|CS|TAMS 0x00000000a6300000, 0x00000000a6300000| Complete 
| 100|0x00000000a6400000, 0x00000000a6500000, 0x00000000a6500000|100%| S|CS|TAMS 0x00000000a6400000, 0x00000000a6400000| Complete 
| 101|0x00000000a6500000, 0x00000000a6600000, 0x00000000a6600000|100%| S|CS|TAMS 0x00000000a6500000, 0x00000000a6500000| Complete 
| 102|0x00000000a6600000, 0x00000000a6700000, 0x00000000a6700000|100%| S|CS|TAMS 0x00000000a6600000, 0x00000000a6600000| Complete 
| 103|0x00000000a6700000, 0x00000000a6800000, 0x00000000a6800000|100%| S|CS|TAMS 0x00000000a6700000, 0x00000000a6700000| Complete 
| 104|0x00000000a6800000, 0x00000000a6900000, 0x00000000a6900000|100%| S|CS|TAMS 0x00000000a6800000, 0x00000000a6800000| Complete 
| 105|0x00000000a6900000, 0x00000000a6a00000, 0x00000000a6a00000|100%| S|CS|TAMS 0x00000000a6900000, 0x00000000a6900000| Complete 
| 106|0x00000000a6a00000, 0x00000000a6b00000, 0x00000000a6b00000|100%| S|CS|TAMS 0x00000000a6a00000, 0x00000000a6a00000| Complete 
| 107|0x00000000a6b00000, 0x00000000a6b00000, 0x00000000a6c00000|  0%| F|  |TAMS 0x00000000a6b00000, 0x00000000a6b00000| Untracked 
| 108|0x00000000a6c00000, 0x00000000a6c00000, 0x00000000a6d00000|  0%| F|  |TAMS 0x00000000a6c00000, 0x00000000a6c00000| Untracked 
| 109|0x00000000a6d00000, 0x00000000a6d00000, 0x00000000a6e00000|  0%| F|  |TAMS 0x00000000a6d00000, 0x00000000a6d00000| Untracked 
| 110|0x00000000a6e00000, 0x00000000a6e00000, 0x00000000a6f00000|  0%| F|  |TAMS 0x00000000a6e00000, 0x00000000a6e00000| Untracked 
| 111|0x00000000a6f00000, 0x00000000a6f00000, 0x00000000a7000000|  0%| F|  |TAMS 0x00000000a6f00000, 0x00000000a6f00000| Untracked 
| 112|0x00000000a7000000, 0x00000000a7000000, 0x00000000a7100000|  0%| F|  |TAMS 0x00000000a7000000, 0x00000000a7000000| Untracked 
| 113|0x00000000a7100000, 0x00000000a7100000, 0x00000000a7200000|  0%| F|  |TAMS 0x00000000a7100000, 0x00000000a7100000| Untracked 
| 114|0x00000000a7200000, 0x00000000a7200000, 0x00000000a7300000|  0%| F|  |TAMS 0x00000000a7200000, 0x00000000a7200000| Untracked 
| 115|0x00000000a7300000, 0x00000000a7300000, 0x00000000a7400000|  0%| F|  |TAMS 0x00000000a7300000, 0x00000000a7300000| Untracked 
| 116|0x00000000a7400000, 0x00000000a7400000, 0x00000000a7500000|  0%| F|  |TAMS 0x00000000a7400000, 0x00000000a7400000| Untracked 
| 117|0x00000000a7500000, 0x00000000a7500000, 0x00000000a7600000|  0%| F|  |TAMS 0x00000000a7500000, 0x00000000a7500000| Untracked 
| 118|0x00000000a7600000, 0x00000000a7600000, 0x00000000a7700000|  0%| F|  |TAMS 0x00000000a7600000, 0x00000000a7600000| Untracked 
| 119|0x00000000a7700000, 0x00000000a7700000, 0x00000000a7800000|  0%| F|  |TAMS 0x00000000a7700000, 0x00000000a7700000| Untracked 
| 120|0x00000000a7800000, 0x00000000a7800000, 0x00000000a7900000|  0%| F|  |TAMS 0x00000000a7800000, 0x00000000a7800000| Untracked 
| 121|0x00000000a7900000, 0x00000000a7900000, 0x00000000a7a00000|  0%| F|  |TAMS 0x00000000a7900000, 0x00000000a7900000| Untracked 
| 122|0x00000000a7a00000, 0x00000000a7a00000, 0x00000000a7b00000|  0%| F|  |TAMS 0x00000000a7a00000, 0x00000000a7a00000| Untracked 
| 123|0x00000000a7b00000, 0x00000000a7b00000, 0x00000000a7c00000|  0%| F|  |TAMS 0x00000000a7b00000, 0x00000000a7b00000| Untracked 
| 124|0x00000000a7c00000, 0x00000000a7c00000, 0x00000000a7d00000|  0%| F|  |TAMS 0x00000000a7c00000, 0x00000000a7c00000| Untracked 
| 125|0x00000000a7d00000, 0x00000000a7d00000, 0x00000000a7e00000|  0%| F|  |TAMS 0x00000000a7d00000, 0x00000000a7d00000| Untracked 
| 126|0x00000000a7e00000, 0x00000000a7e00000, 0x00000000a7f00000|  0%| F|  |TAMS 0x00000000a7e00000, 0x00000000a7e00000| Untracked 
| 127|0x00000000a7f00000, 0x00000000a7f00000, 0x00000000a8000000|  0%| F|  |TAMS 0x00000000a7f00000, 0x00000000a7f00000| Untracked 
| 128|0x00000000a8000000, 0x00000000a8000000, 0x00000000a8100000|  0%| F|  |TAMS 0x00000000a8000000, 0x00000000a8000000| Untracked 
| 129|0x00000000a8100000, 0x00000000a8100000, 0x00000000a8200000|  0%| F|  |TAMS 0x00000000a8100000, 0x00000000a8100000| Untracked 
| 130|0x00000000a8200000, 0x00000000a8200000, 0x00000000a8300000|  0%| F|  |TAMS 0x00000000a8200000, 0x00000000a8200000| Untracked 
| 131|0x00000000a8300000, 0x00000000a8300000, 0x00000000a8400000|  0%| F|  |TAMS 0x00000000a8300000, 0x00000000a8300000| Untracked 
| 132|0x00000000a8400000, 0x00000000a8400000, 0x00000000a8500000|  0%| F|  |TAMS 0x00000000a8400000, 0x00000000a8400000| Untracked 
| 133|0x00000000a8500000, 0x00000000a8500000, 0x00000000a8600000|  0%| F|  |TAMS 0x00000000a8500000, 0x00000000a8500000| Untracked 
| 134|0x00000000a8600000, 0x00000000a8600000, 0x00000000a8700000|  0%| F|  |TAMS 0x00000000a8600000, 0x00000000a8600000| Untracked 
| 135|0x00000000a8700000, 0x00000000a8700000, 0x00000000a8800000|  0%| F|  |TAMS 0x00000000a8700000, 0x00000000a8700000| Untracked 
| 136|0x00000000a8800000, 0x00000000a8800000, 0x00000000a8900000|  0%| F|  |TAMS 0x00000000a8800000, 0x00000000a8800000| Untracked 
| 137|0x00000000a8900000, 0x00000000a8900000, 0x00000000a8a00000|  0%| F|  |TAMS 0x00000000a8900000, 0x00000000a8900000| Untracked 
| 138|0x00000000a8a00000, 0x00000000a8a00000, 0x00000000a8b00000|  0%| F|  |TAMS 0x00000000a8a00000, 0x00000000a8a00000| Untracked 
| 139|0x00000000a8b00000, 0x00000000a8b00000, 0x00000000a8c00000|  0%| F|  |TAMS 0x00000000a8b00000, 0x00000000a8b00000| Untracked 
| 140|0x00000000a8c00000, 0x00000000a8c00000, 0x00000000a8d00000|  0%| F|  |TAMS 0x00000000a8c00000, 0x00000000a8c00000| Untracked 
| 141|0x00000000a8d00000, 0x00000000a8d00000, 0x00000000a8e00000|  0%| F|  |TAMS 0x00000000a8d00000, 0x00000000a8d00000| Untracked 
| 142|0x00000000a8e00000, 0x00000000a8e00000, 0x00000000a8f00000|  0%| F|  |TAMS 0x00000000a8e00000, 0x00000000a8e00000| Untracked 
| 143|0x00000000a8f00000, 0x00000000a8f00000, 0x00000000a9000000|  0%| F|  |TAMS 0x00000000a8f00000, 0x00000000a8f00000| Untracked 
| 144|0x00000000a9000000, 0x00000000a9000000, 0x00000000a9100000|  0%| F|  |TAMS 0x00000000a9000000, 0x00000000a9000000| Untracked 
| 145|0x00000000a9100000, 0x00000000a9100000, 0x00000000a9200000|  0%| F|  |TAMS 0x00000000a9100000, 0x00000000a9100000| Untracked 
| 146|0x00000000a9200000, 0x00000000a9200000, 0x00000000a9300000|  0%| F|  |TAMS 0x00000000a9200000, 0x00000000a9200000| Untracked 
| 147|0x00000000a9300000, 0x00000000a9300000, 0x00000000a9400000|  0%| F|  |TAMS 0x00000000a9300000, 0x00000000a9300000| Untracked 
| 148|0x00000000a9400000, 0x00000000a9400000, 0x00000000a9500000|  0%| F|  |TAMS 0x00000000a9400000, 0x00000000a9400000| Untracked 
| 149|0x00000000a9500000, 0x00000000a9500000, 0x00000000a9600000|  0%| F|  |TAMS 0x00000000a9500000, 0x00000000a9500000| Untracked 
| 150|0x00000000a9600000, 0x00000000a9600000, 0x00000000a9700000|  0%| F|  |TAMS 0x00000000a9600000, 0x00000000a9600000| Untracked 
| 151|0x00000000a9700000, 0x00000000a9700000, 0x00000000a9800000|  0%| F|  |TAMS 0x00000000a9700000, 0x00000000a9700000| Untracked 
| 152|0x00000000a9800000, 0x00000000a9800000, 0x00000000a9900000|  0%| F|  |TAMS 0x00000000a9800000, 0x00000000a9800000| Untracked 
| 153|0x00000000a9900000, 0x00000000a9900000, 0x00000000a9a00000|  0%| F|  |TAMS 0x00000000a9900000, 0x00000000a9900000| Untracked 
| 154|0x00000000a9a00000, 0x00000000a9a00000, 0x00000000a9b00000|  0%| F|  |TAMS 0x00000000a9a00000, 0x00000000a9a00000| Untracked 
| 155|0x00000000a9b00000, 0x00000000a9b00000, 0x00000000a9c00000|  0%| F|  |TAMS 0x00000000a9b00000, 0x00000000a9b00000| Untracked 
| 156|0x00000000a9c00000, 0x00000000a9c00000, 0x00000000a9d00000|  0%| F|  |TAMS 0x00000000a9c00000, 0x00000000a9c00000| Untracked 
| 157|0x00000000a9d00000, 0x00000000a9d00000, 0x00000000a9e00000|  0%| F|  |TAMS 0x00000000a9d00000, 0x00000000a9d00000| Untracked 
| 158|0x00000000a9e00000, 0x00000000a9e00000, 0x00000000a9f00000|  0%| F|  |TAMS 0x00000000a9e00000, 0x00000000a9e00000| Untracked 
| 159|0x00000000a9f00000, 0x00000000a9f00000, 0x00000000aa000000|  0%| F|  |TAMS 0x00000000a9f00000, 0x00000000a9f00000| Untracked 
| 160|0x00000000aa000000, 0x00000000aa000000, 0x00000000aa100000|  0%| F|  |TAMS 0x00000000aa000000, 0x00000000aa000000| Untracked 
| 161|0x00000000aa100000, 0x00000000aa100000, 0x00000000aa200000|  0%| F|  |TAMS 0x00000000aa100000, 0x00000000aa100000| Untracked 
| 162|0x00000000aa200000, 0x00000000aa200000, 0x00000000aa300000|  0%| F|  |TAMS 0x00000000aa200000, 0x00000000aa200000| Untracked 
| 163|0x00000000aa300000, 0x00000000aa300000, 0x00000000aa400000|  0%| F|  |TAMS 0x00000000aa300000, 0x00000000aa300000| Untracked 
| 164|0x00000000aa400000, 0x00000000aa400000, 0x00000000aa500000|  0%| F|  |TAMS 0x00000000aa400000, 0x00000000aa400000| Untracked 
| 165|0x00000000aa500000, 0x00000000aa500000, 0x00000000aa600000|  0%| F|  |TAMS 0x00000000aa500000, 0x00000000aa500000| Untracked 
| 166|0x00000000aa600000, 0x00000000aa600000, 0x00000000aa700000|  0%| F|  |TAMS 0x00000000aa600000, 0x00000000aa600000| Untracked 
| 167|0x00000000aa700000, 0x00000000aa700000, 0x00000000aa800000|  0%| F|  |TAMS 0x00000000aa700000, 0x00000000aa700000| Untracked 
| 168|0x00000000aa800000, 0x00000000aa800000, 0x00000000aa900000|  0%| F|  |TAMS 0x00000000aa800000, 0x00000000aa800000| Untracked 
| 169|0x00000000aa900000, 0x00000000aa900000, 0x00000000aaa00000|  0%| F|  |TAMS 0x00000000aa900000, 0x00000000aa900000| Untracked 
| 170|0x00000000aaa00000, 0x00000000aaa00000, 0x00000000aab00000|  0%| F|  |TAMS 0x00000000aaa00000, 0x00000000aaa00000| Untracked 
| 171|0x00000000aab00000, 0x00000000aab00000, 0x00000000aac00000|  0%| F|  |TAMS 0x00000000aab00000, 0x00000000aab00000| Untracked 
| 172|0x00000000aac00000, 0x00000000aac00000, 0x00000000aad00000|  0%| F|  |TAMS 0x00000000aac00000, 0x00000000aac00000| Untracked 
| 173|0x00000000aad00000, 0x00000000aad00000, 0x00000000aae00000|  0%| F|  |TAMS 0x00000000aad00000, 0x00000000aad00000| Untracked 
| 174|0x00000000aae00000, 0x00000000aae00000, 0x00000000aaf00000|  0%| F|  |TAMS 0x00000000aae00000, 0x00000000aae00000| Untracked 
| 175|0x00000000aaf00000, 0x00000000aaf00000, 0x00000000ab000000|  0%| F|  |TAMS 0x00000000aaf00000, 0x00000000aaf00000| Untracked 
| 176|0x00000000ab000000, 0x00000000ab000000, 0x00000000ab100000|  0%| F|  |TAMS 0x00000000ab000000, 0x00000000ab000000| Untracked 
| 177|0x00000000ab100000, 0x00000000ab100000, 0x00000000ab200000|  0%| F|  |TAMS 0x00000000ab100000, 0x00000000ab100000| Untracked 
| 178|0x00000000ab200000, 0x00000000ab200000, 0x00000000ab300000|  0%| F|  |TAMS 0x00000000ab200000, 0x00000000ab200000| Untracked 
| 179|0x00000000ab300000, 0x00000000ab300000, 0x00000000ab400000|  0%| F|  |TAMS 0x00000000ab300000, 0x00000000ab300000| Untracked 
| 180|0x00000000ab400000, 0x00000000ab400000, 0x00000000ab500000|  0%| F|  |TAMS 0x00000000ab400000, 0x00000000ab400000| Untracked 
| 181|0x00000000ab500000, 0x00000000ab500000, 0x00000000ab600000|  0%| F|  |TAMS 0x00000000ab500000, 0x00000000ab500000| Untracked 
| 182|0x00000000ab600000, 0x00000000ab600000, 0x00000000ab700000|  0%| F|  |TAMS 0x00000000ab600000, 0x00000000ab600000| Untracked 
| 183|0x00000000ab700000, 0x00000000ab700000, 0x00000000ab800000|  0%| F|  |TAMS 0x00000000ab700000, 0x00000000ab700000| Untracked 
| 184|0x00000000ab800000, 0x00000000ab800000, 0x00000000ab900000|  0%| F|  |TAMS 0x00000000ab800000, 0x00000000ab800000| Untracked 
| 185|0x00000000ab900000, 0x00000000ab900000, 0x00000000aba00000|  0%| F|  |TAMS 0x00000000ab900000, 0x00000000ab900000| Untracked 
| 186|0x00000000aba00000, 0x00000000aba00000, 0x00000000abb00000|  0%| F|  |TAMS 0x00000000aba00000, 0x00000000aba00000| Untracked 
| 187|0x00000000abb00000, 0x00000000abb00000, 0x00000000abc00000|  0%| F|  |TAMS 0x00000000abb00000, 0x00000000abb00000| Untracked 
| 188|0x00000000abc00000, 0x00000000abc00000, 0x00000000abd00000|  0%| F|  |TAMS 0x00000000abc00000, 0x00000000abc00000| Untracked 
| 189|0x00000000abd00000, 0x00000000abd00000, 0x00000000abe00000|  0%| F|  |TAMS 0x00000000abd00000, 0x00000000abd00000| Untracked 
| 190|0x00000000abe00000, 0x00000000abe00000, 0x00000000abf00000|  0%| F|  |TAMS 0x00000000abe00000, 0x00000000abe00000| Untracked 
| 191|0x00000000abf00000, 0x00000000abf00000, 0x00000000ac000000|  0%| F|  |TAMS 0x00000000abf00000, 0x00000000abf00000| Untracked 
| 192|0x00000000ac000000, 0x00000000ac000000, 0x00000000ac100000|  0%| F|  |TAMS 0x00000000ac000000, 0x00000000ac000000| Untracked 
| 193|0x00000000ac100000, 0x00000000ac100000, 0x00000000ac200000|  0%| F|  |TAMS 0x00000000ac100000, 0x00000000ac100000| Untracked 
| 194|0x00000000ac200000, 0x00000000ac200000, 0x00000000ac300000|  0%| F|  |TAMS 0x00000000ac200000, 0x00000000ac200000| Untracked 
| 195|0x00000000ac300000, 0x00000000ac300000, 0x00000000ac400000|  0%| F|  |TAMS 0x00000000ac300000, 0x00000000ac300000| Untracked 
| 196|0x00000000ac400000, 0x00000000ac400000, 0x00000000ac500000|  0%| F|  |TAMS 0x00000000ac400000, 0x00000000ac400000| Untracked 
| 197|0x00000000ac500000, 0x00000000ac500000, 0x00000000ac600000|  0%| F|  |TAMS 0x00000000ac500000, 0x00000000ac500000| Untracked 
| 198|0x00000000ac600000, 0x00000000ac600000, 0x00000000ac700000|  0%| F|  |TAMS 0x00000000ac600000, 0x00000000ac600000| Untracked 
| 199|0x00000000ac700000, 0x00000000ac700000, 0x00000000ac800000|  0%| F|  |TAMS 0x00000000ac700000, 0x00000000ac700000| Untracked 
| 200|0x00000000ac800000, 0x00000000ac800000, 0x00000000ac900000|  0%| F|  |TAMS 0x00000000ac800000, 0x00000000ac800000| Untracked 
| 201|0x00000000ac900000, 0x00000000ac900000, 0x00000000aca00000|  0%| F|  |TAMS 0x00000000ac900000, 0x00000000ac900000| Untracked 
| 202|0x00000000aca00000, 0x00000000aca00000, 0x00000000acb00000|  0%| F|  |TAMS 0x00000000aca00000, 0x00000000aca00000| Untracked 
| 203|0x00000000acb00000, 0x00000000acb00000, 0x00000000acc00000|  0%| F|  |TAMS 0x00000000acb00000, 0x00000000acb00000| Untracked 
| 204|0x00000000acc00000, 0x00000000acc00000, 0x00000000acd00000|  0%| F|  |TAMS 0x00000000acc00000, 0x00000000acc00000| Untracked 
| 205|0x00000000acd00000, 0x00000000acd00000, 0x00000000ace00000|  0%| F|  |TAMS 0x00000000acd00000, 0x00000000acd00000| Untracked 
| 206|0x00000000ace00000, 0x00000000ace00000, 0x00000000acf00000|  0%| F|  |TAMS 0x00000000ace00000, 0x00000000ace00000| Untracked 
| 207|0x00000000acf00000, 0x00000000acf00000, 0x00000000ad000000|  0%| F|  |TAMS 0x00000000acf00000, 0x00000000acf00000| Untracked 
| 208|0x00000000ad000000, 0x00000000ad000000, 0x00000000ad100000|  0%| F|  |TAMS 0x00000000ad000000, 0x00000000ad000000| Untracked 
| 209|0x00000000ad100000, 0x00000000ad100000, 0x00000000ad200000|  0%| F|  |TAMS 0x00000000ad100000, 0x00000000ad100000| Untracked 
| 210|0x00000000ad200000, 0x00000000ad200000, 0x00000000ad300000|  0%| F|  |TAMS 0x00000000ad200000, 0x00000000ad200000| Untracked 
| 211|0x00000000ad300000, 0x00000000ad300000, 0x00000000ad400000|  0%| F|  |TAMS 0x00000000ad300000, 0x00000000ad300000| Untracked 
| 212|0x00000000ad400000, 0x00000000ad400000, 0x00000000ad500000|  0%| F|  |TAMS 0x00000000ad400000, 0x00000000ad400000| Untracked 
| 213|0x00000000ad500000, 0x00000000ad500000, 0x00000000ad600000|  0%| F|  |TAMS 0x00000000ad500000, 0x00000000ad500000| Untracked 
| 214|0x00000000ad600000, 0x00000000ad600000, 0x00000000ad700000|  0%| F|  |TAMS 0x00000000ad600000, 0x00000000ad600000| Untracked 
| 215|0x00000000ad700000, 0x00000000ad700000, 0x00000000ad800000|  0%| F|  |TAMS 0x00000000ad700000, 0x00000000ad700000| Untracked 
| 216|0x00000000ad800000, 0x00000000ad800000, 0x00000000ad900000|  0%| F|  |TAMS 0x00000000ad800000, 0x00000000ad800000| Untracked 
| 217|0x00000000ad900000, 0x00000000ad900000, 0x00000000ada00000|  0%| F|  |TAMS 0x00000000ad900000, 0x00000000ad900000| Untracked 
| 218|0x00000000ada00000, 0x00000000ada00000, 0x00000000adb00000|  0%| F|  |TAMS 0x00000000ada00000, 0x00000000ada00000| Untracked 
| 219|0x00000000adb00000, 0x00000000adb00000, 0x00000000adc00000|  0%| F|  |TAMS 0x00000000adb00000, 0x00000000adb00000| Untracked 
| 220|0x00000000adc00000, 0x00000000adc00000, 0x00000000add00000|  0%| F|  |TAMS 0x00000000adc00000, 0x00000000adc00000| Untracked 
| 221|0x00000000add00000, 0x00000000add00000, 0x00000000ade00000|  0%| F|  |TAMS 0x00000000add00000, 0x00000000add00000| Untracked 
| 222|0x00000000ade00000, 0x00000000ade00000, 0x00000000adf00000|  0%| F|  |TAMS 0x00000000ade00000, 0x00000000ade00000| Untracked 
| 223|0x00000000adf00000, 0x00000000adf80800, 0x00000000ae000000| 50%| E|  |TAMS 0x00000000adf00000, 0x00000000adf00000| Complete 
| 224|0x00000000ae000000, 0x00000000ae100000, 0x00000000ae100000|100%| E|CS|TAMS 0x00000000ae000000, 0x00000000ae000000| Complete 
| 225|0x00000000ae100000, 0x00000000ae200000, 0x00000000ae200000|100%| E|CS|TAMS 0x00000000ae100000, 0x00000000ae100000| Complete 
| 226|0x00000000ae200000, 0x00000000ae300000, 0x00000000ae300000|100%| E|CS|TAMS 0x00000000ae200000, 0x00000000ae200000| Complete 
| 227|0x00000000ae300000, 0x00000000ae400000, 0x00000000ae400000|100%| E|CS|TAMS 0x00000000ae300000, 0x00000000ae300000| Complete 
| 228|0x00000000ae400000, 0x00000000ae500000, 0x00000000ae500000|100%| E|CS|TAMS 0x00000000ae400000, 0x00000000ae400000| Complete 
| 229|0x00000000ae500000, 0x00000000ae600000, 0x00000000ae600000|100%| E|CS|TAMS 0x00000000ae500000, 0x00000000ae500000| Complete 
| 230|0x00000000ae600000, 0x00000000ae700000, 0x00000000ae700000|100%| E|CS|TAMS 0x00000000ae600000, 0x00000000ae600000| Complete 

Card table byte_map: [0x000001b5b5df0000,0x000001b5b60f0000] _byte_map_base: 0x000001b5b58f0000

Marking Bits (Prev, Next): (CMBitMap*) 0x000001b5a13a4c08, (CMBitMap*) 0x000001b5a13a4c40
 Prev Bits: [0x000001b5b63f0000, 0x000001b5b7bf0000)
 Next Bits: [0x000001b5b7bf0000, 0x000001b5b93f0000)

Polling page: 0x000001b5a1440000

Metaspace:

Usage:
  Non-class:     49.16 MB capacity,    48.15 MB ( 98%) used,   905.24 KB (  2%) free+waste,   129.94 KB ( <1%) overhead. 
      Class:      7.57 MB capacity,     7.03 MB ( 93%) used,   482.91 KB (  6%) free+waste,    62.63 KB ( <1%) overhead. 
       Both:     56.73 MB capacity,    55.18 MB ( 97%) used,     1.36 MB (  2%) free+waste,   192.56 KB ( <1%) overhead. 

Virtual space:
  Non-class space:       50.00 MB reserved,      49.17 MB ( 98%) committed 
      Class space:        1.00 GB reserved,       7.65 MB ( <1%) committed 
             Both:        1.05 GB reserved,      56.82 MB (  5%) committed 

Chunk freelists:
   Non-Class:  12.00 KB
       Class:  27.00 KB
        Both:  39.00 KB

MaxMetaspaceSize: 17179869184.00 GB
CompressedClassSpaceSize: 1.00 GB

CodeHeap 'non-profiled nmethods': size=120064Kb used=2759Kb max_used=2759Kb free=117304Kb
 bounds [0x000001b5adf90000, 0x000001b5ae250000, 0x000001b5b54d0000]
CodeHeap 'profiled nmethods': size=120000Kb used=11166Kb max_used=11166Kb free=108833Kb
 bounds [0x000001b5a6a60000, 0x000001b5a7550000, 0x000001b5adf90000]
CodeHeap 'non-nmethods': size=5696Kb used=2228Kb max_used=2257Kb free=3467Kb
 bounds [0x000001b5a64d0000, 0x000001b5a6740000, 0x000001b5a6a60000]
 total_blobs=5864 nmethods=5055 adapters=720
 compilation: enabled
              stopped_count=0, restarted_count=0
 full_count=0

Compilation events (20 events):
Event: 8.213 Thread 0x000001b5bc2cc000 5258       3       org.gradle.api.internal.provider.Providers::of (21 bytes)
Event: 8.214 Thread 0x000001b5bc2cc000 nmethod 5258 0x000001b5a7529c10 code [0x000001b5a7529e00, 0x000001b5a752a208]
Event: 8.214 Thread 0x000001b5bc2cc000 5259       3       org.gradle.internal.service.DefaultServiceRegistry::isSatisfiedBy (61 bytes)
Event: 8.215 Thread 0x000001b5bc2cc000 nmethod 5259 0x000001b5a752a390 code [0x000001b5a752a5c0, 0x000001b5a752af38]
Event: 8.220 Thread 0x000001b5bc2cc000 5260       3       java.lang.Class::getConstructor (31 bytes)
Event: 8.221 Thread 0x000001b5bc2cc000 nmethod 5260 0x000001b5a752b110 code [0x000001b5a752b380, 0x000001b5a752bba8]
Event: 8.226 Thread 0x000001b5bc2cc000 5261       3       jdk.internal.misc.Unsafe::allocateUninitializedArray0 (90 bytes)
Event: 8.227 Thread 0x000001b5bc2cc000 nmethod 5261 0x000001b5a752be90 code [0x000001b5a752c080, 0x000001b5a752c8d8]
Event: 8.227 Thread 0x000001b5bc2cc000 5262       3       java.lang.invoke.DirectMethodHandle$Holder::invokeStatic (18 bytes)
Event: 8.227 Thread 0x000001b5bc2cc000 nmethod 5262 0x000001b5a752ca10 code [0x000001b5a752cbe0, 0x000001b5a752d0d8]
Event: 8.227 Thread 0x000001b5bc2cc000 5263       3       java.lang.StringConcatHelper::newString (46 bytes)
Event: 8.228 Thread 0x000001b5bc2cc000 nmethod 5263 0x000001b5a752d210 code [0x000001b5a752d4a0, 0x000001b5a752df28]
Event: 8.228 Thread 0x000001b5bc2cc000 5264       1       java.util.logging.Logger::getName (5 bytes)
Event: 8.228 Thread 0x000001b5bc2cc000 nmethod 5264 0x000001b5ae23f210 code [0x000001b5ae23f3c0, 0x000001b5ae23f478]
Event: 8.232 Thread 0x000001b5bc2cc000 5265       3       java.lang.invoke.LambdaForm$MH/0x0000000100091840::invoke (155 bytes)
Event: 8.233 Thread 0x000001b5bc2cc000 nmethod 5265 0x000001b5a752e310 code [0x000001b5a752e5a0, 0x000001b5a752f4f8]
Event: 8.233 Thread 0x000001b5bc2cc000 5266       3       java.lang.invoke.LambdaForm$MH/0x0000000100093840::invoke (31 bytes)
Event: 8.233 Thread 0x000001b5bc2cc000 nmethod 5266 0x000001b5a752f910 code [0x000001b5a752fae0, 0x000001b5a752ff78]
Event: 8.233 Thread 0x000001b5bc2cc000 5267       3       java.util.logging.LogManager::getProperty (9 bytes)
Event: 8.234 Thread 0x000001b5bc2cc000 nmethod 5267 0x000001b5a7530090 code [0x000001b5a7530240, 0x000001b5a7530408]

GC Heap History (20 events):
Event: 0.519 GC heap before
{Heap before GC invocations=0 (full 0):
 garbage-first heap   total 196608K, used 19456K [0x00000000a0000000, 0x0000000100000000)
  region size 1024K, 14 young (14336K), 0 survivors (0K)
 Metaspace       used 7397K, capacity 7571K, committed 7680K, reserved 1056768K
  class space    used 666K, capacity 716K, committed 768K, reserved 1048576K
}
Event: 0.523 GC heap after
{Heap after GC invocations=1 (full 0):
 garbage-first heap   total 196608K, used 8302K [0x00000000a0000000, 0x0000000100000000)
  region size 1024K, 2 young (2048K), 2 survivors (2048K)
 Metaspace       used 7397K, capacity 7571K, committed 7680K, reserved 1056768K
  class space    used 666K, capacity 716K, committed 768K, reserved 1048576K
}
Event: 0.827 GC heap before
{Heap before GC invocations=1 (full 0):
 garbage-first heap   total 196608K, used 20590K [0x00000000a0000000, 0x0000000100000000)
  region size 1024K, 14 young (14336K), 2 survivors (2048K)
 Metaspace       used 10499K, capacity 10696K, committed 11008K, reserved 1058816K
  class space    used 1103K, capacity 1164K, committed 1280K, reserved 1048576K
}
Event: 0.830 GC heap after
{Heap after GC invocations=2 (full 0):
 garbage-first heap   total 196608K, used 8916K [0x00000000a0000000, 0x0000000100000000)
  region size 1024K, 1 young (1024K), 1 survivors (1024K)
 Metaspace       used 10499K, capacity 10696K, committed 11008K, reserved 1058816K
  class space    used 1103K, capacity 1164K, committed 1280K, reserved 1048576K
}
Event: 1.184 GC heap before
{Heap before GC invocations=2 (full 0):
 garbage-first heap   total 196608K, used 38612K [0x00000000a0000000, 0x0000000100000000)
  region size 1024K, 31 young (31744K), 1 survivors (1024K)
 Metaspace       used 10670K, capacity 10889K, committed 11008K, reserved 1058816K
  class space    used 1105K, capacity 1164K, committed 1280K, reserved 1048576K
}
Event: 1.189 GC heap after
{Heap after GC invocations=3 (full 0):
 garbage-first heap   total 196608K, used 13248K [0x00000000a0000000, 0x0000000100000000)
  region size 1024K, 4 young (4096K), 4 survivors (4096K)
 Metaspace       used 10670K, capacity 10889K, committed 11008K, reserved 1058816K
  class space    used 1105K, capacity 1164K, committed 1280K, reserved 1048576K
}
Event: 2.890 GC heap before
{Heap before GC invocations=3 (full 0):
 garbage-first heap   total 196608K, used 57280K [0x00000000a0000000, 0x0000000100000000)
  region size 1024K, 47 young (48128K), 4 survivors (4096K)
 Metaspace       used 19064K, capacity 19519K, committed 19712K, reserved 1067008K
  class space    used 2304K, capacity 2467K, committed 2560K, reserved 1048576K
}
Event: 2.897 GC heap after
{Heap after GC invocations=4 (full 0):
 garbage-first heap   total 196608K, used 16203K [0x00000000a0000000, 0x0000000100000000)
  region size 1024K, 3 young (3072K), 3 survivors (3072K)
 Metaspace       used 19064K, capacity 19519K, committed 19712K, reserved 1067008K
  class space    used 2304K, capacity 2467K, committed 2560K, reserved 1048576K
}
Event: 3.048 GC heap before
{Heap before GC invocations=4 (full 0):
 garbage-first heap   total 196608K, used 26443K [0x00000000a0000000, 0x0000000100000000)
  region size 1024K, 14 young (14336K), 3 survivors (3072K)
 Metaspace       used 20603K, capacity 21127K, committed 21296K, reserved 1069056K
  class space    used 2516K, capacity 2688K, committed 2688K, reserved 1048576K
}
Event: 3.053 GC heap after
{Heap after GC invocations=5 (full 0):
 garbage-first heap   total 196608K, used 16586K [0x00000000a0000000, 0x0000000100000000)
  region size 1024K, 4 young (4096K), 4 survivors (4096K)
 Metaspace       used 20603K, capacity 21127K, committed 21296K, reserved 1069056K
  class space    used 2516K, capacity 2688K, committed 2688K, reserved 1048576K
}
Event: 3.795 GC heap before
{Heap before GC invocations=6 (full 0):
 garbage-first heap   total 196608K, used 81098K [0x00000000a0000000, 0x0000000100000000)
  region size 1024K, 59 young (60416K), 4 survivors (4096K)
 Metaspace       used 26274K, capacity 27053K, committed 27184K, reserved 1073152K
  class space    used 3430K, capacity 3688K, committed 3712K, reserved 1048576K
}
Event: 3.807 GC heap after
{Heap after GC invocations=7 (full 0):
 garbage-first heap   total 196608K, used 30712K [0x00000000a0000000, 0x0000000100000000)
  region size 1024K, 8 young (8192K), 8 survivors (8192K)
 Metaspace       used 26274K, capacity 27053K, committed 27184K, reserved 1073152K
  class space    used 3430K, capacity 3688K, committed 3712K, reserved 1048576K
}
Event: 4.665 GC heap before
{Heap before GC invocations=7 (full 0):
 garbage-first heap   total 196608K, used 81912K [0x00000000a0000000, 0x0000000100000000)
  region size 1024K, 59 young (60416K), 8 survivors (8192K)
 Metaspace       used 34885K, capacity 35632K, committed 35708K, reserved 1081344K
  class space    used 4524K, capacity 4799K, committed 4812K, reserved 1048576K
}
Event: 4.678 GC heap after
{Heap after GC invocations=8 (full 0):
 garbage-first heap   total 196608K, used 34453K [0x00000000a0000000, 0x0000000100000000)
  region size 1024K, 9 young (9216K), 9 survivors (9216K)
 Metaspace       used 34885K, capacity 35632K, committed 35708K, reserved 1081344K
  class space    used 4524K, capacity 4799K, committed 4812K, reserved 1048576K
}
Event: 5.814 GC heap before
{Heap before GC invocations=9 (full 0):
 garbage-first heap   total 196608K, used 118421K [0x00000000a0000000, 0x0000000100000000)
  region size 1024K, 81 young (82944K), 9 survivors (9216K)
 Metaspace       used 42214K, capacity 43297K, committed 43592K, reserved 1087488K
  class space    used 5328K, capacity 5707K, committed 5784K, reserved 1048576K
}
Event: 5.830 GC heap after
{Heap after GC invocations=10 (full 0):
 garbage-first heap   total 196608K, used 47836K [0x00000000a0000000, 0x0000000100000000)
  region size 1024K, 10 young (10240K), 10 survivors (10240K)
 Metaspace       used 42214K, capacity 43297K, committed 43592K, reserved 1087488K
  class space    used 5328K, capacity 5707K, committed 5784K, reserved 1048576K
}
Event: 6.898 GC heap before
{Heap before GC invocations=10 (full 0):
 garbage-first heap   total 196608K, used 125660K [0x00000000a0000000, 0x0000000100000000)
  region size 1024K, 86 young (88064K), 10 survivors (10240K)
 Metaspace       used 46759K, capacity 48031K, committed 48072K, reserved 1091584K
  class space    used 5991K, capacity 6406K, committed 6424K, reserved 1048576K
}
Event: 6.914 GC heap after
{Heap after GC invocations=11 (full 0):
 garbage-first heap   total 196608K, used 52976K [0x00000000a0000000, 0x0000000100000000)
  region size 1024K, 5 young (5120K), 5 survivors (5120K)
 Metaspace       used 46759K, capacity 48031K, committed 48072K, reserved 1091584K
  class space    used 5991K, capacity 6406K, committed 6424K, reserved 1048576K
}
Event: 8.121 GC heap before
{Heap before GC invocations=11 (full 0):
 garbage-first heap   total 196608K, used 136944K [0x00000000a0000000, 0x0000000100000000)
  region size 1024K, 85 young (87040K), 5 survivors (5120K)
 Metaspace       used 54993K, capacity 56595K, committed 56904K, reserved 1099776K
  class space    used 6993K, capacity 7507K, committed 7576K, reserved 1048576K
}
Event: 8.134 GC heap after
{Heap after GC invocations=12 (full 0):
 garbage-first heap   total 236544K, used 64152K [0x00000000a0000000, 0x0000000100000000)
  region size 1024K, 11 young (11264K), 11 survivors (11264K)
 Metaspace       used 54993K, capacity 56595K, committed 56904K, reserved 1099776K
  class space    used 6993K, capacity 7507K, committed 7576K, reserved 1048576K
}

Deoptimization events (20 events):
Event: 7.353 Thread 0x000001b5be33f800 Uncommon trap: trap_request=0xffffff4d fr.pc=0x000001b5ae0c1ba0 relative=0x0000000000000920
Event: 7.353 Thread 0x000001b5be33f800 Uncommon trap: reason=unstable_if action=reinterpret pc=0x000001b5ae0c1ba0 method=java.io.BufferedInputStream.read([BII)I @ 56 c2
Event: 7.353 Thread 0x000001b5be33f800 DEOPT PACKING pc=0x000001b5ae0c1ba0 sp=0x00000067a7ef7550
Event: 7.353 Thread 0x000001b5be33f800 DEOPT UNPACKING pc=0x000001b5a64f74af sp=0x00000067a7ef7508 mode 2
Event: 7.354 Thread 0x000001b5be33f800 Uncommon trap: trap_request=0xffffff4d fr.pc=0x000001b5adff4c74 relative=0x0000000000000054
Event: 7.354 Thread 0x000001b5be33f800 Uncommon trap: reason=unstable_if action=reinterpret pc=0x000001b5adff4c74 method=java.util.regex.Pattern.has(I)Z @ 6 c2
Event: 7.354 Thread 0x000001b5be33f800 DEOPT PACKING pc=0x000001b5adff4c74 sp=0x00000067a7ef65e0
Event: 7.354 Thread 0x000001b5be33f800 DEOPT UNPACKING pc=0x000001b5a64f74af sp=0x00000067a7ef6570 mode 2
Event: 7.369 Thread 0x000001b5be33f800 Uncommon trap: trap_request=0xffffff45 fr.pc=0x000001b5ae109424 relative=0x0000000000000d64
Event: 7.369 Thread 0x000001b5be33f800 Uncommon trap: reason=unstable_fused_if action=reinterpret pc=0x000001b5ae109424 method=org.objectweb.asm.ByteVector.putUTF8(Ljava/lang/String;)Lorg/objectweb/asm/ByteVector; @ 93 c2
Event: 7.369 Thread 0x000001b5be33f800 DEOPT PACKING pc=0x000001b5ae109424 sp=0x00000067a7ef80f0
Event: 7.369 Thread 0x000001b5be33f800 DEOPT UNPACKING pc=0x000001b5a64f74af sp=0x00000067a7ef8048 mode 2
Event: 7.413 Thread 0x000001b5be33f800 Uncommon trap: trap_request=0xffffff45 fr.pc=0x000001b5ae0acfec relative=0x000000000000020c
Event: 7.413 Thread 0x000001b5be33f800 Uncommon trap: reason=unstable_fused_if action=reinterpret pc=0x000001b5ae0acfec method=org.objectweb.asm.ByteVector.putUTF8(Ljava/lang/String;)Lorg/objectweb/asm/ByteVector; @ 93 c2
Event: 7.413 Thread 0x000001b5be33f800 DEOPT PACKING pc=0x000001b5ae0acfec sp=0x00000067a7ef8050
Event: 7.413 Thread 0x000001b5be33f800 DEOPT UNPACKING pc=0x000001b5a64f74af sp=0x00000067a7ef7fd0 mode 2
Event: 8.048 Thread 0x000001b5be33f800 Uncommon trap: trap_request=0xffffffde fr.pc=0x000001b5ae10615c relative=0x00000000000014bc
Event: 8.048 Thread 0x000001b5be33f800 Uncommon trap: reason=class_check action=maybe_recompile pc=0x000001b5ae10615c method=jdk.internal.loader.BuiltinClassLoader.loadClassOrNull(Ljava/lang/String;Z)Ljava/lang/Class; @ 86 c2
Event: 8.048 Thread 0x000001b5be33f800 DEOPT PACKING pc=0x000001b5ae10615c sp=0x00000067a7ef6310
Event: 8.048 Thread 0x000001b5be33f800 DEOPT UNPACKING pc=0x000001b5a64f74af sp=0x00000067a7ef6278 mode 2

Classes redefined (0 events):
No events

Internal exceptions (20 events):
Event: 7.177 Thread 0x000001b5be33f800 Exception <a 'java/lang/ClassNotFoundException'{0x00000000aaa2a7f8}: org/gradle/api/internal/artifacts/repositories/DefaultMavenArtifactRepository_DecoratedCustomizer> (0x00000000aaa2a7f8) thrown at [./src/hotspot/share/classfile/systemDictionary.cpp, line 231]
Event: 7.207 Thread 0x000001b5be33f800 Exception <a 'java/lang/ClassNotFoundException'{0x00000000aa8285c0}: org/gradle/api/tasks/Delete_DecoratedBeanInfo> (0x00000000aa8285c0) thrown at [./src/hotspot/share/classfile/systemDictionary.cpp, line 231]
Event: 7.207 Thread 0x000001b5be33f800 Exception <a 'java/lang/ClassNotFoundException'{0x00000000aa84b310}: org/gradle/api/tasks/DeleteBeanInfo> (0x00000000aa84b310) thrown at [./src/hotspot/share/classfile/systemDictionary.cpp, line 231]
Event: 7.208 Thread 0x000001b5be33f800 Exception <a 'java/lang/ClassNotFoundException'{0x00000000aa870370}: org/gradle/api/internal/ConventionTaskBeanInfo> (0x00000000aa870370) thrown at [./src/hotspot/share/classfile/systemDictionary.cpp, line 231]
Event: 7.209 Thread 0x000001b5be33f800 Exception <a 'java/lang/ClassNotFoundException'{0x00000000aa892e68}: org/gradle/api/DefaultTaskBeanInfo> (0x00000000aa892e68) thrown at [./src/hotspot/share/classfile/systemDictionary.cpp, line 231]
Event: 7.209 Thread 0x000001b5be33f800 Exception <a 'java/lang/ClassNotFoundException'{0x00000000aa8b8c38}: org/gradle/api/internal/AbstractTaskBeanInfo> (0x00000000aa8b8c38) thrown at [./src/hotspot/share/classfile/systemDictionary.cpp, line 231]
Event: 7.210 Thread 0x000001b5be33f800 Exception <a 'java/lang/ClassNotFoundException'{0x00000000aa8de710}: org/gradle/api/internal/AbstractTaskCustomizer> (0x00000000aa8de710) thrown at [./src/hotspot/share/classfile/systemDictionary.cpp, line 231]
Event: 7.215 Thread 0x000001b5be33f800 Exception <a 'java/lang/ClassNotFoundException'{0x00000000aa743a98}: org/gradle/api/DefaultTaskCustomizer> (0x00000000aa743a98) thrown at [./src/hotspot/share/classfile/systemDictionary.cpp, line 231]
Event: 7.218 Thread 0x000001b5be33f800 Exception <a 'java/lang/ClassNotFoundException'{0x00000000aa7bddb8}: org/gradle/api/internal/ConventionTaskCustomizer> (0x00000000aa7bddb8) thrown at [./src/hotspot/share/classfile/systemDictionary.cpp, line 231]
Event: 7.219 Thread 0x000001b5be33f800 Exception <a 'java/lang/ClassNotFoundException'{0x00000000aa7ef620}: org/gradle/api/tasks/DeleteCustomizer> (0x00000000aa7ef620) thrown at [./src/hotspot/share/classfile/systemDictionary.cpp, line 231]
Event: 7.221 Thread 0x000001b5be33f800 Exception <a 'java/lang/ClassNotFoundException'{0x00000000aa627c78}: org/gradle/api/tasks/Delete_DecoratedCustomizer> (0x00000000aa627c78) thrown at [./src/hotspot/share/classfile/systemDictionary.cpp, line 231]
Event: 7.252 Thread 0x000001b5be33f800 Exception <a 'java/lang/ClassNotFoundException'{0x00000000aa55abf8}: build_2sgmkjbpr8vq4yp2dwc9n4cmeBeanInfo> (0x00000000aa55abf8) thrown at [./src/hotspot/share/classfile/systemDictionary.cpp, line 231]
Event: 7.252 Thread 0x000001b5be33f800 Exception <a 'java/lang/ClassNotFoundException'{0x00000000aa563a00}: build_2sgmkjbpr8vq4yp2dwc9n4cmeCustomizer> (0x00000000aa563a00) thrown at [./src/hotspot/share/classfile/systemDictionary.cpp, line 231]
Event: 7.371 Thread 0x000001b5be33f800 Exception <a 'java/lang/NoSuchMethodError'{0x00000000a9b1a808}: 'java.lang.Object java.lang.invoke.DirectMethodHandle$Holder.invokeStatic(java.lang.Object, java.lang.Object, java.lang.Object, java.lang.Object, int)'> (0x00000000a9b1a808) thrown at [./src/hotspot/share/interpreter/linkResolver.cpp, line 773]
Event: 7.371 Thread 0x000001b5be33f800 Exception <a 'java/lang/NoSuchMethodError'{0x00000000a9b1f200}: 'java.lang.Object java.lang.invoke.DirectMethodHandle$Holder.invokeSpecial(java.lang.Object, java.lang.Object, java.lang.Object, java.lang.Object, java.lang.Object, int)'> (0x00000000a9b1f200) thrown at [./src/hotspot/share/interpreter/linkResolver.cpp, line 773]
Event: 7.371 Thread 0x000001b5be33f800 Exception <a 'java/lang/NoSuchMethodError'{0x00000000a9b23840}: 'java.lang.Object java.lang.invoke.Invokers$Holder.linkToTargetMethod(java.lang.Object, java.lang.Object, java.lang.Object, int, java.lang.Object)'> (0x00000000a9b23840) thrown at [./src/hotspot/share/interpreter/linkResolver.cpp, line 773]
Event: 7.663 Thread 0x000001b5be33f800 Exception <a 'java/lang/NoSuchMethodError'{0x00000000a88fd718}: 'java.lang.Object java.lang.invoke.DirectMethodHandle$Holder.invokeSpecial(java.lang.Object, java.lang.Object, int, int, java.lang.Object, java.lang.Object, java.lang.Object)'> (0x00000000a88fd718) thrown at [./src/hotspot/share/interpreter/linkResolver.cpp, line 773]
Event: 7.663 Thread 0x000001b5be33f800 Exception <a 'java/lang/NoSuchMethodError'{0x00000000a8702148}: 'java.lang.Object java.lang.invoke.DelegatingMethodHandle$Holder.reinvoke_L(java.lang.Object, int, int, java.lang.Object, java.lang.Object, java.lang.Object)'> (0x00000000a8702148) thrown at [./src/hotspot/share/interpreter/linkResolver.cpp, line 773]
Event: 7.892 Thread 0x000001b5be33f800 Exception <a 'java/lang/NoSuchMethodError'{0x00000000a7bc3318}: 'int java.lang.invoke.DirectMethodHandle$Holder.invokeInterface(java.lang.Object, java.lang.Object, java.lang.Object, java.lang.Object)'> (0x00000000a7bc3318) thrown at [./src/hotspot/share/interpreter/linkResolver.cpp, line 773]
Event: 8.089 Thread 0x000001b5be33f800 Exception <a 'java/lang/NoSuchMethodError'{0x00000000a6dbbd78}: 'void java.lang.invoke.DirectMethodHandle$Holder.invokeInterface(java.lang.Object, java.lang.Object, java.lang.Object, java.lang.Object)'> (0x00000000a6dbbd78) thrown at [./src/hotspot/share/interpreter/linkResolver.cpp, line 773]

Events (20 events):
Event: 8.231 loading class com/sun/jmx/interceptor/MBeanServerInterceptor
Event: 8.231 loading class com/sun/jmx/interceptor/MBeanServerInterceptor done
Event: 8.231 loading class com/sun/jmx/interceptor/DefaultMBeanServerInterceptor done
Event: 8.231 loading class com/sun/jmx/mbeanserver/JmxMBeanServer$2
Event: 8.231 loading class com/sun/jmx/mbeanserver/JmxMBeanServer$2 done
Event: 8.231 loading class com/sun/jmx/mbeanserver/Introspector
Event: 8.232 loading class com/sun/jmx/mbeanserver/Introspector done
Event: 8.232 loading class com/sun/jmx/defaults/JmxProperties
Event: 8.232 loading class com/sun/jmx/defaults/JmxProperties done
Event: 8.233 loading class java/lang/System$Logger$Level
Event: 8.233 loading class java/lang/System$Logger$Level done
Event: 8.233 loading class com/sun/jmx/mbeanserver/DynamicMBean2
Event: 8.233 loading class com/sun/jmx/mbeanserver/DynamicMBean2 done
Event: 8.233 loading class com/sun/jmx/interceptor/DefaultMBeanServerInterceptor$ResourceContext
Event: 8.233 loading class com/sun/jmx/mbeanserver/Repository$RegistrationContext
Event: 8.233 loading class com/sun/jmx/mbeanserver/Repository$RegistrationContext done
Event: 8.233 loading class com/sun/jmx/interceptor/DefaultMBeanServerInterceptor$ResourceContext done
Event: 8.233 loading class com/sun/jmx/interceptor/DefaultMBeanServerInterceptor$ResourceContext$1
Event: 8.234 loading class com/sun/jmx/interceptor/DefaultMBeanServerInterceptor$ResourceContext$1 done
Event: 8.234 loading class com/sun/jmx/mbeanserver/NamedObject


Dynamic libraries:
0x00007ff7dfc90000 - 0x00007ff7dfc9a000 	D:\Program Files\Android\Android Studio\jre\bin\java.exe
0x00007ff966a20000 - 0x00007ff966c27000 	C:\WINDOWS\SYSTEM32\ntdll.dll
0x00007ff9653e0000 - 0x00007ff96549d000 	C:\WINDOWS\System32\KERNEL32.DLL
0x00007ff964090000 - 0x00007ff964404000 	C:\WINDOWS\System32\KERNELBASE.dll
0x00007ff961130000 - 0x00007ff9611c1000 	C:\WINDOWS\SYSTEM32\apphelp.dll
0x00007ff964490000 - 0x00007ff9645a1000 	C:\WINDOWS\System32\ucrtbase.dll
0x00007ff93ab10000 - 0x00007ff93ab27000 	D:\Program Files\Android\Android Studio\jre\bin\VCRUNTIME140.dll
0x00007ff94eda0000 - 0x00007ff94edb9000 	D:\Program Files\Android\Android Studio\jre\bin\jli.dll
0x00007ff966800000 - 0x00007ff9669ac000 	C:\WINDOWS\System32\USER32.dll
0x00007ff94ca30000 - 0x00007ff94ccd5000 	C:\WINDOWS\WinSxS\amd64_microsoft.windows.common-controls_6595b64144ccf1df_6.0.22000.120_none_9d947278b86cc467\COMCTL32.dll
0x00007ff963fc0000 - 0x00007ff963fe6000 	C:\WINDOWS\System32\win32u.dll
0x00007ff965e70000 - 0x00007ff965f13000 	C:\WINDOWS\System32\msvcrt.dll
0x00007ff9669b0000 - 0x00007ff9669d9000 	C:\WINDOWS\System32\GDI32.dll
0x00007ff964620000 - 0x00007ff964732000 	C:\WINDOWS\System32\gdi32full.dll
0x00007ff963ff0000 - 0x00007ff96408d000 	C:\WINDOWS\System32\msvcp_win.dll
0x00007ff9654a0000 - 0x00007ff9654d1000 	C:\WINDOWS\System32\IMM32.DLL
0x00007ff93a890000 - 0x00007ff93a92d000 	D:\Program Files\Android\Android Studio\jre\bin\msvcp140.dll
0x00007ff8f9520000 - 0x00007ff8f9fdc000 	D:\Program Files\Android\Android Studio\jre\bin\server\jvm.dll
0x00007ff965fa0000 - 0x00007ff96604c000 	C:\WINDOWS\System32\ADVAPI32.dll
0x00007ff964c40000 - 0x00007ff964cdd000 	C:\WINDOWS\System32\sechost.dll
0x00007ff9654f0000 - 0x00007ff965611000 	C:\WINDOWS\System32\RPCRT4.dll
0x00007ff964df0000 - 0x00007ff964df8000 	C:\WINDOWS\System32\PSAPI.DLL
0x00007ff95ec50000 - 0x00007ff95ec83000 	C:\WINDOWS\SYSTEM32\WINMM.dll
0x00007ff95ce10000 - 0x00007ff95ce1a000 	C:\WINDOWS\SYSTEM32\VERSION.dll
0x00007ff93dcf0000 - 0x00007ff93dcf9000 	C:\WINDOWS\SYSTEM32\WSOCK32.dll
0x00007ff964bd0000 - 0x00007ff964c3f000 	C:\WINDOWS\System32\WS2_32.dll
0x00007ff962ff0000 - 0x00007ff963008000 	C:\WINDOWS\SYSTEM32\kernel.appcore.dll
0x00007ff953300000 - 0x00007ff953311000 	D:\Program Files\Android\Android Studio\jre\bin\verify.dll
0x00007ff961cb0000 - 0x00007ff961ed1000 	C:\WINDOWS\SYSTEM32\DBGHELP.DLL
0x00007ff953fa0000 - 0x00007ff953fd1000 	C:\WINDOWS\SYSTEM32\dbgcore.DLL
0x00007ff964410000 - 0x00007ff964490000 	C:\WINDOWS\System32\bcryptPrimitives.dll
0x00007ff952e70000 - 0x00007ff952e99000 	D:\Program Files\Android\Android Studio\jre\bin\java.dll
0x00007ff960170000 - 0x00007ff96017b000 	D:\Program Files\Android\Android Studio\jre\bin\jimage.dll
0x00007ff93ec20000 - 0x00007ff93ec38000 	D:\Program Files\Android\Android Studio\jre\bin\zip.dll
0x00007ff966050000 - 0x00007ff9667f9000 	C:\WINDOWS\System32\SHELL32.dll
0x00007ff962070000 - 0x00007ff9628d2000 	C:\WINDOWS\SYSTEM32\windows.storage.dll
0x00007ff964f50000 - 0x00007ff9652c8000 	C:\WINDOWS\System32\combase.dll
0x00007ff961f00000 - 0x00007ff962066000 	C:\WINDOWS\SYSTEM32\wintypes.dll
0x00007ff964920000 - 0x00007ff964a0a000 	C:\WINDOWS\System32\SHCORE.dll
0x00007ff964d70000 - 0x00007ff964dcd000 	C:\WINDOWS\System32\shlwapi.dll
0x00007ff963e30000 - 0x00007ff963e51000 	C:\WINDOWS\SYSTEM32\profapi.dll
0x00007ff93dee0000 - 0x00007ff93defa000 	D:\Program Files\Android\Android Studio\jre\bin\net.dll
0x00007ff95dab0000 - 0x00007ff95dbbc000 	C:\WINDOWS\SYSTEM32\WINHTTP.dll
0x00007ff9633f0000 - 0x00007ff963457000 	C:\WINDOWS\system32\mswsock.dll
0x00007ff93dec0000 - 0x00007ff93ded4000 	D:\Program Files\Android\Android Studio\jre\bin\nio.dll
0x00007ff95be90000 - 0x00007ff95beb7000 	C:\Users\Bhanuka kamantha\.gradle\native\fdc75f09e3144964f2cf3f50f0aa648679c211496f362492102eb8c894070792\windows-amd64\native-platform.dll
0x00007ff936fa0000 - 0x00007ff937136000 	C:\Users\Bhanuka kamantha\.gradle\native\12488b8bf47d2d4c9fbf2f6322a914ad602e24e48041cd04a747c6da556b65c4\windows-amd64\native-platform-file-events.dll
0x00007ff960d30000 - 0x00007ff960d3a000 	D:\Program Files\Android\Android Studio\jre\bin\management.dll
0x00007ff960d20000 - 0x00007ff960d2c000 	D:\Program Files\Android\Android Studio\jre\bin\management_ext.dll
0x00007ff9636c0000 - 0x00007ff9636d8000 	C:\WINDOWS\SYSTEM32\CRYPTSP.dll
0x00007ff962f50000 - 0x00007ff962f85000 	C:\WINDOWS\system32\rsaenh.dll
0x00007ff963490000 - 0x00007ff9634b9000 	C:\WINDOWS\SYSTEM32\USERENV.dll
0x00007ff963800000 - 0x00007ff963827000 	C:\WINDOWS\SYSTEM32\bcrypt.dll
0x00007ff9635e0000 - 0x00007ff9635ec000 	C:\WINDOWS\SYSTEM32\CRYPTBASE.dll
0x00007ff962b30000 - 0x00007ff962b5d000 	C:\WINDOWS\SYSTEM32\IPHLPAPI.DLL
0x00007ff964e00000 - 0x00007ff964e09000 	C:\WINDOWS\System32\NSI.dll
0x00007ff95d290000 - 0x00007ff95d2a9000 	C:\WINDOWS\SYSTEM32\dhcpcsvc6.DLL
0x00007ff95e130000 - 0x00007ff95e14e000 	C:\WINDOWS\SYSTEM32\dhcpcsvc.DLL
0x00007ff962ba0000 - 0x00007ff962c87000 	C:\WINDOWS\SYSTEM32\DNSAPI.dll
0x00007ff95c940000 - 0x00007ff95c94c000 	C:\WINDOWS\SYSTEM32\WINNSI.DLL

dbghelp: loaded successfully - version: 4.0.5 - missing functions: none
symbol engine: initialized successfully - sym options: 0x614 - pdb path: .;D:\Program Files\Android\Android Studio\jre\bin;C:\WINDOWS\SYSTEM32;C:\WINDOWS\WinSxS\amd64_microsoft.windows.common-controls_6595b64144ccf1df_6.0.22000.120_none_9d947278b86cc467;D:\Program Files\Android\Android Studio\jre\bin\server;C:\Users\Bhanuka kamantha\.gradle\native\fdc75f09e3144964f2cf3f50f0aa648679c211496f362492102eb8c894070792\windows-amd64;C:\Users\Bhanuka kamantha\.gradle\native\12488b8bf47d2d4c9fbf2f6322a914ad602e24e48041cd04a747c6da556b65c4\windows-amd64

VM Arguments:
jvm_args: --add-opens=java.base/java.util=ALL-UNNAMED --add-opens=java.base/java.lang=ALL-UNNAMED --add-opens=java.base/java.lang.invoke=ALL-UNNAMED --add-opens=java.prefs/java.util.prefs=ALL-UNNAMED -Xmx1536m -Dfile.encoding=windows-1252 -Duser.country=US -Duser.language=en -Duser.variant 
java_command: org.gradle.launcher.daemon.bootstrap.GradleDaemon 6.7.1
java_class_path (initial): C:\Users\Bhanuka kamantha\.gradle\wrapper\dists\gradle-6.7.1-bin\bwlcbys1h7rz3272sye1xwiv6\gradle-6.7.1\lib\gradle-launcher-6.7.1.jar
Launcher Type: SUN_STANDARD

[Global flags]
     intx CICompilerCount                          = 3                                         {product} {ergonomic}
     uint ConcGCThreads                            = 1                                         {product} {ergonomic}
     uint G1ConcRefinementThreads                  = 4                                         {product} {ergonomic}
   size_t G1HeapRegionSize                         = 1048576                                   {product} {ergonomic}
    uintx GCDrainStackTargetSize                   = 64                                        {product} {ergonomic}
   size_t InitialHeapSize                          = 201326592                                 {product} {ergonomic}
   size_t MarkStackSize                            = 4194304                                   {product} {ergonomic}
   size_t MaxHeapSize                              = 1610612736                                {product} {command line}
   size_t MaxNewSize                               = 965738496                                 {product} {ergonomic}
   size_t MinHeapDeltaBytes                        = 1048576                                   {product} {ergonomic}
    uintx NonNMethodCodeHeapSize                   = 5830732                                {pd product} {ergonomic}
    uintx NonProfiledCodeHeapSize                  = 122913754                              {pd product} {ergonomic}
    uintx ProfiledCodeHeapSize                     = 122913754                              {pd product} {ergonomic}
    uintx ReservedCodeCacheSize                    = 251658240                              {pd product} {ergonomic}
     bool SegmentedCodeCache                       = true                                      {product} {ergonomic}
     bool UseCompressedClassPointers               = true                                 {lp64_product} {ergonomic}
     bool UseCompressedOops                        = true                                 {lp64_product} {ergonomic}
     bool UseG1GC                                  = true                                      {product} {ergonomic}
     bool UseLargePagesIndividualAllocation        = false                                  {pd product} {ergonomic}

Logging:
Log output configuration:
 #0: stdout all=warning uptime,level,tags
 #1: stderr all=off uptime,level,tags

Environment Variables:
JAVA_HOME=D:\Program Files\Java\jdk-16.0.1
PATH=C:\Program Files\Common Files\Oracle\Java\javapath;C:\python\Scripts\;C:\python\;C:\WINDOWS\system32;C:\WINDOWS;C:\WINDOWS\System32\Wbem;C:\WINDOWS\System32\WindowsPowerShell\v1.0\;C:\WINDOWS\System32\OpenSSH\;C:\Program Files\nodejs\;C:\ProgramData\chocolatey\bin;D:\Program Files\Polyspace\R2021a\runtime\win64;D:\Program Files\Polyspace\R2021a\bin;D:\Program Files\Polyspace\R2021a\polyspace\bin;D:\Program Files\Java\jdk-16.0.1\bin;C:\Program Files\Git\cmd;C:\Program Files\PowerShell\7\;C:\MinGW\bin;C:\python\Python38\Scripts\;C:\python\Python38\;C:\Users\Bhanuka kamantha\AppData\Local\Microsoft\WindowsApps;;C:\Users\Bhanuka kamantha\AppData\Local\Programs\Microsoft VS Code\bin;C:\Users\Bhanuka kamantha\AppData\Roaming\npm;C:\Program Files\heroku\bin
USERNAME=Bhanuka kamantha
OS=Windows_NT
PROCESSOR_IDENTIFIER=Intel64 Family 6 Model 142 Stepping 10, GenuineIntel



---------------  S Y S T E M  ---------------

OS: Windows 10 , 64 bit Build 22000 (10.0.22000.120)
OS uptime: 0 days 22:38 hours
HyperV virtualization detected

CPU:total 4 (initial active 4) (2 cores per cpu, 2 threads per core) family 6 model 142 stepping 10, cmov, cx8, fxsr, mmx, sse, sse2, sse3, ssse3, sse4.1, sse4.2, popcnt, avx, avx2, aes, clmul, erms, 3dnowpref, lzcnt, ht, tsc, tscinvbit, bmi1, bmi2, adx, fma

Memory: 4k page, system-wide physical 12197M (2323M free)
TotalPageFile size 15197M (AvailPageFile size 5M)
current process WorkingSet (physical memory assigned to process): 347M, peak: 347M
current process commit charge ("private bytes"): 457M, peak: 457M

vm_info: OpenJDK 64-Bit Server VM (11.0.8+10-b944.6842174) for windows-amd64 JRE (11.0.8+10-b944.6842174), built on Sep 19 2020 01:11:42 by "builder" with MS VC++ 14.0 (VS2015)

END.
